\BOOKMARK [0][-]{chapter.1}{\376\377\000I\000n\000t\000r\000o\000d\000u\000c\000c\000i\000\363\000n}{}% 1
\BOOKMARK [1][-]{section.1.1}{\376\377\000P\000r\000e\000s\000e\000n\000t\000a\000c\000i\000\363\000n}{chapter.1}% 2
\BOOKMARK [1][-]{section.1.2}{\376\377\000O\000r\000g\000a\000n\000i\000z\000a\000c\000i\000\363\000n\000\040\000d\000e\000l\000\040\000c\000o\000n\000t\000e\000n\000i\000d\000o}{chapter.1}% 3
\BOOKMARK [1][-]{section.1.3}{\376\377\000N\000o\000t\000a\000c\000i\000\363\000n\000,\000\040\000s\000\355\000m\000b\000o\000l\000o\000s\000\040\000y\000\040\000c\000o\000n\000v\000e\000n\000c\000i\000o\000n\000e\000s\000\040\000u\000t\000i\000l\000i\000z\000a\000d\000a\000s}{chapter.1}% 4
\BOOKMARK [0][-]{chapter.2}{\376\377\000M\000o\000d\000e\000l\000o\000\040\000d\000e\000l\000\040\000A\000l\000c\000a\000n\000c\000e}{}% 5
\BOOKMARK [1][-]{section.2.1}{\376\377\000M\000o\000d\000e\000l\000a\000d\000o\000\040\000d\000e\000\040\000U\000s\000u\000a\000r\000i\000o\000s}{chapter.2}% 6
\BOOKMARK [2][-]{subsection.2.1.1}{\376\377\000O\000r\000g\000a\000n\000i\000g\000r\000a\000m\000a\000\040\000d\000e\000\040\000l\000a\000\040\000E\000m\000p\000r\000e\000s\000a}{section.2.1}% 7
\BOOKMARK [2][-]{subsection.2.1.2}{\376\377\000G\000e\000r\000e\000n\000t\000e\000\040\000d\000e\000\040\000V\000e\000n\000t\000a\000s}{section.2.1}% 8
\BOOKMARK [2][-]{subsection.2.1.3}{\376\377\000A\000g\000e\000n\000t\000e\000\040\000d\000e\000\040\000V\000e\000n\000t\000a\000s}{section.2.1}% 9
\BOOKMARK [1][-]{section.2.2}{\376\377\000R\000e\000q\000u\000e\000r\000i\000m\000i\000e\000n\000t\000o\000s\000\040\000d\000e\000\040\000u\000s\000u\000a\000r\000i\000o}{chapter.2}% 10
\BOOKMARK [1][-]{section.2.3}{\376\377\000E\000s\000p\000e\000c\000i\000f\000i\000c\000a\000c\000i\000\363\000n\000\040\000d\000e\000\040\000p\000l\000a\000t\000a\000f\000o\000r\000m\000a}{chapter.2}% 11
\BOOKMARK [0][-]{chapter.3}{\376\377\000M\000o\000d\000e\000l\000o\000\040\000d\000e\000l\000\040\000N\000e\000g\000o\000c\000i\000o}{}% 12
\BOOKMARK [1][-]{section.3.1}{\376\377\000C\000o\000n\000t\000e\000x\000t\000o}{chapter.3}% 13
\BOOKMARK [1][-]{section.3.2}{\376\377\000T\000\351\000r\000m\000i\000n\000o\000s\000\040\000d\000e\000l\000\040\000N\000e\000g\000o\000c\000i\000o}{chapter.3}% 14
\BOOKMARK [1][-]{section.3.3}{\376\377\000M\000o\000d\000e\000l\000o\000\040\000d\000e\000l\000\040\000d\000o\000m\000i\000n\000i\000o\000\040\000d\000e\000l\000\040\000p\000r\000o\000b\000l\000e\000m\000a}{chapter.3}% 15
\BOOKMARK [2][-]{subsection.3.3.1}{\376\377\000M\000o\000d\000e\000l\000o\000\040\000d\000e\000l\000\040\000d\000o\000m\000i\000n\000i\000o\000\040\000d\000e\000l\000\040\000p\000r\000o\000b\000l\000e\000m\000a}{section.3.3}% 16
\BOOKMARK [2][-]{subsection.3.3.2}{\376\377\000E\000n\000t\000i\000d\000a\000d\000:\000\040\000A\000l\000u\000m\000n\000o}{section.3.3}% 17
\BOOKMARK [2][-]{subsection.3.3.3}{\376\377\000E\000n\000t\000i\000d\000a\000d\000:\000\040\000A\000l\000u\000m\000n\000o\000\040\000E\000x\000t\000r\000a\000n\000j\000e\000r\000o}{section.3.3}% 18
\BOOKMARK [1][-]{section.3.4}{\376\377\000M\000o\000d\000e\000l\000a\000d\000o\000\040\000d\000e\000\040\000R\000e\000g\000l\000a\000s\000\040\000d\000e\000\040\000n\000e\000g\000o\000c\000i\000o}{chapter.3}% 19
\BOOKMARK [1][-]{section.3.5}{\376\377\000M\000o\000d\000e\000l\000o\000\040\000d\000e\000\040\000P\000r\000o\000c\000e\000s\000o\000s\000\040\000A\000S\000-\000I\000S}{chapter.3}% 20
\BOOKMARK [2][-]{subsection.3.5.1}{\376\377\000P\000R\000O\000C\000-\0000\0001\000\040\000A\000n\000\341\000l\000i\000s\000i\000s\000\040\000d\000e\000\040\000r\000e\000q\000u\000e\000r\000i\000m\000i\000e\000n\000t\000o\000s}{section.3.5}% 21
\BOOKMARK [2][-]{subsection.3.5.2}{\376\377\000P\000R\000O\000C\000-\0000\0002\000\040\000.\000.\000.}{section.3.5}% 22
\BOOKMARK [1][-]{section.3.6}{\376\377\000M\000o\000d\000e\000l\000o\000\040\000d\000e\000\040\000p\000r\000o\000c\000e\000s\000o\000s\000\040\000T\000O\000-\000B\000E}{chapter.3}% 23
\BOOKMARK [2][-]{subsection.3.6.1}{\376\377\000P\000R\000O\000C\000M\000-\0000\0001\000\040\000.\000.\000.}{section.3.6}% 24
\BOOKMARK [0][-]{chapter.4}{\376\377\000M\000o\000d\000e\000l\000o\000\040\000d\000i\000n\000\341\000m\000i\000c\000o}{}% 25
\BOOKMARK [1][-]{section.4.1}{\376\377\000D\000e\000s\000c\000r\000i\000p\000c\000i\000\363\000n\000\040\000d\000e\000\040\000a\000c\000t\000o\000r\000e\000s}{chapter.4}% 26
\BOOKMARK [2][-]{subsection.4.1.1}{\376\377\000A\000l\000u\000m\000n\000o}{section.4.1}% 27
\BOOKMARK [2][-]{subsection.4.1.2}{\376\377\000P\000e\000r\000s\000o\000n\000a\000l\000\040\000d\000e\000\040\000s\000e\000g\000u\000r\000i\000d\000a\000d}{section.4.1}% 28
\BOOKMARK [2][-]{subsection.4.1.3}{\376\377\000D\000o\000c\000e\000n\000t\000e\000\040\000a\000p\000l\000i\000c\000a\000d\000o\000r}{section.4.1}% 29
\BOOKMARK [1][-]{section.4.2}{\376\377\000C\000U\0000\0001\000\040\000I\000n\000i\000c\000i\000a\000r\000\040\000s\000e\000s\000i\000\363\000n\000\040\000d\000e\000\040\000p\000e\000r\000s\000o\000n\000a\000l\000\040\000e\000s\000c\000o\000l\000a\000r\000\040\000m\000\363\000v\000i\000l}{chapter.4}% 30
\BOOKMARK [2][-]{subsection.4.2.1}{\376\377\000D\000e\000s\000c\000r\000i\000p\000c\000i\000\363\000n\000\040\000c\000o\000m\000p\000l\000e\000t\000a}{section.4.2}% 31
\BOOKMARK [2][-]{subsection.4.2.2}{\376\377\000A\000t\000r\000i\000b\000u\000t\000o\000s\000\040\000i\000m\000p\000o\000r\000t\000a\000n\000t\000e\000s}{section.4.2}% 32
\BOOKMARK [2][-]{subsection.4.2.3}{\376\377\000T\000r\000a\000y\000e\000c\000t\000o\000r\000i\000a\000s\000\040\000d\000e\000l\000\040\000C\000a\000s\000o\000\040\000d\000e\000\040\000U\000s\000o}{section.4.2}% 33
\BOOKMARK [1][-]{section.4.3}{\376\377\000C\000U\0000\0002\000\040\000C\000o\000n\000s\000u\000l\000t\000a\000r\000\040\000c\000a\000l\000e\000n\000d\000a\000r\000i\000o\000\040\000e\000s\000c\000o\000l\000a\000r}{chapter.4}% 34
\BOOKMARK [2][-]{subsection.4.3.1}{\376\377\000D\000e\000s\000c\000r\000i\000p\000c\000i\000\363\000n\000\040\000c\000o\000m\000p\000l\000e\000t\000a}{section.4.3}% 35
\BOOKMARK [2][-]{subsection.4.3.2}{\376\377\000A\000t\000r\000i\000b\000u\000t\000o\000s\000\040\000i\000m\000p\000o\000r\000t\000a\000n\000t\000e\000s}{section.4.3}% 36
\BOOKMARK [2][-]{subsection.4.3.3}{\376\377\000T\000r\000a\000y\000e\000c\000t\000o\000r\000i\000a\000s\000\040\000d\000e\000l\000\040\000C\000a\000s\000o\000\040\000d\000e\000\040\000U\000s\000o}{section.4.3}% 37
\BOOKMARK [1][-]{section.4.4}{\376\377\000C\000U\0000\0003\000\040\000C\000o\000n\000s\000u\000l\000t\000a\000r\000\040\000n\000o\000t\000i\000f\000i\000c\000a\000c\000i\000o\000n\000e\000s}{chapter.4}% 38
\BOOKMARK [2][-]{subsection.4.4.1}{\376\377\000D\000e\000s\000c\000r\000i\000p\000c\000i\000\363\000n\000\040\000c\000o\000m\000p\000l\000e\000t\000a}{section.4.4}% 39
\BOOKMARK [2][-]{subsection.4.4.2}{\376\377\000A\000t\000r\000i\000b\000u\000t\000o\000s\000\040\000i\000m\000p\000o\000r\000t\000a\000n\000t\000e\000s}{section.4.4}% 40
\BOOKMARK [2][-]{subsection.4.4.3}{\376\377\000T\000r\000a\000y\000e\000c\000t\000o\000r\000i\000a\000s\000\040\000d\000e\000l\000\040\000C\000a\000s\000o\000\040\000d\000e\000\040\000U\000s\000o}{section.4.4}% 41
\BOOKMARK [1][-]{section.4.5}{\376\377\000C\000U\000-\0000\0004\000\040\000C\000o\000n\000s\000u\000l\000t\000a\000r\000\040\000p\000e\000r\000i\000o\000d\000o\000s\000\040\000d\000e\000\040\000E\000T\000S\000\040\000a\000s\000i\000g\000n\000a\000d\000o\000s\000\040\000a\000l\000\040\000d\000o\000c\000e\000n\000t\000e}{chapter.4}% 42
\BOOKMARK [2][-]{subsection.4.5.1}{\376\377\000D\000e\000s\000c\000r\000i\000p\000c\000i\000\363\000n\000\040\000c\000o\000m\000p\000l\000e\000t\000a}{section.4.5}% 43
\BOOKMARK [2][-]{subsection.4.5.2}{\376\377\000A\000t\000r\000i\000b\000u\000t\000o\000s\000\040\000i\000m\000p\000o\000r\000t\000a\000n\000t\000e\000s}{section.4.5}% 44
\BOOKMARK [2][-]{subsection.4.5.3}{\376\377\000T\000r\000a\000y\000e\000c\000t\000o\000r\000i\000a\000s\000\040\000d\000e\000l\000\040\000C\000a\000s\000o\000\040\000d\000e\000\040\000U\000s\000o}{section.4.5}% 45
\BOOKMARK [1][-]{section.4.6}{\376\377\000C\000U\000-\0000\0005\000\040\000C\000o\000n\000s\000u\000l\000t\000a\000r\000\040\000E\000T\000S\000\040\000a\000s\000i\000g\000n\000a\000d\000o\000s}{chapter.4}% 46
\BOOKMARK [2][-]{subsection.4.6.1}{\376\377\000D\000e\000s\000c\000r\000i\000p\000c\000i\000\363\000n\000\040\000c\000o\000m\000p\000l\000e\000t\000a}{section.4.6}% 47
\BOOKMARK [2][-]{subsection.4.6.2}{\376\377\000A\000t\000r\000i\000b\000u\000t\000o\000s\000\040\000i\000m\000p\000o\000r\000t\000a\000n\000t\000e\000s}{section.4.6}% 48
\BOOKMARK [2][-]{subsection.4.6.3}{\376\377\000T\000r\000a\000y\000e\000c\000t\000o\000r\000i\000a\000s\000\040\000d\000e\000l\000\040\000C\000a\000s\000o\000\040\000d\000e\000\040\000U\000s\000o}{section.4.6}% 49
\BOOKMARK [1][-]{section.4.7}{\376\377\000C\000U\000-\0000\0006\000\040\000M\000o\000s\000t\000r\000a\000r\000\040\000i\000n\000f\000o\000r\000m\000a\000c\000i\000\363\000n\000\040\000d\000e\000\040\000l\000o\000s\000\040\000E\000T\000S\000\040\000a\000s\000i\000g\000n\000a\000d\000o\000s}{chapter.4}% 50
\BOOKMARK [2][-]{subsection.4.7.1}{\376\377\000D\000e\000s\000c\000r\000i\000p\000c\000i\000\363\000n\000\040\000c\000o\000m\000p\000l\000e\000t\000a}{section.4.7}% 51
\BOOKMARK [2][-]{subsection.4.7.2}{\376\377\000A\000t\000r\000i\000b\000u\000t\000o\000s\000\040\000i\000m\000p\000o\000r\000t\000a\000n\000t\000e\000s}{section.4.7}% 52
\BOOKMARK [2][-]{subsection.4.7.3}{\376\377\000T\000r\000a\000y\000e\000c\000t\000o\000r\000i\000a\000s\000\040\000d\000e\000l\000\040\000C\000a\000s\000o\000\040\000d\000e\000\040\000U\000s\000o}{section.4.7}% 53
\BOOKMARK [1][-]{section.4.8}{\376\377\000C\000U\000-\0000\0007\000\040\000A\000s\000i\000g\000n\000a\000r\000\040\000d\000o\000c\000e\000n\000t\000e\000\040\000a\000y\000u\000d\000a\000n\000t\000e}{chapter.4}% 54
\BOOKMARK [2][-]{subsection.4.8.1}{\376\377\000D\000e\000s\000c\000r\000i\000p\000c\000i\000\363\000n\000\040\000c\000o\000m\000p\000l\000e\000t\000a}{section.4.8}% 55
\BOOKMARK [2][-]{subsection.4.8.2}{\376\377\000A\000t\000r\000i\000b\000u\000t\000o\000s\000\040\000i\000m\000p\000o\000r\000t\000a\000n\000t\000e\000s}{section.4.8}% 56
\BOOKMARK [2][-]{subsection.4.8.3}{\376\377\000T\000r\000a\000y\000e\000c\000t\000o\000r\000i\000a\000s\000\040\000d\000e\000l\000\040\000C\000a\000s\000o\000\040\000d\000e\000\040\000U\000s\000o}{section.4.8}% 57
\BOOKMARK [1][-]{section.4.9}{\376\377\000C\000U\000-\0000\0008\000\040\000C\000o\000n\000s\000u\000l\000t\000a\000r\000\040\000l\000i\000s\000t\000a\000\040\000d\000e\000\040\000a\000l\000u\000m\000n\000o\000s\000\040\000i\000n\000s\000c\000r\000i\000t\000o\000s\000\040\000a\000\040\000E\000T\000S}{chapter.4}% 58
\BOOKMARK [2][-]{subsection.4.9.1}{\376\377\000D\000e\000s\000c\000r\000i\000p\000c\000i\000\363\000n\000\040\000c\000o\000m\000p\000l\000e\000t\000a}{section.4.9}% 59
\BOOKMARK [2][-]{subsection.4.9.2}{\376\377\000A\000t\000r\000i\000b\000u\000t\000o\000s\000\040\000i\000m\000p\000o\000r\000t\000a\000n\000t\000e\000s}{section.4.9}% 60
\BOOKMARK [2][-]{subsection.4.9.3}{\376\377\000T\000r\000a\000y\000e\000c\000t\000o\000r\000i\000a\000s\000\040\000d\000e\000l\000\040\000C\000a\000s\000o\000\040\000d\000e\000\040\000U\000s\000o}{section.4.9}% 61
\BOOKMARK [1][-]{section.4.10}{\376\377\000C\000U\000-\0000\0009\000\040\000T\000o\000m\000a\000r\000\040\000a\000s\000i\000s\000t\000e\000n\000c\000i\000a\000s\000\040\000a\000\040\000l\000o\000s\000\040\000E\000T\000S}{chapter.4}% 62
\BOOKMARK [2][-]{subsection.4.10.1}{\376\377\000D\000e\000s\000c\000r\000i\000p\000c\000i\000\363\000n\000\040\000c\000o\000m\000p\000l\000e\000t\000a}{section.4.10}% 63
\BOOKMARK [2][-]{subsection.4.10.2}{\376\377\000A\000t\000r\000i\000b\000u\000t\000o\000s\000\040\000i\000m\000p\000o\000r\000t\000a\000n\000t\000e\000s}{section.4.10}% 64
\BOOKMARK [2][-]{subsection.4.10.3}{\376\377\000T\000r\000a\000y\000e\000c\000t\000o\000r\000i\000a\000s\000\040\000d\000e\000l\000\040\000C\000a\000s\000o\000\040\000d\000e\000\040\000U\000s\000o}{section.4.10}% 65
\BOOKMARK [1][-]{section.4.11}{\376\377\000C\000U\000-\0001\0000\000\040\000C\000o\000n\000s\000u\000l\000t\000a\000r\000\040\000L\000i\000s\000t\000a\000\040\000d\000e\000\040\000a\000s\000i\000s\000t\000e\000n\000c\000i\000a\000\040\000a\000\040\000l\000o\000s\000\040\000E\000T\000S}{chapter.4}% 66
\BOOKMARK [2][-]{subsection.4.11.1}{\376\377\000D\000e\000s\000c\000r\000i\000p\000c\000i\000\363\000n\000\040\000c\000o\000m\000p\000l\000e\000t\000a}{section.4.11}% 67
\BOOKMARK [2][-]{subsection.4.11.2}{\376\377\000A\000t\000r\000i\000b\000u\000t\000o\000s\000\040\000i\000m\000p\000o\000r\000t\000a\000n\000t\000e\000s}{section.4.11}% 68
\BOOKMARK [2][-]{subsection.4.11.3}{\376\377\000T\000r\000a\000y\000e\000c\000t\000o\000r\000i\000a\000s\000\040\000d\000e\000l\000\040\000C\000a\000s\000o\000\040\000d\000e\000\040\000U\000s\000o}{section.4.11}% 69
\BOOKMARK [1][-]{section.4.12}{\376\377\000C\000U\0001\0001\000\040\000M\000o\000s\000t\000r\000a\000r\000\040\000l\000a\000\040\000f\000o\000t\000o\000\040\000e\000\040\000i\000n\000f\000o\000r\000m\000a\000c\000i\000\363\000n\000\040\000d\000e\000l\000\040\000a\000l\000u\000m\000n\000o}{chapter.4}% 70
\BOOKMARK [2][-]{subsection.4.12.1}{\376\377\000D\000e\000s\000c\000r\000i\000p\000c\000i\000\363\000n\000\040\000c\000o\000m\000p\000l\000e\000t\000a}{section.4.12}% 71
\BOOKMARK [2][-]{subsection.4.12.2}{\376\377\000A\000t\000r\000i\000b\000u\000t\000o\000s\000\040\000i\000m\000p\000o\000r\000t\000a\000n\000t\000e\000s}{section.4.12}% 72
\BOOKMARK [2][-]{subsection.4.12.3}{\376\377\000T\000r\000a\000y\000e\000c\000t\000o\000r\000i\000a\000s\000\040\000d\000e\000l\000\040\000C\000a\000s\000o\000\040\000d\000e\000\040\000U\000s\000o}{section.4.12}% 73
\BOOKMARK [1][-]{section.4.13}{\376\377\000C\000U\000-\0001\0002\000\040\000C\000o\000n\000s\000u\000l\000t\000a\000r\000\040\000a\000l\000u\000m\000n\000o\000\040\000m\000e\000d\000i\000a\000n\000t\000e\000\040\000c\000\363\000d\000i\000g\000o\000\040\000Q\000R\000\040\000d\000e\000\040\000l\000a\000\040\000c\000r\000e\000d\000e\000n\000c\000i\000a\000l}{chapter.4}% 74
\BOOKMARK [2][-]{subsection.4.13.1}{\376\377\000D\000e\000s\000c\000r\000i\000p\000c\000i\000\363\000n\000\040\000c\000o\000m\000p\000l\000e\000t\000a}{section.4.13}% 75
\BOOKMARK [2][-]{subsection.4.13.2}{\376\377\000A\000t\000r\000i\000b\000u\000t\000o\000s\000\040\000i\000m\000p\000o\000r\000t\000a\000n\000t\000e\000s}{section.4.13}% 76
\BOOKMARK [2][-]{subsection.4.13.3}{\376\377\000T\000r\000a\000y\000e\000c\000t\000o\000r\000i\000a\000s\000\040\000d\000e\000l\000\040\000C\000a\000s\000o\000\040\000d\000e\000\040\000U\000s\000o}{section.4.13}% 77
\BOOKMARK [1][-]{section.4.14}{\376\377\000C\000U\000-\0001\0003\000\040\000B\000u\000s\000c\000a\000r\000\040\000a\000l\000u\000m\000n\000o\000\040\000p\000o\000r\000\040\000b\000o\000l\000e\000t\000a}{chapter.4}% 78
\BOOKMARK [2][-]{subsection.4.14.1}{\376\377\000D\000e\000s\000c\000r\000i\000p\000c\000i\000\363\000n\000\040\000c\000o\000m\000p\000l\000e\000t\000a}{section.4.14}% 79
\BOOKMARK [2][-]{subsection.4.14.2}{\376\377\000A\000t\000r\000i\000b\000u\000t\000o\000s\000\040\000i\000m\000p\000o\000r\000t\000a\000n\000t\000e\000s}{section.4.14}% 80
\BOOKMARK [2][-]{subsection.4.14.3}{\376\377\000T\000r\000a\000y\000e\000c\000t\000o\000r\000i\000a\000s\000\040\000d\000e\000l\000\040\000C\000a\000s\000o\000\040\000d\000e\000\040\000U\000s\000o}{section.4.14}% 81
\BOOKMARK [1][-]{section.4.15}{\376\377\000C\000U\000-\0001\0004\000\040\000B\000u\000s\000c\000a\000r\000\040\000a\000l\000u\000m\000n\000o\000\040\000p\000o\000r\000\040\000n\000o\000m\000b\000r\000e}{chapter.4}% 82
\BOOKMARK [2][-]{subsection.4.15.1}{\376\377\000D\000e\000s\000c\000r\000i\000p\000c\000i\000\363\000n\000\040\000c\000o\000m\000p\000l\000e\000t\000a}{section.4.15}% 83
\BOOKMARK [2][-]{subsection.4.15.2}{\376\377\000A\000t\000r\000i\000b\000u\000t\000o\000s\000\040\000i\000m\000p\000o\000r\000t\000a\000n\000t\000e\000s}{section.4.15}% 84
\BOOKMARK [2][-]{subsection.4.15.3}{\376\377\000T\000r\000a\000y\000e\000c\000t\000o\000r\000i\000a\000s\000\040\000d\000e\000l\000\040\000C\000a\000s\000o\000\040\000d\000e\000\040\000U\000s\000o}{section.4.15}% 85
\BOOKMARK [1][-]{section.4.16}{\376\377\000C\000U\000-\0001\0005\000\040\000R\000e\000g\000i\000s\000t\000r\000a\000r\000\040\000a\000s\000i\000s\000t\000e\000n\000c\000i\000a}{chapter.4}% 86
\BOOKMARK [2][-]{subsection.4.16.1}{\376\377\000D\000e\000s\000c\000r\000i\000p\000c\000i\000\363\000n\000\040\000c\000o\000m\000p\000l\000e\000t\000a}{section.4.16}% 87
\BOOKMARK [2][-]{subsection.4.16.2}{\376\377\000A\000t\000r\000i\000b\000u\000t\000o\000s\000\040\000i\000m\000p\000o\000r\000t\000a\000n\000t\000e\000s}{section.4.16}% 88
\BOOKMARK [2][-]{subsection.4.16.3}{\376\377\000T\000r\000a\000y\000e\000c\000t\000o\000r\000i\000a\000s\000\040\000d\000e\000l\000\040\000C\000a\000s\000o\000\040\000d\000e\000\040\000U\000s\000o}{section.4.16}% 89
\BOOKMARK [1][-]{section.4.17}{\376\377\000C\000U\0001\0006\000\040\000I\000n\000i\000c\000i\000a\000r\000\040\000s\000e\000s\000i\000\363\000n\000\040\000d\000e\000\040\000a\000l\000u\000m\000n\000o\000s}{chapter.4}% 90
\BOOKMARK [2][-]{subsection.4.17.1}{\376\377\000D\000e\000s\000c\000r\000i\000p\000c\000i\000\363\000n\000\040\000c\000o\000m\000p\000l\000e\000t\000a}{section.4.17}% 91
\BOOKMARK [2][-]{subsection.4.17.2}{\376\377\000A\000t\000r\000i\000b\000u\000t\000o\000s\000\040\000i\000m\000p\000o\000r\000t\000a\000n\000t\000e\000s}{section.4.17}% 92
\BOOKMARK [2][-]{subsection.4.17.3}{\376\377\000T\000r\000a\000y\000e\000c\000t\000o\000r\000i\000a\000s\000\040\000d\000e\000l\000\040\000C\000a\000s\000o\000\040\000d\000e\000\040\000U\000s\000o}{section.4.17}% 93
\BOOKMARK [1][-]{section.4.18}{\376\377\000C\000U\0001\0007\000\040\000C\000o\000n\000s\000u\000l\000t\000a\000r\000\040\000p\000e\000r\000i\000o\000d\000o\000s\000\040\000d\000e\000\040\000E\000T\000S\000\040\000i\000n\000s\000c\000r\000i\000t\000o\000s\000\040\000d\000e\000l\000\040\000a\000l\000u\000m\000n\000o}{chapter.4}% 94
\BOOKMARK [2][-]{subsection.4.18.1}{\376\377\000D\000e\000s\000c\000r\000i\000p\000c\000i\000\363\000n\000\040\000c\000o\000m\000p\000l\000e\000t\000a}{section.4.18}% 95
\BOOKMARK [2][-]{subsection.4.18.2}{\376\377\000A\000t\000r\000i\000b\000u\000t\000o\000s\000\040\000i\000m\000p\000o\000r\000t\000a\000n\000t\000e\000s}{section.4.18}% 96
\BOOKMARK [2][-]{subsection.4.18.3}{\376\377\000T\000r\000a\000y\000e\000c\000t\000o\000r\000i\000a\000s\000\040\000d\000e\000l\000\040\000C\000a\000s\000o\000\040\000d\000e\000\040\000U\000s\000o}{section.4.18}% 97
\BOOKMARK [1][-]{section.4.19}{\376\377\000C\000U\000-\0001\0008\000\040\000C\000o\000n\000s\000u\000l\000t\000a\000r\000\040\000E\000T\000S\000\040\000i\000n\000s\000c\000r\000i\000t\000o\000s}{chapter.4}% 98
\BOOKMARK [2][-]{subsection.4.19.1}{\376\377\000D\000e\000s\000c\000r\000i\000p\000c\000i\000\363\000n\000\040\000c\000o\000m\000p\000l\000e\000t\000a}{section.4.19}% 99
\BOOKMARK [2][-]{subsection.4.19.2}{\376\377\000A\000t\000r\000i\000b\000u\000t\000o\000s\000\040\000i\000m\000p\000o\000r\000t\000a\000n\000t\000e\000s}{section.4.19}% 100
\BOOKMARK [2][-]{subsection.4.19.3}{\376\377\000T\000r\000a\000y\000e\000c\000t\000o\000r\000i\000a\000s\000\040\000d\000e\000l\000\040\000C\000a\000s\000o\000\040\000d\000e\000\040\000U\000s\000o}{section.4.19}% 101
\BOOKMARK [1][-]{section.4.20}{\376\377\000C\000U\000-\0001\0009\000\040\000M\000o\000s\000t\000r\000a\000r\000\040\000i\000n\000f\000o\000r\000m\000a\000c\000i\000\363\000n\000\040\000d\000e\000\040\000l\000o\000s\000\040\000E\000T\000S\000\040\000i\000n\000s\000c\000r\000i\000t\000o\000s}{chapter.4}% 102
\BOOKMARK [2][-]{subsection.4.20.1}{\376\377\000D\000e\000s\000c\000r\000i\000p\000c\000i\000\363\000n\000\040\000c\000o\000m\000p\000l\000e\000t\000a}{section.4.20}% 103
\BOOKMARK [2][-]{subsection.4.20.2}{\376\377\000A\000t\000r\000i\000b\000u\000t\000o\000s\000\040\000i\000m\000p\000o\000r\000t\000a\000n\000t\000e\000s}{section.4.20}% 104
\BOOKMARK [2][-]{subsection.4.20.3}{\376\377\000T\000r\000a\000y\000e\000c\000t\000o\000r\000i\000a\000s\000\040\000d\000e\000l\000\040\000C\000a\000s\000o\000\040\000d\000e\000\040\000U\000s\000o}{section.4.20}% 105
\BOOKMARK [1][-]{section.4.21}{\376\377\000C\000U\000-\0002\0000\000\040\000R\000e\000g\000i\000s\000t\000r\000a\000r\000\040\000A\000s\000i\000s\000t\000e\000n\000c\000i\000a}{chapter.4}% 106
\BOOKMARK [2][-]{subsection.4.21.1}{\376\377\000D\000e\000s\000c\000r\000i\000p\000c\000i\000\363\000n\000\040\000c\000o\000m\000p\000l\000e\000t\000a}{section.4.21}% 107
\BOOKMARK [2][-]{subsection.4.21.2}{\376\377\000A\000t\000r\000i\000b\000u\000t\000o\000s\000\040\000i\000m\000p\000o\000r\000t\000a\000n\000t\000e\000s}{section.4.21}% 108
\BOOKMARK [2][-]{subsection.4.21.3}{\376\377\000T\000r\000a\000y\000e\000c\000t\000o\000r\000i\000a\000s\000\040\000d\000e\000l\000\040\000C\000a\000s\000o\000\040\000d\000e\000\040\000U\000s\000o}{section.4.21}% 109
\BOOKMARK [1][-]{section.4.22}{\376\377\000C\000U\000-\0002\0001\000\040\000I\000n\000f\000o\000r\000m\000a\000c\000i\000\363\000n\000\040\000d\000e\000l\000\040\000P\000r\000o\000c\000e\000s\000o\000\040\000p\000a\000r\000a\000\040\000P\000r\000e\000s\000e\000n\000t\000a\000r\000\040\000E\000T\000S}{chapter.4}% 110
\BOOKMARK [2][-]{subsection.4.22.1}{\376\377\000D\000e\000s\000c\000r\000i\000p\000c\000i\000\363\000n\000\040\000c\000o\000m\000p\000l\000e\000t\000a}{section.4.22}% 111
\BOOKMARK [2][-]{subsection.4.22.2}{\376\377\000A\000t\000r\000i\000b\000u\000t\000o\000s\000\040\000i\000m\000p\000o\000r\000t\000a\000n\000t\000e\000s}{section.4.22}% 112
\BOOKMARK [2][-]{subsection.4.22.3}{\376\377\000T\000r\000a\000y\000e\000c\000t\000o\000r\000i\000a\000s\000\040\000d\000e\000l\000\040\000C\000a\000s\000o\000\040\000d\000e\000\040\000U\000s\000o}{section.4.22}% 113
\BOOKMARK [1][-]{section.4.23}{\376\377\000C\000U\0002\0002\000\040\000D\000a\000r\000\040\000d\000e\000\040\000a\000l\000t\000a\000\040\000u\000n\000\040\000a\000l\000u\000m\000n\000o}{chapter.4}% 114
\BOOKMARK [2][-]{subsection.4.23.1}{\376\377\000D\000e\000s\000c\000r\000i\000p\000c\000i\000\363\000n\000\040\000c\000o\000m\000p\000l\000e\000t\000a}{section.4.23}% 115
\BOOKMARK [2][-]{subsection.4.23.2}{\376\377\000A\000t\000r\000i\000b\000u\000t\000o\000s\000\040\000i\000m\000p\000o\000r\000t\000a\000n\000t\000e\000s}{section.4.23}% 116
\BOOKMARK [2][-]{subsection.4.23.3}{\376\377\000T\000r\000a\000y\000e\000c\000t\000o\000r\000i\000a\000s\000\040\000d\000e\000l\000\040\000C\000a\000s\000o\000\040\000d\000e\000\040\000U\000s\000o}{section.4.23}% 117
\BOOKMARK [1][-]{section.4.24}{\376\377\000C\000U\0002\0003\000\040\000C\000r\000e\000a\000r\000\040\000c\000r\000e\000d\000e\000n\000c\000i\000a\000l}{chapter.4}% 118
\BOOKMARK [2][-]{subsection.4.24.1}{\376\377\000D\000e\000s\000c\000r\000i\000p\000c\000i\000\363\000n\000\040\000c\000o\000m\000p\000l\000e\000t\000a}{section.4.24}% 119
\BOOKMARK [2][-]{subsection.4.24.2}{\376\377\000A\000t\000r\000i\000b\000u\000t\000o\000s\000\040\000i\000m\000p\000o\000r\000t\000a\000n\000t\000e\000s}{section.4.24}% 120
\BOOKMARK [2][-]{subsection.4.24.3}{\376\377\000T\000r\000a\000y\000e\000c\000t\000o\000r\000i\000a\000s\000\040\000d\000e\000l\000\040\000C\000a\000s\000o\000\040\000d\000e\000\040\000U\000s\000o}{section.4.24}% 121
\BOOKMARK [1][-]{section.4.25}{\376\377\000C\000U\0002\0004\000\040\000C\000a\000p\000t\000u\000r\000a\000r\000\040\000f\000o\000t\000o\000g\000r\000a\000f\000\355\000a\000\040\000e\000s\000t\000u\000d\000i\000a\000n\000t\000i\000l}{chapter.4}% 122
\BOOKMARK [2][-]{subsection.4.25.1}{\376\377\000D\000e\000s\000c\000r\000i\000p\000c\000i\000\363\000n\000\040\000c\000o\000m\000p\000l\000e\000t\000a}{section.4.25}% 123
\BOOKMARK [2][-]{subsection.4.25.2}{\376\377\000A\000t\000r\000i\000b\000u\000t\000o\000s\000\040\000i\000m\000p\000o\000r\000t\000a\000n\000t\000e\000s}{section.4.25}% 124
\BOOKMARK [2][-]{subsection.4.25.3}{\376\377\000T\000r\000a\000y\000e\000c\000t\000o\000r\000i\000a\000s\000\040\000d\000e\000l\000\040\000C\000a\000s\000o\000\040\000d\000e\000\040\000U\000s\000o}{section.4.25}% 125
\BOOKMARK [1][-]{section.4.26}{\376\377\000C\000U\0002\0005\000\040\000C\000o\000n\000s\000u\000l\000t\000a\000r\000\040\000l\000i\000s\000t\000a\000\040\000d\000e\000\040\000p\000e\000r\000i\000o\000d\000o\000\040\000d\000e\000\040\000E\000T\000S\000\040}{chapter.4}% 126
\BOOKMARK [2][-]{subsection.4.26.1}{\376\377\000D\000e\000s\000c\000r\000i\000p\000c\000i\000\363\000n\000\040\000c\000o\000m\000p\000l\000e\000t\000a}{section.4.26}% 127
\BOOKMARK [2][-]{subsection.4.26.2}{\376\377\000A\000t\000r\000i\000b\000u\000t\000o\000s\000\040\000i\000m\000p\000o\000r\000t\000a\000n\000t\000e\000s}{section.4.26}% 128
\BOOKMARK [2][-]{subsection.4.26.3}{\376\377\000T\000r\000a\000y\000e\000c\000t\000o\000r\000i\000a\000s\000\040\000d\000e\000l\000\040\000C\000a\000s\000o\000\040\000d\000e\000\040\000U\000s\000o}{section.4.26}% 129
\BOOKMARK [1][-]{section.4.27}{\376\377\000C\000U\0002\0006\000\040\000D\000a\000r\000\040\000d\000e\000\040\000a\000l\000t\000a\000\040\000d\000e\000\040\000p\000e\000r\000i\000o\000d\000o\000\040\000d\000e\000\040\000E\000T\000S}{chapter.4}% 130
\BOOKMARK [2][-]{subsection.4.27.1}{\376\377\000D\000e\000s\000c\000r\000i\000p\000c\000i\000\363\000n\000\040\000c\000o\000m\000p\000l\000e\000t\000a}{section.4.27}% 131
\BOOKMARK [2][-]{subsection.4.27.2}{\376\377\000A\000t\000r\000i\000b\000u\000t\000o\000s\000\040\000i\000m\000p\000o\000r\000t\000a\000n\000t\000e\000s}{section.4.27}% 132
\BOOKMARK [2][-]{subsection.4.27.3}{\376\377\000T\000r\000a\000y\000e\000c\000t\000o\000r\000i\000a\000s\000\040\000d\000e\000l\000\040\000C\000a\000s\000o\000\040\000d\000e\000\040\000U\000s\000o}{section.4.27}% 133
\BOOKMARK [1][-]{section.4.28}{\376\377\000C\000U\0002\0008\000\040\000C\000o\000n\000s\000u\000l\000t\000a\000r\000\040\000l\000i\000s\000t\000a\000\040\000d\000e\000\040\000E\000T\000S}{chapter.4}% 134
\BOOKMARK [2][-]{subsection.4.28.1}{\376\377\000D\000e\000s\000c\000r\000i\000p\000c\000i\000\363\000n\000\040\000c\000o\000m\000p\000l\000e\000t\000a}{section.4.28}% 135
\BOOKMARK [2][-]{subsection.4.28.2}{\376\377\000A\000t\000r\000i\000b\000u\000t\000o\000s\000\040\000i\000m\000p\000o\000r\000t\000a\000n\000t\000e\000s}{section.4.28}% 136
\BOOKMARK [2][-]{subsection.4.28.3}{\376\377\000T\000r\000a\000y\000e\000c\000t\000o\000r\000i\000a\000s\000\040\000d\000e\000l\000\040\000C\000a\000s\000o\000\040\000d\000e\000\040\000U\000s\000o}{section.4.28}% 137
\BOOKMARK [1][-]{section.4.29}{\376\377\000C\000U\0002\0009\000\040\000D\000a\000r\000\040\000d\000e\000\040\000a\000l\000t\000a\000\040\000E\000T\000S\000\040}{chapter.4}% 138
\BOOKMARK [2][-]{subsection.4.29.1}{\376\377\000D\000e\000s\000c\000r\000i\000p\000c\000i\000\363\000n\000\040\000c\000o\000m\000p\000l\000e\000t\000a}{section.4.29}% 139
\BOOKMARK [2][-]{subsection.4.29.2}{\376\377\000A\000t\000r\000i\000b\000u\000t\000o\000s\000\040\000i\000m\000p\000o\000r\000t\000a\000n\000t\000e\000s}{section.4.29}% 140
\BOOKMARK [2][-]{subsection.4.29.3}{\376\377\000T\000r\000a\000y\000e\000c\000t\000o\000r\000i\000a\000s\000\040\000d\000e\000l\000\040\000C\000a\000s\000o\000\040\000d\000e\000\040\000U\000s\000o}{section.4.29}% 141
\BOOKMARK [1][-]{section.4.30}{\376\377\000C\000U\0003\0002\000\040\000C\000o\000n\000s\000u\000l\000t\000a\000r\000\040\000l\000i\000s\000t\000a\000\040\000d\000e\000\040\000p\000e\000r\000s\000o\000n\000a\000l\000\040\000d\000e\000\040\000s\000e\000g\000u\000r\000i\000d\000a\000d}{chapter.4}% 142
\BOOKMARK [2][-]{subsection.4.30.1}{\376\377\000D\000e\000s\000c\000r\000i\000p\000c\000i\000\363\000n\000\040\000c\000o\000m\000p\000l\000e\000t\000a}{section.4.30}% 143
\BOOKMARK [2][-]{subsection.4.30.2}{\376\377\000A\000t\000r\000i\000b\000u\000t\000o\000s\000\040\000i\000m\000p\000o\000r\000t\000a\000n\000t\000e\000s}{section.4.30}% 144
\BOOKMARK [2][-]{subsection.4.30.3}{\376\377\000T\000r\000a\000y\000e\000c\000t\000o\000r\000i\000a\000s\000\040\000d\000e\000l\000\040\000C\000a\000s\000o\000\040\000d\000e\000\040\000U\000s\000o}{section.4.30}% 145
\BOOKMARK [1][-]{section.4.31}{\376\377\000C\000U\0003\0003\000\040\000D\000a\000r\000\040\000d\000e\000\040\000a\000l\000t\000a\000\040\000p\000e\000r\000s\000o\000n\000a\000l\000\040\000d\000e\000\040\000s\000e\000g\000u\000r\000i\000d\000a\000d}{chapter.4}% 146
\BOOKMARK [2][-]{subsection.4.31.1}{\376\377\000D\000e\000s\000c\000r\000i\000p\000c\000i\000\363\000n\000\040\000c\000o\000m\000p\000l\000e\000t\000a}{section.4.31}% 147
\BOOKMARK [2][-]{subsection.4.31.2}{\376\377\000A\000t\000r\000i\000b\000u\000t\000o\000s\000\040\000i\000m\000p\000o\000r\000t\000a\000n\000t\000e\000s}{section.4.31}% 148
\BOOKMARK [2][-]{subsection.4.31.3}{\376\377\000T\000r\000a\000y\000e\000c\000t\000o\000r\000i\000a\000s\000\040\000d\000e\000l\000\040\000C\000a\000s\000o\000\040\000d\000e\000\040\000U\000s\000o}{section.4.31}% 149
\BOOKMARK [1][-]{section.4.32}{\376\377\000C\000U\0003\0006\000\040\000C\000o\000n\000s\000u\000l\000t\000a\000r\000\040\000l\000i\000s\000t\000a\000\040\000d\000e\000\040\000d\000o\000c\000e\000n\000t\000e\000s\000\040}{chapter.4}% 150
\BOOKMARK [2][-]{subsection.4.32.1}{\376\377\000D\000e\000s\000c\000r\000i\000p\000c\000i\000\363\000n\000\040\000c\000o\000m\000p\000l\000e\000t\000a}{section.4.32}% 151
\BOOKMARK [2][-]{subsection.4.32.2}{\376\377\000A\000t\000r\000i\000b\000u\000t\000o\000s\000\040\000i\000m\000p\000o\000r\000t\000a\000n\000t\000e\000s}{section.4.32}% 152
\BOOKMARK [2][-]{subsection.4.32.3}{\376\377\000T\000r\000a\000y\000e\000c\000t\000o\000r\000i\000a\000s\000\040\000d\000e\000l\000\040\000C\000a\000s\000o\000\040\000d\000e\000\040\000U\000s\000o}{section.4.32}% 153
\BOOKMARK [1][-]{section.4.33}{\376\377\000C\000U\0003\0007\000\040\000\040\000D\000a\000r\000\040\000d\000e\000\040\000a\000l\000t\000a\000\040\000d\000o\000c\000e\000n\000t\000e}{chapter.4}% 154
\BOOKMARK [2][-]{subsection.4.33.1}{\376\377\000D\000e\000s\000c\000r\000i\000p\000c\000i\000\363\000n\000\040\000c\000o\000m\000p\000l\000e\000t\000a}{section.4.33}% 155
\BOOKMARK [2][-]{subsection.4.33.2}{\376\377\000A\000t\000r\000i\000b\000u\000t\000o\000s\000\040\000i\000m\000p\000o\000r\000t\000a\000n\000t\000e\000s}{section.4.33}% 156
\BOOKMARK [2][-]{subsection.4.33.3}{\376\377\000T\000r\000a\000y\000e\000c\000t\000o\000r\000i\000a\000s\000\040\000d\000e\000l\000\040\000C\000a\000s\000o\000\040\000d\000e\000\040\000U\000s\000o}{section.4.33}% 157
\BOOKMARK [1][-]{section.4.34}{\376\377\000C\000U\0004\0000\000\040\000S\000o\000l\000i\000c\000i\000t\000a\000r\000\040\000d\000e\000s\000b\000l\000o\000q\000u\000e\000o\000\040\000d\000e\000\040\000c\000u\000e\000n\000t\000a}{chapter.4}% 158
\BOOKMARK [2][-]{subsection.4.34.1}{\376\377\000D\000e\000s\000c\000r\000i\000p\000c\000i\000\363\000n\000\040\000c\000o\000m\000p\000l\000e\000t\000a}{section.4.34}% 159
\BOOKMARK [2][-]{subsection.4.34.2}{\376\377\000A\000t\000r\000i\000b\000u\000t\000o\000s\000\040\000i\000m\000p\000o\000r\000t\000a\000n\000t\000e\000s}{section.4.34}% 160
\BOOKMARK [2][-]{subsection.4.34.3}{\376\377\000T\000r\000a\000y\000e\000c\000t\000o\000r\000i\000a\000s\000\040\000d\000e\000l\000\040\000C\000a\000s\000o\000\040\000d\000e\000\040\000U\000s\000o}{section.4.34}% 161
\BOOKMARK [1][-]{section.4.35}{\376\377\000C\000U\0004\0001\000\040\000I\000n\000i\000c\000i\000a\000r\000\040\000s\000e\000s\000i\000\363\000n\000\040\000d\000e\000\040\000p\000e\000r\000s\000o\000n\000a\000l\000\040\000e\000s\000c\000o\000l\000a\000r\000\040\000w\000e\000b}{chapter.4}% 162
\BOOKMARK [2][-]{subsection.4.35.1}{\376\377\000D\000e\000s\000c\000r\000i\000p\000c\000i\000\363\000n\000\040\000c\000o\000m\000p\000l\000e\000t\000a}{section.4.35}% 163
\BOOKMARK [2][-]{subsection.4.35.2}{\376\377\000A\000t\000r\000i\000b\000u\000t\000o\000s\000\040\000i\000m\000p\000o\000r\000t\000a\000n\000t\000e\000s}{section.4.35}% 164
\BOOKMARK [2][-]{subsection.4.35.3}{\376\377\000T\000r\000a\000y\000e\000c\000t\000o\000r\000i\000a\000s\000\040\000d\000e\000l\000\040\000C\000a\000s\000o\000\040\000d\000e\000\040\000U\000s\000o}{section.4.35}% 165
\BOOKMARK [0][-]{chapter.5}{\376\377\000M\000o\000d\000e\000l\000o\000\040\000d\000e\000\040\000l\000a\000\040\000i\000n\000t\000e\000r\000a\000c\000c\000i\000\363\000n}{}% 166
\BOOKMARK [1][-]{section.5.1}{\376\377\000M\000o\000d\000e\000l\000o\000\040\000d\000e\000\040\000n\000a\000v\000e\000g\000a\000c\000i\000\363\000n}{chapter.5}% 167
\BOOKMARK [1][-]{section.5.2}{\376\377\000I\000U\0000\0001\000\040\000P\000a\000n\000t\000a\000l\000l\000a\000\040\000I\000n\000i\000c\000i\000a\000r\000\040\000s\000e\000s\000i\000\363\000n\000\040\000d\000e\000\040\000p\000e\000r\000s\000o\000n\000a\000l\000\040\000e\000s\000c\000o\000l\000a\000r\000\040\000m\000\363\000v\000i\000l}{chapter.5}% 168
\BOOKMARK [2][-]{subsection.5.2.1}{\376\377\000O\000b\000j\000e\000t\000i\000v\000o}{section.5.2}% 169
\BOOKMARK [2][-]{subsection.5.2.2}{\376\377\000D\000i\000s\000e\000\361\000o}{section.5.2}% 170
\BOOKMARK [2][-]{subsection.5.2.3}{\376\377\000S\000a\000l\000i\000d\000a\000s}{section.5.2}% 171
\BOOKMARK [2][-]{subsection.5.2.4}{\376\377\000E\000n\000t\000r\000a\000d\000a\000s}{section.5.2}% 172
\BOOKMARK [2][-]{subsection.5.2.5}{\376\377\000C\000o\000m\000a\000n\000d\000o\000s}{section.5.2}% 173
\BOOKMARK [2][-]{subsection.5.2.6}{\376\377\000M\000e\000n\000s\000a\000j\000e\000s}{section.5.2}% 174
\BOOKMARK [1][-]{section.5.3}{\376\377\000I\000U\0000\0002\000\040\000P\000a\000n\000t\000a\000l\000l\000a\000\040\000C\000o\000n\000s\000u\000l\000t\000a\000r\000\040\000c\000a\000l\000e\000n\000d\000a\000r\000i\000o\000\040\000e\000s\000c\000o\000l\000a\000r}{chapter.5}% 175
\BOOKMARK [2][-]{subsection.5.3.1}{\376\377\000O\000b\000j\000e\000t\000i\000v\000o}{section.5.3}% 176
\BOOKMARK [2][-]{subsection.5.3.2}{\376\377\000D\000i\000s\000e\000\361\000o}{section.5.3}% 177
\BOOKMARK [2][-]{subsection.5.3.3}{\376\377\000S\000a\000l\000i\000d\000a\000s}{section.5.3}% 178
\BOOKMARK [2][-]{subsection.5.3.4}{\376\377\000E\000n\000t\000r\000a\000d\000a\000s}{section.5.3}% 179
\BOOKMARK [2][-]{subsection.5.3.5}{\376\377\000C\000o\000m\000a\000n\000d\000o\000s}{section.5.3}% 180
\BOOKMARK [2][-]{subsection.5.3.6}{\376\377\000M\000e\000n\000s\000a\000j\000e\000s}{section.5.3}% 181
\BOOKMARK [1][-]{section.5.4}{\376\377\000I\000U\0000\0003\000\040\000P\000a\000n\000t\000a\000l\000l\000a\000\040\000C\000o\000n\000s\000u\000l\000t\000a\000r\000\040\000n\000o\000t\000i\000f\000i\000c\000a\000c\000i\000o\000n\000e\000s}{chapter.5}% 182
\BOOKMARK [2][-]{subsection.5.4.1}{\376\377\000O\000b\000j\000e\000t\000i\000v\000o}{section.5.4}% 183
\BOOKMARK [2][-]{subsection.5.4.2}{\376\377\000D\000i\000s\000e\000\361\000o}{section.5.4}% 184
\BOOKMARK [2][-]{subsection.5.4.3}{\376\377\000S\000a\000l\000i\000d\000a\000s}{section.5.4}% 185
\BOOKMARK [2][-]{subsection.5.4.4}{\376\377\000E\000n\000t\000r\000a\000d\000a\000s}{section.5.4}% 186
\BOOKMARK [2][-]{subsection.5.4.5}{\376\377\000C\000o\000m\000a\000n\000d\000o\000s}{section.5.4}% 187
\BOOKMARK [2][-]{subsection.5.4.6}{\376\377\000M\000e\000n\000s\000a\000j\000e\000s}{section.5.4}% 188
\BOOKMARK [1][-]{section.5.5}{\376\377\000I\000U\0000\0004\000\040\000P\000a\000n\000t\000a\000l\000l\000a\000\040\000P\000e\000r\000i\000o\000d\000o\000\040\000d\000e\000\040\000E\000T\000S}{chapter.5}% 189
\BOOKMARK [2][-]{subsection.5.5.1}{\376\377\000O\000b\000j\000e\000t\000i\000v\000o}{section.5.5}% 190
\BOOKMARK [2][-]{subsection.5.5.2}{\376\377\000D\000i\000s\000e\000\361\000o}{section.5.5}% 191
\BOOKMARK [2][-]{subsection.5.5.3}{\376\377\000S\000a\000l\000i\000d\000a\000s}{section.5.5}% 192
\BOOKMARK [2][-]{subsection.5.5.4}{\376\377\000E\000n\000t\000r\000a\000d\000a\000s}{section.5.5}% 193
\BOOKMARK [2][-]{subsection.5.5.5}{\376\377\000C\000o\000m\000a\000n\000d\000o\000s}{section.5.5}% 194
\BOOKMARK [2][-]{subsection.5.5.6}{\376\377\000M\000e\000n\000s\000a\000j\000e\000s}{section.5.5}% 195
\BOOKMARK [1][-]{section.5.6}{\376\377\000I\000U\0000\0005\000\040\000P\000a\000n\000t\000a\000l\000l\000a\000\040\000C\000o\000n\000s\000u\000l\000t\000a\000r\000\040\000E\000T\000S}{chapter.5}% 196
\BOOKMARK [2][-]{subsection.5.6.1}{\376\377\000O\000b\000j\000e\000t\000i\000v\000o}{section.5.6}% 197
\BOOKMARK [2][-]{subsection.5.6.2}{\376\377\000D\000i\000s\000e\000\361\000o}{section.5.6}% 198
\BOOKMARK [2][-]{subsection.5.6.3}{\376\377\000S\000a\000l\000i\000d\000a\000s}{section.5.6}% 199
\BOOKMARK [2][-]{subsection.5.6.4}{\376\377\000E\000n\000t\000r\000a\000d\000a\000s}{section.5.6}% 200
\BOOKMARK [2][-]{subsection.5.6.5}{\376\377\000C\000o\000m\000a\000n\000d\000o\000s}{section.5.6}% 201
\BOOKMARK [2][-]{subsection.5.6.6}{\376\377\000M\000e\000n\000s\000a\000j\000e\000s}{section.5.6}% 202
\BOOKMARK [1][-]{section.5.7}{\376\377\000I\000U\0000\0006\000\040\000P\000a\000n\000t\000a\000l\000l\000a\000\040\000I\000n\000f\000o\000r\000m\000a\000c\000i\000\363\000n\000\040\000d\000e\000\040\000E\000T\000S}{chapter.5}% 203
\BOOKMARK [2][-]{subsection.5.7.1}{\376\377\000O\000b\000j\000e\000t\000i\000v\000o}{section.5.7}% 204
\BOOKMARK [2][-]{subsection.5.7.2}{\376\377\000D\000i\000s\000e\000\361\000o}{section.5.7}% 205
\BOOKMARK [2][-]{subsection.5.7.3}{\376\377\000S\000a\000l\000i\000d\000a\000s}{section.5.7}% 206
\BOOKMARK [2][-]{subsection.5.7.4}{\376\377\000E\000n\000t\000r\000a\000d\000a\000s}{section.5.7}% 207
\BOOKMARK [2][-]{subsection.5.7.5}{\376\377\000C\000o\000m\000a\000n\000d\000o\000s}{section.5.7}% 208
\BOOKMARK [2][-]{subsection.5.7.6}{\376\377\000M\000e\000n\000s\000a\000j\000e\000s}{section.5.7}% 209
\BOOKMARK [1][-]{section.5.8}{\376\377\000I\000U\0000\0008\000\040\000P\000a\000n\000t\000a\000l\000l\000a\000\040\000L\000i\000s\000t\000a\000\040\000d\000e\000\040\000a\000s\000i\000s\000t\000e\000n\000c\000i\000a\000\040\000d\000e\000\040\000E\000T\000S}{chapter.5}% 210
\BOOKMARK [2][-]{subsection.5.8.1}{\376\377\000O\000b\000j\000e\000t\000i\000v\000o}{section.5.8}% 211
\BOOKMARK [2][-]{subsection.5.8.2}{\376\377\000D\000i\000s\000e\000\361\000o}{section.5.8}% 212
\BOOKMARK [2][-]{subsection.5.8.3}{\376\377\000S\000a\000l\000i\000d\000a\000s}{section.5.8}% 213
\BOOKMARK [2][-]{subsection.5.8.4}{\376\377\000E\000n\000t\000r\000a\000d\000a\000s}{section.5.8}% 214
\BOOKMARK [1][-]{section.5.9}{\376\377\000I\000U\0001\0000\000\040\000P\000a\000n\000t\000a\000l\000l\000a\000\040\000C\000\363\000d\000i\000g\000o\000\040\000Q\000R}{chapter.5}% 215
\BOOKMARK [2][-]{subsection.5.9.1}{\376\377\000O\000b\000j\000e\000t\000i\000v\000o}{section.5.9}% 216
\BOOKMARK [2][-]{subsection.5.9.2}{\376\377\000D\000i\000s\000e\000\361\000o}{section.5.9}% 217
\BOOKMARK [2][-]{subsection.5.9.3}{\376\377\000S\000a\000l\000i\000d\000a\000s}{section.5.9}% 218
\BOOKMARK [2][-]{subsection.5.9.4}{\376\377\000E\000n\000t\000r\000a\000d\000a\000s}{section.5.9}% 219
\BOOKMARK [2][-]{subsection.5.9.5}{\376\377\000C\000o\000m\000a\000n\000d\000o\000s}{section.5.9}% 220
\BOOKMARK [2][-]{subsection.5.9.6}{\376\377\000M\000e\000n\000s\000a\000j\000e\000s}{section.5.9}% 221
\BOOKMARK [1][-]{section.5.10}{\376\377\000I\000U\0001\0001\000\040\000P\000a\000n\000t\000a\000l\000l\000a\000\040\000C\000r\000e\000d\000e\000n\000c\000i\000a\000l\000\040\000d\000e\000l\000\040\000a\000l\000u\000m\000n\000o}{chapter.5}% 222
\BOOKMARK [2][-]{subsection.5.10.1}{\376\377\000O\000b\000j\000e\000t\000i\000v\000o}{section.5.10}% 223
\BOOKMARK [2][-]{subsection.5.10.2}{\376\377\000D\000i\000s\000e\000\361\000o}{section.5.10}% 224
\BOOKMARK [2][-]{subsection.5.10.3}{\376\377\000S\000a\000l\000i\000d\000a\000s}{section.5.10}% 225
\BOOKMARK [2][-]{subsection.5.10.4}{\376\377\000E\000n\000t\000r\000a\000d\000a\000s}{section.5.10}% 226
\BOOKMARK [2][-]{subsection.5.10.5}{\376\377\000C\000o\000m\000a\000n\000d\000o\000s}{section.5.10}% 227
\BOOKMARK [2][-]{subsection.5.10.6}{\376\377\000M\000e\000n\000s\000a\000j\000e\000s}{section.5.10}% 228
\BOOKMARK [1][-]{section.5.11}{\376\377\000I\000U\0001\0002\000-\0001\000\040\000P\000a\000n\000t\000a\000l\000l\000a\000\040\000B\000u\000s\000c\000a\000r\000\040\000a\000l\000u\000m\000n\000o\000\040\000p\000o\000r\000\040\000b\000o\000l\000e\000t\000a}{chapter.5}% 229
\BOOKMARK [2][-]{subsection.5.11.1}{\376\377\000O\000b\000j\000e\000t\000i\000v\000o}{section.5.11}% 230
\BOOKMARK [2][-]{subsection.5.11.2}{\376\377\000D\000i\000s\000e\000\361\000o}{section.5.11}% 231
\BOOKMARK [2][-]{subsection.5.11.3}{\376\377\000S\000a\000l\000i\000d\000a\000s}{section.5.11}% 232
\BOOKMARK [2][-]{subsection.5.11.4}{\376\377\000E\000n\000t\000r\000a\000d\000a\000s}{section.5.11}% 233
\BOOKMARK [2][-]{subsection.5.11.5}{\376\377\000C\000o\000m\000a\000n\000d\000o\000s}{section.5.11}% 234
\BOOKMARK [2][-]{subsection.5.11.6}{\376\377\000M\000e\000n\000s\000a\000j\000e\000s}{section.5.11}% 235
\BOOKMARK [1][-]{section.5.12}{\376\377\000I\000U\0001\0002\000-\0002\000\040\000P\000a\000n\000t\000a\000l\000l\000a\000\040\000B\000u\000s\000c\000a\000r\000\040\000a\000l\000u\000m\000n\000o\000\040\000p\000o\000r\000\040\000n\000o\000m\000b\000r\000e}{chapter.5}% 236
\BOOKMARK [2][-]{subsection.5.12.1}{\376\377\000O\000b\000j\000e\000t\000i\000v\000o}{section.5.12}% 237
\BOOKMARK [2][-]{subsection.5.12.2}{\376\377\000D\000i\000s\000e\000\361\000o}{section.5.12}% 238
\BOOKMARK [2][-]{subsection.5.12.3}{\376\377\000S\000a\000l\000i\000d\000a\000s}{section.5.12}% 239
\BOOKMARK [2][-]{subsection.5.12.4}{\376\377\000E\000n\000t\000r\000a\000d\000a\000s}{section.5.12}% 240
\BOOKMARK [2][-]{subsection.5.12.5}{\376\377\000C\000o\000m\000a\000n\000d\000o\000s}{section.5.12}% 241
\BOOKMARK [2][-]{subsection.5.12.6}{\376\377\000M\000e\000n\000s\000a\000j\000e\000s}{section.5.12}% 242
\BOOKMARK [1][-]{section.5.13}{\376\377\000I\000U\0001\0004\000\040\000P\000a\000n\000t\000a\000l\000l\000a\000\040\000P\000e\000r\000i\000o\000d\000o\000\040\000d\000e\000\040\000E\000T\000S\000\040\000d\000e\000l\000\040\000a\000l\000u\000m\000n\000o}{chapter.5}% 243
\BOOKMARK [2][-]{subsection.5.13.1}{\376\377\000O\000b\000j\000e\000t\000i\000v\000o}{section.5.13}% 244
\BOOKMARK [2][-]{subsection.5.13.2}{\376\377\000D\000i\000s\000e\000\361\000o}{section.5.13}% 245
\BOOKMARK [2][-]{subsection.5.13.3}{\376\377\000S\000a\000l\000i\000d\000a\000s}{section.5.13}% 246
\BOOKMARK [2][-]{subsection.5.13.4}{\376\377\000E\000n\000t\000r\000a\000d\000a\000s}{section.5.13}% 247
\BOOKMARK [2][-]{subsection.5.13.5}{\376\377\000C\000o\000m\000a\000n\000d\000o\000s}{section.5.13}% 248
\BOOKMARK [2][-]{subsection.5.13.6}{\376\377\000M\000e\000n\000s\000a\000j\000e\000s}{section.5.13}% 249
\BOOKMARK [1][-]{section.5.14}{\376\377\000I\000U\0001\0005\000\040\000P\000a\000n\000t\000a\000l\000l\000a\000\040\000C\000o\000n\000s\000u\000l\000t\000a\000r\000\040\000E\000T\000S\000\040\000d\000e\000l\000\040\000a\000l\000u\000m\000n\000o}{chapter.5}% 250
\BOOKMARK [2][-]{subsection.5.14.1}{\376\377\000O\000b\000j\000e\000t\000i\000v\000o}{section.5.14}% 251
\BOOKMARK [2][-]{subsection.5.14.2}{\376\377\000D\000i\000s\000e\000\361\000o}{section.5.14}% 252
\BOOKMARK [2][-]{subsection.5.14.3}{\376\377\000S\000a\000l\000i\000d\000a\000s}{section.5.14}% 253
\BOOKMARK [2][-]{subsection.5.14.4}{\376\377\000E\000n\000t\000r\000a\000d\000a\000s}{section.5.14}% 254
\BOOKMARK [2][-]{subsection.5.14.5}{\376\377\000C\000o\000m\000a\000n\000d\000o\000s}{section.5.14}% 255
\BOOKMARK [2][-]{subsection.5.14.6}{\376\377\000M\000e\000n\000s\000a\000j\000e\000s}{section.5.14}% 256
\BOOKMARK [1][-]{section.5.15}{\376\377\000I\000U\0001\0006\000\040\000P\000a\000n\000t\000a\000l\000l\000a\000\040\000I\000n\000f\000o\000r\000m\000a\000c\000i\000\363\000n\000\040\000d\000e\000\040\000E\000T\000S}{chapter.5}% 257
\BOOKMARK [2][-]{subsection.5.15.1}{\376\377\000O\000b\000j\000e\000t\000i\000v\000o}{section.5.15}% 258
\BOOKMARK [2][-]{subsection.5.15.2}{\376\377\000D\000i\000s\000e\000\361\000o}{section.5.15}% 259
\BOOKMARK [2][-]{subsection.5.15.3}{\376\377\000S\000a\000l\000i\000d\000a\000s}{section.5.15}% 260
\BOOKMARK [2][-]{subsection.5.15.4}{\376\377\000E\000n\000t\000r\000a\000d\000a\000s}{section.5.15}% 261
\BOOKMARK [2][-]{subsection.5.15.5}{\376\377\000C\000o\000m\000a\000n\000d\000o\000s}{section.5.15}% 262
\BOOKMARK [2][-]{subsection.5.15.6}{\376\377\000M\000e\000n\000s\000a\000j\000e\000s}{section.5.15}% 263
\BOOKMARK [1][-]{section.5.16}{\376\377\000I\000U\0001\0007\000\040\000P\000a\000n\000t\000a\000l\000l\000a\000\040\000d\000e\000\040\000R\000e\000c\000o\000n\000o\000c\000i\000m\000i\000e\000n\000t\000o\000\040\000f\000a\000c\000i\000a\000l}{chapter.5}% 264
\BOOKMARK [2][-]{subsection.5.16.1}{\376\377\000O\000b\000j\000e\000t\000i\000v\000o}{section.5.16}% 265
\BOOKMARK [2][-]{subsection.5.16.2}{\376\377\000D\000i\000s\000e\000\361\000o}{section.5.16}% 266
\BOOKMARK [2][-]{subsection.5.16.3}{\376\377\000S\000a\000l\000i\000d\000a\000s}{section.5.16}% 267
\BOOKMARK [2][-]{subsection.5.16.4}{\376\377\000E\000n\000t\000r\000a\000d\000a\000s}{section.5.16}% 268
\BOOKMARK [2][-]{subsection.5.16.5}{\376\377\000C\000o\000m\000a\000n\000d\000o\000s}{section.5.16}% 269
\BOOKMARK [2][-]{subsection.5.16.6}{\376\377\000M\000e\000n\000s\000a\000j\000e\000s}{section.5.16}% 270
\BOOKMARK [1][-]{section.5.17}{\376\377\000I\000U\0001\0008\000\040\000P\000a\000n\000t\000a\000l\000l\000a\000\040\000d\000e\000\040\000D\000e\000t\000a\000l\000l\000e\000s\000\040\000d\000e\000l\000\040\000p\000r\000o\000c\000e\000s\000o\000\040\000d\000e\000\040\000E\000T\000S}{chapter.5}% 271
\BOOKMARK [2][-]{subsection.5.17.1}{\376\377\000O\000b\000j\000e\000t\000i\000v\000o}{section.5.17}% 272
\BOOKMARK [2][-]{subsection.5.17.2}{\376\377\000D\000i\000s\000e\000\361\000o}{section.5.17}% 273
\BOOKMARK [2][-]{subsection.5.17.3}{\376\377\000S\000a\000l\000i\000d\000a\000s}{section.5.17}% 274
\BOOKMARK [2][-]{subsection.5.17.4}{\376\377\000E\000n\000t\000r\000a\000d\000a\000s}{section.5.17}% 275
\BOOKMARK [2][-]{subsection.5.17.5}{\376\377\000C\000o\000m\000a\000n\000d\000o\000s}{section.5.17}% 276
\BOOKMARK [2][-]{subsection.5.17.6}{\376\377\000M\000e\000n\000s\000a\000j\000e\000s}{section.5.17}% 277
\BOOKMARK [1][-]{section.5.18}{\376\377\000I\000U\0002\0001\000\040\000D\000a\000r\000\040\000d\000e\000\040\000a\000l\000t\000a\000\040\000a\000\040\000a\000l\000u\000m\000n\000o}{chapter.5}% 278
\BOOKMARK [2][-]{subsection.5.18.1}{\376\377\000O\000b\000j\000e\000t\000i\000v\000o}{section.5.18}% 279
\BOOKMARK [2][-]{subsection.5.18.2}{\376\377\000D\000i\000s\000e\000\361\000o}{section.5.18}% 280
\BOOKMARK [2][-]{subsection.5.18.3}{\376\377\000S\000a\000l\000i\000d\000a\000s}{section.5.18}% 281
\BOOKMARK [2][-]{subsection.5.18.4}{\376\377\000E\000n\000t\000r\000a\000d\000a\000s}{section.5.18}% 282
\BOOKMARK [2][-]{subsection.5.18.5}{\376\377\000C\000o\000m\000a\000n\000d\000o\000s}{section.5.18}% 283
\BOOKMARK [2][-]{subsection.5.18.6}{\376\377\000M\000e\000n\000s\000a\000j\000e\000s}{section.5.18}% 284
\BOOKMARK [1][-]{section.5.19}{\376\377\000I\000U\0002\0002\000\040\000C\000r\000e\000a\000r\000\040\000c\000r\000e\000d\000e\000n\000c\000i\000a\000l}{chapter.5}% 285
\BOOKMARK [2][-]{subsection.5.19.1}{\376\377\000O\000b\000j\000e\000t\000i\000v\000o}{section.5.19}% 286
\BOOKMARK [2][-]{subsection.5.19.2}{\376\377\000D\000i\000s\000e\000\361\000o}{section.5.19}% 287
\BOOKMARK [2][-]{subsection.5.19.3}{\376\377\000S\000a\000l\000i\000d\000a\000s}{section.5.19}% 288
\BOOKMARK [2][-]{subsection.5.19.4}{\376\377\000E\000n\000t\000r\000a\000d\000a\000s}{section.5.19}% 289
\BOOKMARK [2][-]{subsection.5.19.5}{\376\377\000C\000o\000m\000a\000n\000d\000o\000s}{section.5.19}% 290
\BOOKMARK [2][-]{subsection.5.19.6}{\376\377\000M\000e\000n\000s\000a\000j\000e\000s}{section.5.19}% 291
\BOOKMARK [1][-]{section.5.20}{\376\377\000I\000U\0002\0003\000\040\000C\000a\000p\000t\000u\000r\000a\000r\000\040\000f\000o\000t\000o\000g\000r\000a\000f\000\355\000a\000\040\000e\000s\000t\000u\000d\000i\000a\000n\000t\000i\000l}{chapter.5}% 292
\BOOKMARK [2][-]{subsection.5.20.1}{\376\377\000O\000b\000j\000e\000t\000i\000v\000o}{section.5.20}% 293
\BOOKMARK [2][-]{subsection.5.20.2}{\376\377\000D\000i\000s\000e\000\361\000o}{section.5.20}% 294
\BOOKMARK [2][-]{subsection.5.20.3}{\376\377\000S\000a\000l\000i\000d\000a\000s}{section.5.20}% 295
\BOOKMARK [2][-]{subsection.5.20.4}{\376\377\000E\000n\000t\000r\000a\000d\000a\000s}{section.5.20}% 296
\BOOKMARK [2][-]{subsection.5.20.5}{\376\377\000C\000o\000m\000a\000n\000d\000o\000s}{section.5.20}% 297
\BOOKMARK [2][-]{subsection.5.20.6}{\376\377\000M\000e\000n\000s\000a\000j\000e\000s}{section.5.20}% 298
\BOOKMARK [1][-]{section.5.21}{\376\377\000I\000U\0002\0004\000\040\000C\000o\000n\000s\000u\000l\000t\000a\000r\000\040\000l\000i\000s\000t\000a\000\040\000d\000e\000\040\000p\000e\000r\000i\000o\000d\000o\000\040\000d\000e\000\040\000E\000T\000S}{chapter.5}% 299
\BOOKMARK [2][-]{subsection.5.21.1}{\376\377\000O\000b\000j\000e\000t\000i\000v\000o}{section.5.21}% 300
\BOOKMARK [2][-]{subsection.5.21.2}{\376\377\000D\000i\000s\000e\000\361\000o}{section.5.21}% 301
\BOOKMARK [2][-]{subsection.5.21.3}{\376\377\000S\000a\000l\000i\000d\000a\000s}{section.5.21}% 302
\BOOKMARK [2][-]{subsection.5.21.4}{\376\377\000E\000n\000t\000r\000a\000d\000a\000s}{section.5.21}% 303
\BOOKMARK [2][-]{subsection.5.21.5}{\376\377\000C\000o\000m\000a\000n\000d\000o\000s}{section.5.21}% 304
\BOOKMARK [2][-]{subsection.5.21.6}{\376\377\000M\000e\000n\000s\000a\000j\000e\000s}{section.5.21}% 305
\BOOKMARK [1][-]{section.5.22}{\376\377\000I\000U\0002\0005\000\040\000D\000a\000r\000\040\000d\000e\000\040\000a\000l\000t\000a\000\040\000d\000e\000\040\000p\000e\000r\000i\000o\000d\000o\000\040\000d\000e\000\040\000E\000T\000S}{chapter.5}% 306
\BOOKMARK [2][-]{subsection.5.22.1}{\376\377\000O\000b\000j\000e\000t\000i\000v\000o}{section.5.22}% 307
\BOOKMARK [2][-]{subsection.5.22.2}{\376\377\000D\000i\000s\000e\000\361\000o}{section.5.22}% 308
\BOOKMARK [2][-]{subsection.5.22.3}{\376\377\000S\000a\000l\000i\000d\000a\000s}{section.5.22}% 309
\BOOKMARK [2][-]{subsection.5.22.4}{\376\377\000E\000n\000t\000r\000a\000d\000a\000s}{section.5.22}% 310
\BOOKMARK [2][-]{subsection.5.22.5}{\376\377\000C\000o\000m\000a\000n\000d\000o\000s}{section.5.22}% 311
\BOOKMARK [2][-]{subsection.5.22.6}{\376\377\000M\000e\000n\000s\000a\000j\000e\000s}{section.5.22}% 312
\BOOKMARK [1][-]{section.5.23}{\376\377\000I\000U\0002\0008\000\040\000C\000o\000n\000s\000u\000l\000t\000a\000r\000\040\000l\000i\000s\000t\000a\000\040\000d\000e\000\040\000E\000T\000S}{chapter.5}% 313
\BOOKMARK [2][-]{subsection.5.23.1}{\376\377\000O\000b\000j\000e\000t\000i\000v\000o}{section.5.23}% 314
\BOOKMARK [2][-]{subsection.5.23.2}{\376\377\000D\000i\000s\000e\000\361\000o}{section.5.23}% 315
\BOOKMARK [2][-]{subsection.5.23.3}{\376\377\000S\000a\000l\000i\000d\000a\000s}{section.5.23}% 316
\BOOKMARK [2][-]{subsection.5.23.4}{\376\377\000E\000n\000t\000r\000a\000d\000a\000s}{section.5.23}% 317
\BOOKMARK [2][-]{subsection.5.23.5}{\376\377\000C\000o\000m\000a\000n\000d\000o\000s}{section.5.23}% 318
\BOOKMARK [2][-]{subsection.5.23.6}{\376\377\000M\000e\000n\000s\000a\000j\000e\000s}{section.5.23}% 319
\BOOKMARK [1][-]{section.5.24}{\376\377\000I\000U\0002\0009\000\040\000D\000a\000r\000\040\000d\000e\000\040\000a\000l\000t\000a\000\040\000E\000T\000S}{chapter.5}% 320
\BOOKMARK [2][-]{subsection.5.24.1}{\376\377\000O\000b\000j\000e\000t\000i\000v\000o}{section.5.24}% 321
\BOOKMARK [2][-]{subsection.5.24.2}{\376\377\000D\000i\000s\000e\000\361\000o}{section.5.24}% 322
\BOOKMARK [2][-]{subsection.5.24.3}{\376\377\000S\000a\000l\000i\000d\000a\000s}{section.5.24}% 323
\BOOKMARK [2][-]{subsection.5.24.4}{\376\377\000E\000n\000t\000r\000a\000d\000a\000s}{section.5.24}% 324
\BOOKMARK [2][-]{subsection.5.24.5}{\376\377\000C\000o\000m\000a\000n\000d\000o\000s}{section.5.24}% 325
\BOOKMARK [2][-]{subsection.5.24.6}{\376\377\000M\000e\000n\000s\000a\000j\000e\000s}{section.5.24}% 326
\BOOKMARK [1][-]{section.5.25}{\376\377\000I\000U\0003\0002\000\040\000C\000o\000n\000s\000u\000l\000t\000a\000r\000\040\000l\000i\000s\000t\000a\000\040\000d\000e\000\040\000p\000e\000r\000s\000o\000n\000a\000l\000\040\000d\000e\000\040\000s\000e\000g\000u\000r\000i\000d\000a\000d}{chapter.5}% 327
\BOOKMARK [2][-]{subsection.5.25.1}{\376\377\000O\000b\000j\000e\000t\000i\000v\000o}{section.5.25}% 328
\BOOKMARK [2][-]{subsection.5.25.2}{\376\377\000D\000i\000s\000e\000\361\000o}{section.5.25}% 329
\BOOKMARK [2][-]{subsection.5.25.3}{\376\377\000S\000a\000l\000i\000d\000a\000s}{section.5.25}% 330
\BOOKMARK [2][-]{subsection.5.25.4}{\376\377\000E\000n\000t\000r\000a\000d\000a\000s}{section.5.25}% 331
\BOOKMARK [2][-]{subsection.5.25.5}{\376\377\000C\000o\000m\000a\000n\000d\000o\000s}{section.5.25}% 332
\BOOKMARK [2][-]{subsection.5.25.6}{\376\377\000M\000e\000n\000s\000a\000j\000e\000s}{section.5.25}% 333
\BOOKMARK [1][-]{section.5.26}{\376\377\000I\000U\0003\0003\000\040\000D\000a\000r\000\040\000d\000e\000\040\000a\000l\000t\000a\000\040\000p\000e\000r\000s\000o\000n\000a\000l\000\040\000d\000e\000\040\000s\000e\000g\000u\000r\000i\000d\000a\000d}{chapter.5}% 334
\BOOKMARK [2][-]{subsection.5.26.1}{\376\377\000O\000b\000j\000e\000t\000i\000v\000o}{section.5.26}% 335
\BOOKMARK [2][-]{subsection.5.26.2}{\376\377\000D\000i\000s\000e\000\361\000o}{section.5.26}% 336
\BOOKMARK [2][-]{subsection.5.26.3}{\376\377\000S\000a\000l\000i\000d\000a\000s}{section.5.26}% 337
\BOOKMARK [2][-]{subsection.5.26.4}{\376\377\000E\000n\000t\000r\000a\000d\000a\000s}{section.5.26}% 338
\BOOKMARK [2][-]{subsection.5.26.5}{\376\377\000C\000o\000m\000a\000n\000d\000o\000s}{section.5.26}% 339
\BOOKMARK [2][-]{subsection.5.26.6}{\376\377\000M\000e\000n\000s\000a\000j\000e\000s}{section.5.26}% 340
\BOOKMARK [1][-]{section.5.27}{\376\377\000I\000U\0003\0006\000\040\000C\000o\000n\000s\000u\000l\000t\000a\000r\000\040\000l\000i\000s\000t\000a\000\040\000d\000e\000\040\000d\000o\000c\000e\000n\000t\000e\000s}{chapter.5}% 341
\BOOKMARK [2][-]{subsection.5.27.1}{\376\377\000O\000b\000j\000e\000t\000i\000v\000o}{section.5.27}% 342
\BOOKMARK [2][-]{subsection.5.27.2}{\376\377\000D\000i\000s\000e\000\361\000o}{section.5.27}% 343
\BOOKMARK [2][-]{subsection.5.27.3}{\376\377\000S\000a\000l\000i\000d\000a\000s}{section.5.27}% 344
\BOOKMARK [2][-]{subsection.5.27.4}{\376\377\000E\000n\000t\000r\000a\000d\000a\000s}{section.5.27}% 345
\BOOKMARK [2][-]{subsection.5.27.5}{\376\377\000C\000o\000m\000a\000n\000d\000o\000s}{section.5.27}% 346
\BOOKMARK [2][-]{subsection.5.27.6}{\376\377\000M\000e\000n\000s\000a\000j\000e\000s}{section.5.27}% 347
\BOOKMARK [1][-]{section.5.28}{\376\377\000I\000U\0003\0007\000\040\000D\000a\000r\000\040\000d\000e\000\040\000a\000l\000t\000a\000\040\000d\000o\000c\000e\000n\000t\000e}{chapter.5}% 348
\BOOKMARK [2][-]{subsection.5.28.1}{\376\377\000O\000b\000j\000e\000t\000i\000v\000o}{section.5.28}% 349
\BOOKMARK [2][-]{subsection.5.28.2}{\376\377\000D\000i\000s\000e\000\361\000o}{section.5.28}% 350
\BOOKMARK [2][-]{subsection.5.28.3}{\376\377\000S\000a\000l\000i\000d\000a\000s}{section.5.28}% 351
\BOOKMARK [2][-]{subsection.5.28.4}{\376\377\000E\000n\000t\000r\000a\000d\000a\000s}{section.5.28}% 352
\BOOKMARK [2][-]{subsection.5.28.5}{\376\377\000C\000o\000m\000a\000n\000d\000o\000s}{section.5.28}% 353
\BOOKMARK [2][-]{subsection.5.28.6}{\376\377\000M\000e\000n\000s\000a\000j\000e\000s}{section.5.28}% 354
\BOOKMARK [1][-]{section.5.29}{\376\377\000I\000U\0004\0000\000\040\000I\000n\000i\000c\000i\000a\000r\000\040\000S\000o\000l\000i\000c\000i\000t\000a\000r\000\040\000d\000e\000s\000b\000l\000o\000q\000u\000e\000o\000\040\000d\000e\000\040\000c\000u\000e\000n\000t\000a}{chapter.5}% 355
\BOOKMARK [2][-]{subsection.5.29.1}{\376\377\000O\000b\000j\000e\000t\000i\000v\000o}{section.5.29}% 356
\BOOKMARK [2][-]{subsection.5.29.2}{\376\377\000D\000i\000s\000e\000\361\000o}{section.5.29}% 357
\BOOKMARK [2][-]{subsection.5.29.3}{\376\377\000S\000a\000l\000i\000d\000a\000s}{section.5.29}% 358
\BOOKMARK [2][-]{subsection.5.29.4}{\376\377\000E\000n\000t\000r\000a\000d\000a\000s}{section.5.29}% 359
\BOOKMARK [2][-]{subsection.5.29.5}{\376\377\000C\000o\000m\000a\000n\000d\000o\000s}{section.5.29}% 360
\BOOKMARK [2][-]{subsection.5.29.6}{\376\377\000M\000e\000n\000s\000a\000j\000e\000s}{section.5.29}% 361
\BOOKMARK [1][-]{section.5.30}{\376\377\000I\000U\0004\0001\000\040\000P\000a\000n\000t\000a\000l\000l\000a\000\040\000I\000n\000i\000c\000i\000a\000r\000\040\000s\000e\000s\000i\000\363\000n\000\040\000d\000e\000\040\000p\000e\000r\000s\000o\000n\000a\000l\000\040\000e\000s\000c\000o\000l\000a\000r\000\040\000w\000e\000b}{chapter.5}% 362
\BOOKMARK [2][-]{subsection.5.30.1}{\376\377\000O\000b\000j\000e\000t\000i\000v\000o}{section.5.30}% 363
\BOOKMARK [2][-]{subsection.5.30.2}{\376\377\000D\000i\000s\000e\000\361\000o}{section.5.30}% 364
\BOOKMARK [2][-]{subsection.5.30.3}{\376\377\000S\000a\000l\000i\000d\000a\000s}{section.5.30}% 365
\BOOKMARK [2][-]{subsection.5.30.4}{\376\377\000E\000n\000t\000r\000a\000d\000a\000s}{section.5.30}% 366
\BOOKMARK [2][-]{subsection.5.30.5}{\376\377\000C\000o\000m\000a\000n\000d\000o\000s}{section.5.30}% 367
\BOOKMARK [2][-]{subsection.5.30.6}{\376\377\000M\000e\000n\000s\000a\000j\000e\000s}{section.5.30}% 368
\BOOKMARK [1][-]{section.5.31}{\376\377\000I\000U\000E\0000\0000\000\040\000S\000e\000l\000e\000c\000c\000i\000\363\000n\000\040\000d\000e\000\040\000i\000n\000i\000c\000i\000o\000\040\000d\000e\000\040\000s\000e\000s\000i\000\363\000n}{chapter.5}% 369
\BOOKMARK [2][-]{subsection.5.31.1}{\376\377\000O\000b\000j\000e\000t\000i\000v\000o}{section.5.31}% 370
\BOOKMARK [2][-]{subsection.5.31.2}{\376\377\000D\000i\000s\000e\000\361\000o}{section.5.31}% 371
\BOOKMARK [2][-]{subsection.5.31.3}{\376\377\000S\000a\000l\000i\000d\000a\000s}{section.5.31}% 372
\BOOKMARK [2][-]{subsection.5.31.4}{\376\377\000E\000n\000t\000r\000a\000d\000a\000s}{section.5.31}% 373
\BOOKMARK [2][-]{subsection.5.31.5}{\376\377\000C\000o\000m\000a\000n\000d\000o\000s}{section.5.31}% 374
\BOOKMARK [2][-]{subsection.5.31.6}{\376\377\000M\000e\000n\000s\000a\000j\000e\000s}{section.5.31}% 375
\BOOKMARK [1][-]{section.5.32}{\376\377\000I\000U\000E\0000\0001\000\040\000M\000e\000n\000\372\000\040\000d\000e\000\040\000d\000o\000c\000e\000n\000t\000e}{chapter.5}% 376
\BOOKMARK [2][-]{subsection.5.32.1}{\376\377\000O\000b\000j\000e\000t\000i\000v\000o}{section.5.32}% 377
\BOOKMARK [2][-]{subsection.5.32.2}{\376\377\000D\000i\000s\000e\000\361\000o}{section.5.32}% 378
\BOOKMARK [2][-]{subsection.5.32.3}{\376\377\000S\000a\000l\000i\000d\000a\000s}{section.5.32}% 379
\BOOKMARK [2][-]{subsection.5.32.4}{\376\377\000E\000n\000t\000r\000a\000d\000a\000s}{section.5.32}% 380
\BOOKMARK [2][-]{subsection.5.32.5}{\376\377\000C\000o\000m\000a\000n\000d\000o\000s}{section.5.32}% 381
\BOOKMARK [2][-]{subsection.5.32.6}{\376\377\000M\000e\000n\000s\000a\000j\000e\000s}{section.5.32}% 382
\BOOKMARK [1][-]{section.5.33}{\376\377\000I\000U\000E\0000\0002\000\040\000M\000e\000n\000\372\000\040\000d\000e\000\040\000p\000e\000r\000s\000o\000n\000a\000l\000\040\000d\000e\000\040\000s\000e\000g\000u\000r\000i\000d\000a\000d}{chapter.5}% 383
\BOOKMARK [2][-]{subsection.5.33.1}{\376\377\000O\000b\000j\000e\000t\000i\000v\000o}{section.5.33}% 384
\BOOKMARK [2][-]{subsection.5.33.2}{\376\377\000D\000i\000s\000e\000\361\000o}{section.5.33}% 385
\BOOKMARK [2][-]{subsection.5.33.3}{\376\377\000S\000a\000l\000i\000d\000a\000s}{section.5.33}% 386
\BOOKMARK [2][-]{subsection.5.33.4}{\376\377\000E\000n\000t\000r\000a\000d\000a\000s}{section.5.33}% 387
\BOOKMARK [2][-]{subsection.5.33.5}{\376\377\000C\000o\000m\000a\000n\000d\000o\000s}{section.5.33}% 388
\BOOKMARK [2][-]{subsection.5.33.6}{\376\377\000M\000e\000n\000s\000a\000j\000e\000s}{section.5.33}% 389
\BOOKMARK [1][-]{section.5.34}{\376\377\000I\000U\000E\0000\0003\000\040\000M\000e\000n\000\372\000\040\000d\000e\000\040\000a\000l\000u\000m\000n\000o}{chapter.5}% 390
\BOOKMARK [2][-]{subsection.5.34.1}{\376\377\000O\000b\000j\000e\000t\000i\000v\000o}{section.5.34}% 391
\BOOKMARK [2][-]{subsection.5.34.2}{\376\377\000D\000i\000s\000e\000\361\000o}{section.5.34}% 392
\BOOKMARK [2][-]{subsection.5.34.3}{\376\377\000S\000a\000l\000i\000d\000a\000s}{section.5.34}% 393
\BOOKMARK [2][-]{subsection.5.34.4}{\376\377\000E\000n\000t\000r\000a\000d\000a\000s}{section.5.34}% 394
\BOOKMARK [2][-]{subsection.5.34.5}{\376\377\000C\000o\000m\000a\000n\000d\000o\000s}{section.5.34}% 395
\BOOKMARK [2][-]{subsection.5.34.6}{\376\377\000M\000e\000n\000s\000a\000j\000e\000s}{section.5.34}% 396
\BOOKMARK [1][-]{section.5.35}{\376\377\000I\000U\000E\0000\0004\000\040\000M\000e\000n\000\372\000\040\000d\000e\000\040\000p\000e\000r\000s\000o\000n\000a\000l\000\040\000d\000e\000\040\000l\000a\000\040\000D\000A\000E}{chapter.5}% 397
\BOOKMARK [2][-]{subsection.5.35.1}{\376\377\000O\000b\000j\000e\000t\000i\000v\000o}{section.5.35}% 398
\BOOKMARK [2][-]{subsection.5.35.2}{\376\377\000D\000i\000s\000e\000\361\000o}{section.5.35}% 399
\BOOKMARK [2][-]{subsection.5.35.3}{\376\377\000S\000a\000l\000i\000d\000a\000s}{section.5.35}% 400
\BOOKMARK [2][-]{subsection.5.35.4}{\376\377\000E\000n\000t\000r\000a\000d\000a\000s}{section.5.35}% 401
\BOOKMARK [2][-]{subsection.5.35.5}{\376\377\000C\000o\000m\000a\000n\000d\000o\000s}{section.5.35}% 402
\BOOKMARK [2][-]{subsection.5.35.6}{\376\377\000M\000e\000n\000s\000a\000j\000e\000s}{section.5.35}% 403
\BOOKMARK [1][-]{section.5.36}{\376\377\000I\000U\000E\0000\0005\000\040\000M\000e\000n\000\372\000\040\000d\000e\000\040\000p\000e\000r\000s\000o\000n\000a\000l\000\040\000d\000e\000\040\000g\000e\000s\000t\000i\000\363\000n\000\040\000e\000s\000c\000o\000l\000a\000r}{chapter.5}% 404
\BOOKMARK [2][-]{subsection.5.36.1}{\376\377\000O\000b\000j\000e\000t\000i\000v\000o}{section.5.36}% 405
\BOOKMARK [2][-]{subsection.5.36.2}{\376\377\000D\000i\000s\000e\000\361\000o}{section.5.36}% 406
\BOOKMARK [2][-]{subsection.5.36.3}{\376\377\000S\000a\000l\000i\000d\000a\000s}{section.5.36}% 407
\BOOKMARK [2][-]{subsection.5.36.4}{\376\377\000E\000n\000t\000r\000a\000d\000a\000s}{section.5.36}% 408
\BOOKMARK [2][-]{subsection.5.36.5}{\376\377\000C\000o\000m\000a\000n\000d\000o\000s}{section.5.36}% 409
\BOOKMARK [2][-]{subsection.5.36.6}{\376\377\000M\000e\000n\000s\000a\000j\000e\000s}{section.5.36}% 410
