\BOOKMARK [0][-]{chapter.1}{\376\377\000I\000n\000t\000r\000o\000d\000u\000c\000c\000i\000\363\000n}{}% 1
\BOOKMARK [1][-]{section.1.1}{\376\377\000A\000n\000t\000e\000c\000e\000d\000e\000n\000t\000e\000s}{chapter.1}% 2
\BOOKMARK [1][-]{section.1.2}{\376\377\000P\000l\000a\000n\000t\000e\000a\000m\000i\000e\000n\000t\000o\000\040\000d\000e\000l\000\040\000p\000r\000o\000b\000l\000e\000m\000a}{chapter.1}% 3
\BOOKMARK [1][-]{section.1.3}{\376\377\000P\000r\000o\000p\000u\000e\000s\000t\000a\000\040\000d\000e\000\040\000s\000o\000l\000u\000c\000i\000\363\000n}{chapter.1}% 4
\BOOKMARK [1][-]{section.1.4}{\376\377\000O\000b\000j\000e\000t\000i\000v\000o\000\040\000g\000e\000n\000e\000r\000a\000l}{chapter.1}% 5
\BOOKMARK [2][-]{subsection.1.4.1}{\376\377\000O\000b\000j\000e\000t\000i\000v\000o\000s\000\040\000e\000s\000p\000e\000c\000\355\000f\000i\000c\000o\000s}{section.1.4}% 6
\BOOKMARK [1][-]{section.1.5}{\376\377\000J\000u\000s\000t\000i\000f\000i\000c\000a\000c\000i\000\363\000n}{chapter.1}% 7
\BOOKMARK [1][-]{section.1.6}{\376\377\000O\000r\000g\000a\000n\000i\000z\000a\000c\000i\000\363\000n\000\040\000d\000e\000l\000\040\000d\000o\000c\000u\000m\000e\000n\000t\000o}{chapter.1}% 8
\BOOKMARK [0][-]{chapter.2}{\376\377\000M\000a\000r\000c\000o\000\040\000T\000e\000\363\000r\000i\000c\000o}{}% 9
\BOOKMARK [1][-]{section.2.1}{\376\377\000E\000v\000a\000l\000u\000a\000c\000i\000o\000n\000e\000s\000\040\000a\000\040\000T\000\355\000t\000u\000l\000o\000\040\000d\000e\000\040\000S\000u\000f\000i\000c\000i\000e\000n\000c\000i\000a\000\040\000\050\000E\000T\000S\000\051}{chapter.2}% 10
\BOOKMARK [2][-]{subsection.2.1.1}{\376\377\000P\000r\000o\000c\000e\000d\000i\000m\000i\000e\000n\000t\000o\000\040\000p\000a\000r\000a\000\040\000r\000e\000a\000l\000i\000z\000a\000r\000\040\000u\000n\000\040\000E\000T\000S}{section.2.1}% 11
\BOOKMARK [1][-]{section.2.2}{\376\377\000C\000\363\000d\000i\000g\000o\000s\000\040\000Q\000R}{chapter.2}% 12
\BOOKMARK [2][-]{subsection.2.2.1}{\376\377\000A\000n\000a\000t\000o\000m\000\355\000a\000\040\000d\000e\000\040\000u\000n\000\040\000c\000\363\000d\000i\000g\000o\000\040\000Q\000R}{section.2.2}% 13
\BOOKMARK [2][-]{subsection.2.2.2}{\376\377\000F\000i\000a\000b\000i\000l\000i\000d\000a\000d\000\040\000d\000e\000\040\000l\000o\000s\000\040\000c\000\363\000d\000i\000g\000o\000s\000\040\000Q\000R}{section.2.2}% 14
\BOOKMARK [1][-]{section.2.3}{\376\377\000A\000p\000l\000i\000c\000a\000c\000i\000\363\000n\000\040\000m\000\363\000v\000i\000l}{chapter.2}% 15
\BOOKMARK [2][-]{subsection.2.3.1}{\376\377\000A\000p\000l\000i\000c\000a\000c\000i\000o\000n\000e\000s\000\040\000n\000a\000t\000i\000v\000a\000s}{section.2.3}% 16
\BOOKMARK [2][-]{subsection.2.3.2}{\376\377\000A\000p\000l\000i\000c\000a\000c\000i\000o\000n\000e\000s\000\040\000W\000e\000b}{section.2.3}% 17
\BOOKMARK [2][-]{subsection.2.3.3}{\376\377\000A\000p\000l\000i\000c\000a\000c\000i\000o\000n\000e\000s\000\040\000H\000\355\000b\000r\000i\000d\000a\000s}{section.2.3}% 18
\BOOKMARK [2][-]{subsection.2.3.4}{\376\377\000A\000p\000l\000i\000c\000a\000c\000i\000o\000n\000e\000s\000\040\000P\000r\000o\000g\000r\000e\000s\000i\000v\000a\000s\000\040\000W\000e\000b\000\040\000A\000p\000p\000s\000\040\000\050\000P\000W\000A\000\051}{section.2.3}% 19
\BOOKMARK [1][-]{section.2.4}{\376\377\000S\000i\000s\000t\000e\000m\000a\000\040\000o\000p\000e\000r\000a\000t\000i\000v\000o}{chapter.2}% 20
\BOOKMARK [1][-]{section.2.5}{\376\377\000L\000e\000n\000g\000u\000a\000j\000e\000\040\000d\000e\000\040\000p\000r\000o\000g\000r\000a\000m\000a\000c\000i\000\363\000n}{chapter.2}% 21
\BOOKMARK [1][-]{section.2.6}{\376\377\000F\000r\000a\000m\000e\000w\000o\000r\000k}{chapter.2}% 22
\BOOKMARK [2][-]{subsection.2.6.1}{\376\377\000J\000e\000t\000p\000a\000c\000k\000\040\000c\000o\000m\000p\000o\000s\000e}{section.2.6}% 23
\BOOKMARK [2][-]{subsection.2.6.2}{\376\377\000X\000M\000L}{section.2.6}% 24
\BOOKMARK [1][-]{section.2.7}{\376\377\000P\000a\000t\000r\000o\000n\000e\000s\000\040\000d\000e\000\040\000a\000r\000q\000u\000i\000t\000e\000c\000t\000u\000r\000a\000\040\000d\000e\000\040\000s\000o\000f\000t\000w\000a\000r\000e}{chapter.2}% 25
\BOOKMARK [2][-]{subsection.2.7.1}{\376\377\000A\000r\000q\000u\000i\000t\000e\000c\000t\000u\000r\000a\000\040\000d\000e\000\040\000c\000a\000p\000a\000s}{section.2.7}% 26
\BOOKMARK [2][-]{subsection.2.7.2}{\376\377\000A\000r\000q\000u\000i\000t\000e\000c\000t\000u\000r\000a\000\040\000o\000r\000i\000e\000n\000t\000a\000d\000a\000\040\000a\000\040\000s\000e\000r\000v\000i\000c\000i\000o\000s}{section.2.7}% 27
\BOOKMARK [2][-]{subsection.2.7.3}{\376\377\000A\000r\000q\000u\000i\000t\000e\000c\000t\000u\000r\000a\000\040\000d\000e\000\040\000m\000i\000c\000r\000o\000\040\000s\000e\000r\000v\000i\000c\000i\000o\000s}{section.2.7}% 28
\BOOKMARK [2][-]{subsection.2.7.4}{\376\377\000E\000l\000\040\000p\000a\000t\000r\000\363\000n\000\040\000m\000o\000d\000e\000l\000o\000\040\000v\000i\000s\000t\000a\000\040\000c\000o\000n\000t\000r\000o\000l\000a\000d\000o\000r}{section.2.7}% 29
\BOOKMARK [1][-]{section.2.8}{\376\377\000R\000e\000d\000e\000s\000\040\000n\000e\000u\000r\000o\000n\000a\000l\000e\000s\000\040\000a\000r\000t\000i\000f\000i\000c\000i\000a\000l\000e\000s}{chapter.2}% 30
\BOOKMARK [2][-]{subsection.2.8.1}{\376\377\000E\000s\000t\000r\000u\000c\000t\000u\000r\000a\000\040\000d\000e\000\040\000u\000n\000a\000\040\000r\000e\000d\000\040\000n\000e\000u\000r\000o\000n\000a\000l\000\040\000a\000r\000t\000i\000f\000i\000c\000i\000a\000l}{section.2.8}% 31
\BOOKMARK [1][-]{section.2.9}{\376\377\000P\000r\000o\000c\000e\000s\000o\000\040\000d\000e\000\040\000a\000p\000r\000e\000n\000d\000i\000z\000a\000j\000e}{chapter.2}% 32
\BOOKMARK [2][-]{subsection.2.9.1}{\376\377\000F\000o\000r\000w\000a\000r\000d\000\040\000p\000r\000o\000p\000a\000g\000a\000t\000i\000o\000n}{section.2.9}% 33
\BOOKMARK [2][-]{subsection.2.9.2}{\376\377\000B\000a\000c\000k\000p\000r\000o\000p\000a\000g\000a\000t\000i\000o\000n}{section.2.9}% 34
\BOOKMARK [2][-]{subsection.2.9.3}{\376\377\000F\000u\000n\000c\000i\000o\000n\000e\000s\000\040\000d\000e\000\040\000a\000c\000t\000i\000v\000a\000c\000i\000\363\000n}{section.2.9}% 35
\BOOKMARK [1][-]{section.2.10}{\376\377\000T\000i\000p\000o\000s\000\040\000d\000e\000\040\000r\000e\000d\000e\000s\000\040\000n\000e\000u\000r\000o\000n\000a\000l\000e\000s}{chapter.2}% 36
\BOOKMARK [2][-]{subsection.2.10.1}{\376\377\000P\000e\000r\000c\000e\000p\000t\000r\000\363\000n}{section.2.10}% 37
\BOOKMARK [2][-]{subsection.2.10.2}{\376\377\000P\000e\000r\000c\000e\000p\000t\000r\000\363\000n\000\040\000m\000u\000l\000t\000i\000c\000a\000p\000a}{section.2.10}% 38
\BOOKMARK [2][-]{subsection.2.10.3}{\376\377\000R\000e\000d\000e\000s\000\040\000n\000e\000u\000r\000o\000n\000a\000l\000e\000s\000\040\000c\000o\000n\000v\000o\000l\000u\000c\000i\000o\000n\000a\000l\000e\000s}{section.2.10}% 39
\BOOKMARK [2][-]{subsection.2.10.4}{\376\377\000R\000e\000d\000e\000s\000\040\000n\000e\000u\000r\000o\000n\000a\000l\000e\000s\000\040\000r\000e\000c\000u\000r\000r\000e\000n\000t\000e\000s}{section.2.10}% 40
\BOOKMARK [1][-]{section.2.11}{\376\377\000L\000i\000m\000i\000t\000a\000c\000i\000o\000n\000e\000s}{chapter.2}% 41
\BOOKMARK [1][-]{section.2.12}{\376\377\000R\000e\000c\000o\000n\000o\000c\000i\000m\000i\000e\000n\000t\000o\000\040\000f\000a\000c\000i\000a\000l}{chapter.2}% 42
\BOOKMARK [2][-]{subsection.2.12.1}{\376\377\000F\000u\000n\000d\000a\000m\000e\000n\000t\000o\000s\000\040\000d\000e\000l\000\040\000r\000e\000c\000o\000n\000o\000c\000i\000m\000i\000e\000n\000t\000o\000\040\000f\000a\000c\000i\000a\000l}{section.2.12}% 43
\BOOKMARK [2][-]{subsection.2.12.2}{\376\377\000I\000d\000e\000n\000t\000i\000f\000i\000c\000a\000c\000i\000\363\000n\000\040\000d\000e\000\040\000r\000o\000s\000t\000r\000o\000s}{section.2.12}% 44
\BOOKMARK [2][-]{subsection.2.12.3}{\376\377\000V\000e\000r\000i\000f\000i\000c\000a\000c\000i\000\363\000n\000\040\000d\000e\000\040\000r\000o\000s\000t\000r\000o\000s}{section.2.12}% 45
\BOOKMARK [2][-]{subsection.2.12.4}{\376\377\000I\000d\000e\000n\000t\000i\000f\000i\000c\000a\000c\000i\000\363\000n\000\040\000m\000e\000d\000i\000a\000n\000t\000e\000\040\000v\000e\000r\000i\000f\000i\000c\000a\000c\000i\000\363\000n}{section.2.12}% 46
