This is pdfTeX, Version 3.141592653-2.6-1.40.26 (MiKTeX 24.4) (preloaded format=pdflatex 2024.11.18)  24 NOV 2024 23:29
entering extended mode
 restricted \write18 enabled.
 %&-line parsing enabled.
**./ejemplo.tex
(ejemplo.tex
LaTeX2e <2024-11-01>
L3 programming layer <2024-11-02>
(C:\Users\luis-\AppData\Local\Programs\MiKTeX\tex/latex/base\book.cls
Document Class: book 2024/06/29 v1.4n Standard LaTeX document class
(C:\Users\luis-\AppData\Local\Programs\MiKTeX\tex/latex/base\bk10.clo
File: bk10.clo 2024/06/29 v1.4n Standard LaTeX file (size option)
)
\c@part=\count196
\c@chapter=\count197
\c@section=\count198
\c@subsection=\count199
\c@subsubsection=\count266
\c@paragraph=\count267
\c@subparagraph=\count268
\c@figure=\count269
\c@table=\count270
\abovecaptionskip=\skip49
\belowcaptionskip=\skip50
\bibindent=\dimen141
) (cdtUsecases.sty (cdtRequerimientos.sty (cdtBook.sty
Package: cdtBook 2010/05/30, v1.0 CDT-ESCOM-IPN Plantilla para reportes de la C
oordinación
(C:\Users\luis-\AppData\Local\Programs\MiKTeX\tex/latex/base\inputenc.sty
Package: inputenc 2024/02/08 v1.3d Input encoding file
\inpenc@prehook=\toks17
\inpenc@posthook=\toks18
) (C:\Users\luis-\AppData\Local\Programs\MiKTeX\tex/generic/babel\babel.sty
Package: babel 2024/11/08 v24.13 The multilingual framework for pdfLaTeX, LuaLa
TeX and XeLaTeX
\babel@savecnt=\count271
\U@D=\dimen142
\l@unhyphenated=\language79
(C:\Users\luis-\AppData\Local\Programs\MiKTeX\tex/generic/babel\txtbabel.def)
\bbl@readstream=\read2
\bbl@dirlevel=\count272
*************************************
* Local config file bblopts.cfg used
*
(C:\Users\luis-\AppData\Local\Programs\MiKTeX\tex/latex/arabi\bblopts.cfg
File: bblopts.cfg 2005/09/08 v0.1 add Arabic and Farsi to "declared" options of
 babel
)
(C:\Users\luis-\AppData\Local\Programs\MiKTeX\tex/latex/babel-spanish\spanish.l
df
Language: spanish.ldf 2021/05/27 v5.0q Spanish support from the babel system
\es@quottoks=\toks19
\es@quotdepth=\count273
Package babel Info: Making " an active character on input line 570.
Package babel Info: Making . an active character on input line 675.
Package babel Info: Making < an active character on input line 722.
Package babel Info: Making > an active character on input line 722.
))
(C:\Users\luis-\AppData\Local\Programs\MiKTeX\tex/generic/babel/locale/es\babel
-spanish.tex
Package babel Info: Importing font and identification data for spanish
(babel)             from babel-es.ini. Reported on input line 11.
) (C:\Users\luis-\AppData\Local\Programs\MiKTeX\tex/latex/cmbright\cmbright.sty
Package: cmbright 2005/04/13 v8.1 (WaS)
LaTeX Font Info:    Redeclaring symbol font `operators' on input line 29.
LaTeX Font Info:    Overwriting symbol font `operators' in version `normal'
(Font)                  OT1/cmr/m/n --> OT1/cmbr/m/n on input line 29.
LaTeX Font Info:    Overwriting symbol font `operators' in version `bold'
(Font)                  OT1/cmr/bx/n --> OT1/cmbr/m/n on input line 29.
LaTeX Font Info:    Redeclaring symbol font `letters' on input line 30.
LaTeX Font Info:    Overwriting symbol font `letters' in version `normal'
(Font)                  OML/cmm/m/it --> OML/cmbrm/m/it on input line 30.
LaTeX Font Info:    Overwriting symbol font `letters' in version `bold'
(Font)                  OML/cmm/b/it --> OML/cmbrm/m/it on input line 30.
LaTeX Font Info:    Overwriting symbol font `letters' in version `bold'
(Font)                  OML/cmbrm/m/it --> OML/cmbrm/b/it on input line 31.
LaTeX Font Info:    Redeclaring symbol font `symbols' on input line 32.
LaTeX Font Info:    Overwriting symbol font `symbols' in version `normal'
(Font)                  OMS/cmsy/m/n --> OMS/cmbrs/m/n on input line 32.
LaTeX Font Info:    Overwriting symbol font `symbols' in version `bold'
(Font)                  OMS/cmsy/b/n --> OMS/cmbrs/m/n on input line 32.
LaTeX Font Info:    Redeclaring math alphabet \mathit on input line 33.
LaTeX Font Info:    Overwriting math alphabet `\mathit' in version `normal'
(Font)                  OT1/cmr/m/it --> OT1/cmbr/m/sl on input line 33.
LaTeX Font Info:    Overwriting math alphabet `\mathit' in version `bold'
(Font)                  OT1/cmr/bx/it --> OT1/cmbr/m/sl on input line 33.
LaTeX Font Info:    Redeclaring math alphabet \mathbf on input line 34.
LaTeX Font Info:    Overwriting math alphabet `\mathbf' in version `normal'
(Font)                  OT1/cmr/bx/n --> OT1/cmbr/bx/n on input line 34.
LaTeX Font Info:    Overwriting math alphabet `\mathbf' in version `bold'
(Font)                  OT1/cmr/bx/n --> OT1/cmbr/bx/n on input line 34.
LaTeX Font Info:    Redeclaring math alphabet \mathtt on input line 35.
LaTeX Font Info:    Overwriting math alphabet `\mathtt' in version `normal'
(Font)                  OT1/cmtt/m/n --> OT1/cmtl/m/n on input line 35.
LaTeX Font Info:    Overwriting math alphabet `\mathtt' in version `bold'
(Font)                  OT1/cmtt/m/n --> OT1/cmtl/m/n on input line 35.
LaTeX Font Info:    Redeclaring math symbol \alpha on input line 37.
LaTeX Font Info:    Redeclaring math symbol \beta on input line 38.
LaTeX Font Info:    Redeclaring math symbol \gamma on input line 39.
LaTeX Font Info:    Redeclaring math symbol \delta on input line 40.
LaTeX Font Info:    Redeclaring math symbol \epsilon on input line 41.
LaTeX Font Info:    Redeclaring math symbol \zeta on input line 42.
LaTeX Font Info:    Redeclaring math symbol \eta on input line 43.
LaTeX Font Info:    Redeclaring math symbol \theta on input line 44.
LaTeX Font Info:    Redeclaring math symbol \iota on input line 45.
LaTeX Font Info:    Redeclaring math symbol \kappa on input line 46.
LaTeX Font Info:    Redeclaring math symbol \lambda on input line 47.
LaTeX Font Info:    Redeclaring math symbol \mu on input line 48.
LaTeX Font Info:    Redeclaring math symbol \nu on input line 49.
LaTeX Font Info:    Redeclaring math symbol \xi on input line 50.
LaTeX Font Info:    Redeclaring math symbol \pi on input line 51.
LaTeX Font Info:    Redeclaring math symbol \rho on input line 52.
LaTeX Font Info:    Redeclaring math symbol \sigma on input line 53.
LaTeX Font Info:    Redeclaring math symbol \tau on input line 54.
LaTeX Font Info:    Redeclaring math symbol \upsilon on input line 55.
LaTeX Font Info:    Redeclaring math symbol \phi on input line 56.
LaTeX Font Info:    Redeclaring math symbol \chi on input line 57.
LaTeX Font Info:    Redeclaring math symbol \psi on input line 58.
LaTeX Font Info:    Redeclaring math symbol \omega on input line 59.
LaTeX Font Info:    Redeclaring math symbol \varepsilon on input line 60.
LaTeX Font Info:    Redeclaring math symbol \vartheta on input line 61.
LaTeX Font Info:    Redeclaring math symbol \varpi on input line 62.
LaTeX Font Info:    Redeclaring math symbol \varrho on input line 63.
LaTeX Font Info:    Redeclaring math symbol \varsigma on input line 64.
LaTeX Font Info:    Redeclaring math symbol \varphi on input line 65.
LaTeX Info: Redefining \LaTeX on input line 129.
LaTeX Info: Redefining \LaTeXe on input line 139.
LaTeX Font Info:    Trying to load font information for OT1+cmbr on input line 
144.
(C:\Users\luis-\AppData\Local\Programs\MiKTeX\tex/latex/cmbright\ot1cmbr.fd
File: ot1cmbr.fd 2005/04/13 v8.1 (WaS)
)) (C:\Users\luis-\AppData\Local\Programs\MiKTeX\tex/latex/graphics\graphicx.st
y
Package: graphicx 2021/09/16 v1.2d Enhanced LaTeX Graphics (DPC,SPQR)
(C:\Users\luis-\AppData\Local\Programs\MiKTeX\tex/latex/graphics\keyval.sty
Package: keyval 2022/05/29 v1.15 key=value parser (DPC)
\KV@toks@=\toks20
) (C:\Users\luis-\AppData\Local\Programs\MiKTeX\tex/latex/graphics\graphics.sty
Package: graphics 2024/08/06 v1.4g Standard LaTeX Graphics (DPC,SPQR)
(C:\Users\luis-\AppData\Local\Programs\MiKTeX\tex/latex/graphics\trig.sty
Package: trig 2023/12/02 v1.11 sin cos tan (DPC)
)
(C:\Users\luis-\AppData\Local\Programs\MiKTeX\tex/latex/graphics-cfg\graphics.c
fg
File: graphics.cfg 2016/06/04 v1.11 sample graphics configuration
)
Package graphics Info: Driver file: pdftex.def on input line 106.

(C:\Users\luis-\AppData\Local\Programs\MiKTeX\tex/latex/graphics-def\pdftex.def
File: pdftex.def 2024/04/13 v1.2c Graphics/color driver for pdftex
))
\Gin@req@height=\dimen143
\Gin@req@width=\dimen144
) (C:\Users\luis-\AppData\Local\Programs\MiKTeX\tex/latex/graphics\color.sty
Package: color 2024/06/23 v1.3e Standard LaTeX Color (DPC)
(C:\Users\luis-\AppData\Local\Programs\MiKTeX\tex/latex/graphics-cfg\color.cfg
File: color.cfg 2016/01/02 v1.6 sample color configuration
)
Package color Info: Driver file: pdftex.def on input line 149.
(C:\Users\luis-\AppData\Local\Programs\MiKTeX\tex/latex/graphics\dvipsnam.def
File: dvipsnam.def 2016/06/17 v3.0m Driver-dependent file (DPC,SPQR)
) (C:\Users\luis-\AppData\Local\Programs\MiKTeX\tex/latex/graphics\mathcolor.lt
x))
(C:\Users\luis-\AppData\Local\Programs\MiKTeX\tex/latex/wallpaper\wallpaper.sty
Package: wallpaper 2005/01/18, v1.01 easy wallpaper formatting (MHFW)
(C:\Users\luis-\AppData\Local\Programs\MiKTeX\tex/latex/base\ifthen.sty
Package: ifthen 2024/03/16 v1.1e Standard LaTeX ifthen package (DPC)
) (C:\Users\luis-\AppData\Local\Programs\MiKTeX\tex/latex/tools\calc.sty
Package: calc 2023/07/08 v4.3 Infix arithmetic (KKT,FJ)
\calc@Acount=\count274
\calc@Bcount=\count275
\calc@Adimen=\dimen145
\calc@Bdimen=\dimen146
\calc@Askip=\skip51
\calc@Bskip=\skip52
LaTeX Info: Redefining \setlength on input line 80.
LaTeX Info: Redefining \addtolength on input line 81.
\calc@Ccount=\count276
\calc@Cskip=\skip53
) (C:\Users\luis-\AppData\Local\Programs\MiKTeX\tex/latex/eso-pic\eso-pic.sty
Package: eso-pic 2023/05/03 v3.0c eso-pic (RN)
\ESO@tempdima=\dimen147
\ESO@tempdimb=\dimen148
)
\wpXoffset=\skip54
\wpYoffset=\skip55
\tileXoffset=\skip56
\tileYoffset=\skip57
\tilewidth=\skip58
\tileheight=\skip59
\tileX=\skip60
\tileY=\skip61
) (C:\Users\luis-\AppData\Local\Programs\MiKTeX\tex/latex/fancyhdr\fancyhdr.sty
Package: fancyhdr 2024/07/23 v4.3.1 Extensive control of page headers and foote
rs
\f@nch@headwidth=\skip62
\f@nch@O@elh=\skip63
\f@nch@O@erh=\skip64
\f@nch@O@olh=\skip65
\f@nch@O@orh=\skip66
\f@nch@O@elf=\skip67
\f@nch@O@erf=\skip68
\f@nch@O@olf=\skip69
\f@nch@O@orf=\skip70
) (C:\Users\luis-\AppData\Local\Programs\MiKTeX\tex/latex/geometry\geometry.sty
Package: geometry 2020/01/02 v5.9 Page Geometry
(C:\Users\luis-\AppData\Local\Programs\MiKTeX\tex/generic/iftex\ifvtex.sty
Package: ifvtex 2019/10/25 v1.7 ifvtex legacy package. Use iftex instead.
(C:\Users\luis-\AppData\Local\Programs\MiKTeX\tex/generic/iftex\iftex.sty
Package: iftex 2022/02/03 v1.0f TeX engine tests
))
\Gm@cnth=\count277
\Gm@cntv=\count278
\c@Gm@tempcnt=\count279
\Gm@bindingoffset=\dimen149
\Gm@wd@mp=\dimen150
\Gm@odd@mp=\dimen151
\Gm@even@mp=\dimen152
\Gm@layoutwidth=\dimen153
\Gm@layoutheight=\dimen154
\Gm@layouthoffset=\dimen155
\Gm@layoutvoffset=\dimen156
\Gm@dimlist=\toks21
(C:\Users\luis-\AppData\Local\Programs\MiKTeX\tex/latex/geometry\geometry.cfg))
(C:\Users\luis-\AppData\Local\Programs\MiKTeX\tex/latex/fncychap\fncychap.sty
Package: fncychap 2007/07/30 v1.34 LaTeX package (Revised chapters)
\RW=\skip71
\mylen=\skip72
\myhi=\skip73
\px=\skip74
\py=\skip75
\pyy=\skip76
\pxx=\skip77
) (C:\Users\luis-\AppData\Local\Programs\MiKTeX\tex/latex/marvosym\marvosym.sty
Package: marvosym 2011/07/20 v2.2 Martin Vogel's Symbols font definitions
)) (C:\Users\luis-\AppData\Local\Programs\MiKTeX\tex/latex/tools\longtable.sty
Package: longtable 2024-10-27 v4.22 Multi-page Table package (DPC)
\LTleft=\skip78
\LTright=\skip79
\LTpre=\skip80
\LTpost=\skip81
\LTchunksize=\count280
\LTcapwidth=\dimen157
\LT@head=\box52
\LT@firsthead=\box53
\LT@foot=\box54
\LT@lastfoot=\box55
\LT@gbox=\box56
\LT@cols=\count281
\LT@rows=\count282
\c@LT@tables=\count283
\c@LT@chunks=\count284
\LT@p@ftn=\toks22
) (C:\Users\luis-\AppData\Local\Programs\MiKTeX\tex/latex/hyperref\hyperref.sty
Package: hyperref 2024-11-05 v7.01l Hypertext links for LaTeX

(C:\Users\luis-\AppData\Local\Programs\MiKTeX\tex/latex/kvsetkeys\kvsetkeys.sty
Package: kvsetkeys 2022-10-05 v1.19 Key value parser (HO)
)
(C:\Users\luis-\AppData\Local\Programs\MiKTeX\tex/generic/kvdefinekeys\kvdefine
keys.sty
Package: kvdefinekeys 2019-12-19 v1.6 Define keys (HO)
)
(C:\Users\luis-\AppData\Local\Programs\MiKTeX\tex/generic/pdfescape\pdfescape.s
ty
Package: pdfescape 2019/12/09 v1.15 Implements pdfTeX's escape features (HO)
(C:\Users\luis-\AppData\Local\Programs\MiKTeX\tex/generic/ltxcmds\ltxcmds.sty
Package: ltxcmds 2023-12-04 v1.26 LaTeX kernel commands for general use (HO)
)
(C:\Users\luis-\AppData\Local\Programs\MiKTeX\tex/generic/pdftexcmds\pdftexcmds
.sty
Package: pdftexcmds 2020-06-27 v0.33 Utility functions of pdfTeX for LuaTeX (HO
)

(C:\Users\luis-\AppData\Local\Programs\MiKTeX\tex/generic/infwarerr\infwarerr.s
ty
Package: infwarerr 2019/12/03 v1.5 Providing info/warning/error messages (HO)
)
Package pdftexcmds Info: \pdf@primitive is available.
Package pdftexcmds Info: \pdf@ifprimitive is available.
Package pdftexcmds Info: \pdfdraftmode found.
)) (C:\Users\luis-\AppData\Local\Programs\MiKTeX\tex/latex/hycolor\hycolor.sty
Package: hycolor 2020-01-27 v1.10 Color options for hyperref/bookmark (HO)
) (C:\Users\luis-\AppData\Local\Programs\MiKTeX\tex/latex/hyperref\nameref.sty
Package: nameref 2023-11-26 v2.56 Cross-referencing by name of section
(C:\Users\luis-\AppData\Local\Programs\MiKTeX\tex/latex/refcount\refcount.sty
Package: refcount 2019/12/15 v3.6 Data extraction from label references (HO)
)
(C:\Users\luis-\AppData\Local\Programs\MiKTeX\tex/generic/gettitlestring\gettit
lestring.sty
Package: gettitlestring 2019/12/15 v1.6 Cleanup title references (HO)

(C:\Users\luis-\AppData\Local\Programs\MiKTeX\tex/latex/kvoptions\kvoptions.sty
Package: kvoptions 2022-06-15 v3.15 Key value format for package options (HO)
))
\c@section@level=\count285
) (C:\Users\luis-\AppData\Local\Programs\MiKTeX\tex/latex/etoolbox\etoolbox.sty
Package: etoolbox 2020/10/05 v2.5k e-TeX tools for LaTeX (JAW)
\etb@tempcnta=\count286
)
(C:\Users\luis-\AppData\Local\Programs\MiKTeX\tex/generic/stringenc\stringenc.s
ty
Package: stringenc 2019/11/29 v1.12 Convert strings between diff. encodings (HO
)
)
\@linkdim=\dimen158
\Hy@linkcounter=\count287
\Hy@pagecounter=\count288
(C:\Users\luis-\AppData\Local\Programs\MiKTeX\tex/latex/hyperref\pd1enc.def
File: pd1enc.def 2024-11-05 v7.01l Hyperref: PDFDocEncoding definition (HO)
Now handling font encoding PD1 ...
... no UTF-8 mapping file for font encoding PD1
) (C:\Users\luis-\AppData\Local\Programs\MiKTeX\tex/generic/intcalc\intcalc.sty
Package: intcalc 2019/12/15 v1.3 Expandable calculations with integers (HO)
)
\Hy@SavedSpaceFactor=\count289
(C:\Users\luis-\AppData\Local\Programs\MiKTeX\tex/latex/hyperref\puenc.def
File: puenc.def 2024-11-05 v7.01l Hyperref: PDF Unicode definition (HO)
Now handling font encoding PU ...
... no UTF-8 mapping file for font encoding PU
)
Package hyperref Info: Option `bookmarks' set `true' on input line 4040.
Package hyperref Info: Option `colorlinks' set `true' on input line 4040.
Package hyperref Info: Hyper figures OFF on input line 4157.
Package hyperref Info: Link nesting OFF on input line 4162.
Package hyperref Info: Hyper index ON on input line 4165.
Package hyperref Info: Plain pages OFF on input line 4172.
Package hyperref Info: Backreferencing OFF on input line 4177.
Package hyperref Info: Implicit mode ON; LaTeX internals redefined.
Package hyperref Info: Bookmarks ON on input line 4424.
\c@Hy@tempcnt=\count290
(C:\Users\luis-\AppData\Local\Programs\MiKTeX\tex/latex/url\url.sty
\Urlmuskip=\muskip17
Package: url 2013/09/16  ver 3.4  Verb mode for urls, etc.
)
LaTeX Info: Redefining \url on input line 4763.
\XeTeXLinkMargin=\dimen159
(C:\Users\luis-\AppData\Local\Programs\MiKTeX\tex/generic/bitset\bitset.sty
Package: bitset 2019/12/09 v1.3 Handle bit-vector datatype (HO)

(C:\Users\luis-\AppData\Local\Programs\MiKTeX\tex/generic/bigintcalc\bigintcalc
.sty
Package: bigintcalc 2019/12/15 v1.5 Expandable calculations on big integers (HO
)
))
\Fld@menulength=\count291
\Field@Width=\dimen160
\Fld@charsize=\dimen161
Package hyperref Info: Hyper figures OFF on input line 6042.
Package hyperref Info: Link nesting OFF on input line 6047.
Package hyperref Info: Hyper index ON on input line 6050.
Package hyperref Info: backreferencing OFF on input line 6057.
Package hyperref Info: Link coloring ON on input line 6060.
Package hyperref Info: Link coloring with OCG OFF on input line 6067.
Package hyperref Info: PDF/A mode OFF on input line 6072.
(C:\Users\luis-\AppData\Local\Programs\MiKTeX\tex/latex/base\atbegshi-ltx.sty
Package: atbegshi-ltx 2021/01/10 v1.0c Emulation of the original atbegshi
package with kernel methods
)
\Hy@abspage=\count292
\c@Item=\count293
\c@Hfootnote=\count294
)
Package hyperref Info: Driver: hpdftex.
(C:\Users\luis-\AppData\Local\Programs\MiKTeX\tex/latex/hyperref\hpdftex.def
File: hpdftex.def 2024-11-05 v7.01l Hyperref driver for pdfTeX
(C:\Users\luis-\AppData\Local\Programs\MiKTeX\tex/latex/base\atveryend-ltx.sty
Package: atveryend-ltx 2020/08/19 v1.0a Emulation of the original atveryend pac
kage
with kernel methods
)
\Fld@listcount=\count295
\c@bookmark@seq@number=\count296

(C:\Users\luis-\AppData\Local\Programs\MiKTeX\tex/latex/rerunfilecheck\rerunfil
echeck.sty
Package: rerunfilecheck 2022-07-10 v1.10 Rerun checks for auxiliary files (HO)

(C:\Users\luis-\AppData\Local\Programs\MiKTeX\tex/generic/uniquecounter\uniquec
ounter.sty
Package: uniquecounter 2019/12/15 v1.4 Provide unlimited unique counter (HO)
)
Package uniquecounter Info: New unique counter `rerunfilecheck' on input line 2
85.
)
\Hy@SectionHShift=\skip82
) (C:\Users\luis-\AppData\Local\Programs\MiKTeX\tex/latex/amsfonts\amssymb.sty
Package: amssymb 2013/01/14 v3.01 AMS font symbols
(C:\Users\luis-\AppData\Local\Programs\MiKTeX\tex/latex/amsfonts\amsfonts.sty
Package: amsfonts 2013/01/14 v3.01 Basic AMSFonts support
\@emptytoks=\toks23
\symAMSa=\mathgroup4
\symAMSb=\mathgroup5
LaTeX Font Info:    Redeclaring math symbol \hbar on input line 98.
LaTeX Font Info:    Overwriting math alphabet `\mathfrak' in version `bold'
(Font)                  U/euf/m/n --> U/euf/b/n on input line 106.
)) (C:\Users\luis-\AppData\Local\Programs\MiKTeX\tex/latex/colortbl\colortbl.st
y
Package: colortbl 2024/07/06 v1.0i Color table columns (DPC)
(C:\Users\luis-\AppData\Local\Programs\MiKTeX\tex/latex/tools\array.sty
Package: array 2024/10/17 v2.6g Tabular extension package (FMi)
\col@sep=\dimen162
\ar@mcellbox=\box57
\extrarowheight=\dimen163
\NC@list=\toks24
\extratabsurround=\skip83
\backup@length=\skip84
\ar@cellbox=\box58
)
\everycr=\toks25
\minrowclearance=\skip85
\rownum=\count297
) (C:\Users\luis-\AppData\Local\Programs\MiKTeX\tex/latex/multirow\multirow.sty
Package: multirow 2024/11/12 v2.9 Span multiple rows of a table
\multirow@colwidth=\skip86
\multirow@cntb=\count298
\multirow@dima=\skip87
\bigstrutjot=\dimen164
))
(C:\Users\luis-\AppData\Local\Programs\MiKTeX\tex/latex/chapterfolder\chapterfo
lder.sty
Package: chapterfolder 2005/11/24 v2.0 Package for dealing with folder
\c@@cf@currentpos=\count299
) (C:\Users\luis-\AppData\Local\Programs\MiKTeX\tex/latex/listings\listings.sty
\lst@mode=\count300
\lst@gtempboxa=\box59
\lst@token=\toks26
\lst@length=\count301
\lst@currlwidth=\dimen165
\lst@column=\count302
\lst@pos=\count303
\lst@lostspace=\dimen166
\lst@width=\dimen167
\lst@newlines=\count304
\lst@lineno=\count305
\lst@maxwidth=\dimen168
(C:\Users\luis-\AppData\Local\Programs\MiKTeX\tex/latex/listings\lstpatch.sty
File: lstpatch.sty 2024/09/23 1.10c (Carsten Heinz)
) (C:\Users\luis-\AppData\Local\Programs\MiKTeX\tex/latex/listings\lstmisc.sty
File: lstmisc.sty 2024/09/23 1.10c (Carsten Heinz)
\c@lstnumber=\count306
\lst@skipnumbers=\count307
\lst@framebox=\box60
) (C:\Users\luis-\AppData\Local\Programs\MiKTeX\tex/latex/listings\listings.cfg
File: listings.cfg 2024/09/23 1.10c listings configuration
))
Package: listings 2024/09/23 1.10c (Carsten Heinz)

(C:\Users\luis-\AppData\Local\Programs\MiKTeX\tex/latex/keystroke\keystroke.sty
Package: keystroke 2010/04/23 v1.6 3D keystrokes (SuSE GmbH/RN)
\suse@key=\box61
\keystroke@left=\box62
\keystroke@right=\box63
\keystroke@middle=\box64
<keystroke_left.pdf, id=1, 42.1575pt x 195.73125pt>
File: keystroke_left.pdf Graphic file (type pdf)
<use keystroke_left.pdf>
Package pdftex.def Info: keystroke_left.pdf  used on input line 171.
(pdftex.def)             Requested size: 42.15738pt x 195.73076pt.
<keystroke_middle.pdf, id=2, 116.435pt x 195.73125pt>
File: keystroke_middle.pdf Graphic file (type pdf)
<use keystroke_middle.pdf>
Package pdftex.def Info: keystroke_middle.pdf  used on input line 172.
(pdftex.def)             Requested size: 116.43471pt x 195.73076pt.
<keystroke_right.pdf, id=3, 42.1575pt x 195.73125pt>
File: keystroke_right.pdf Graphic file (type pdf)
<use keystroke_right.pdf>
Package pdftex.def Info: keystroke_right.pdf  used on input line 173.
(pdftex.def)             Requested size: 42.15738pt x 195.73076pt.
)
(C:\Users\luis-\AppData\Local\Programs\MiKTeX\tex/latex/pgf/utilities\pgfkeys.s
ty
(C:\Users\luis-\AppData\Local\Programs\MiKTeX\tex/generic/pgf/utilities\pgfkeys
.code.tex
\pgfkeys@pathtoks=\toks27
\pgfkeys@temptoks=\toks28

(C:\Users\luis-\AppData\Local\Programs\MiKTeX\tex/generic/pgf/utilities\pgfkeys
libraryfiltered.code.tex
\pgfkeys@tmptoks=\toks29
)))) (C:\Users\luis-\AppData\Local\Programs\MiKTeX\tex/latex/txfonts\txfonts.st
y
Package: txfonts 2008/01/22 v3.2.1
LaTeX Font Info:    Redeclaring symbol font `operators' on input line 21.
LaTeX Font Info:    Overwriting symbol font `operators' in version `normal'
(Font)                  OT1/cmbr/m/n --> OT1/txr/m/n on input line 21.
LaTeX Font Info:    Overwriting symbol font `operators' in version `bold'
(Font)                  OT1/cmbr/m/n --> OT1/txr/m/n on input line 21.
LaTeX Font Info:    Overwriting symbol font `operators' in version `bold'
(Font)                  OT1/txr/m/n --> OT1/txr/bx/n on input line 22.
\symitalic=\mathgroup6
LaTeX Font Info:    Overwriting symbol font `italic' in version `bold'
(Font)                  OT1/txr/m/it --> OT1/txr/bx/it on input line 26.
LaTeX Font Info:    Redeclaring math alphabet \mathbf on input line 29.
LaTeX Font Info:    Overwriting math alphabet `\mathbf' in version `normal'
(Font)                  OT1/cmbr/bx/n --> OT1/txr/bx/n on input line 29.
LaTeX Font Info:    Overwriting math alphabet `\mathbf' in version `bold'
(Font)                  OT1/cmbr/bx/n --> OT1/txr/bx/n on input line 29.
LaTeX Font Info:    Redeclaring math alphabet \mathit on input line 30.
LaTeX Font Info:    Overwriting math alphabet `\mathit' in version `normal'
(Font)                  OT1/cmbr/m/sl --> OT1/txr/m/it on input line 30.
LaTeX Font Info:    Overwriting math alphabet `\mathit' in version `bold'
(Font)                  OT1/cmbr/m/sl --> OT1/txr/m/it on input line 30.
LaTeX Font Info:    Overwriting math alphabet `\mathit' in version `bold'
(Font)                  OT1/txr/m/it --> OT1/txr/bx/it on input line 31.
LaTeX Font Info:    Redeclaring math alphabet \mathsf on input line 40.
LaTeX Font Info:    Overwriting math alphabet `\mathsf' in version `normal'
(Font)                  OT1/cmss/m/n --> OT1/txss/m/n on input line 40.
LaTeX Font Info:    Overwriting math alphabet `\mathsf' in version `bold'
(Font)                  OT1/cmss/bx/n --> OT1/txss/m/n on input line 40.
LaTeX Font Info:    Overwriting math alphabet `\mathsf' in version `bold'
(Font)                  OT1/txss/m/n --> OT1/txss/b/n on input line 41.
LaTeX Font Info:    Redeclaring math alphabet \mathtt on input line 50.
LaTeX Font Info:    Overwriting math alphabet `\mathtt' in version `normal'
(Font)                  OT1/cmtl/m/n --> OT1/txtt/m/n on input line 50.
LaTeX Font Info:    Overwriting math alphabet `\mathtt' in version `bold'
(Font)                  OT1/cmtl/m/n --> OT1/txtt/m/n on input line 50.
LaTeX Font Info:    Overwriting math alphabet `\mathtt' in version `bold'
(Font)                  OT1/txtt/m/n --> OT1/txtt/b/n on input line 51.
LaTeX Font Info:    Redeclaring symbol font `letters' on input line 58.
LaTeX Font Info:    Overwriting symbol font `letters' in version `normal'
(Font)                  OML/cmbrm/m/it --> OML/txmi/m/it on input line 58.
LaTeX Font Info:    Overwriting symbol font `letters' in version `bold'
(Font)                  OML/cmbrm/b/it --> OML/txmi/m/it on input line 58.
LaTeX Font Info:    Overwriting symbol font `letters' in version `bold'
(Font)                  OML/txmi/m/it --> OML/txmi/bx/it on input line 59.
\symlettersA=\mathgroup7
LaTeX Font Info:    Overwriting symbol font `lettersA' in version `bold'
(Font)                  U/txmia/m/it --> U/txmia/bx/it on input line 67.
LaTeX Font Info:    Redeclaring math alphabet \mathfrak on input line 70.
LaTeX Font Info:    Redeclaring symbol font `symbols' on input line 77.
LaTeX Font Info:    Overwriting symbol font `symbols' in version `normal'
(Font)                  OMS/cmbrs/m/n --> OMS/txsy/m/n on input line 77.
LaTeX Font Info:    Overwriting symbol font `symbols' in version `bold'
(Font)                  OMS/cmbrs/m/n --> OMS/txsy/m/n on input line 77.
LaTeX Font Info:    Overwriting symbol font `symbols' in version `bold'
(Font)                  OMS/txsy/m/n --> OMS/txsy/bx/n on input line 78.
LaTeX Font Info:    Redeclaring symbol font `AMSa' on input line 93.
LaTeX Font Info:    Overwriting symbol font `AMSa' in version `normal'
(Font)                  U/msa/m/n --> U/txsya/m/n on input line 93.
LaTeX Font Info:    Overwriting symbol font `AMSa' in version `bold'
(Font)                  U/msa/m/n --> U/txsya/m/n on input line 93.
LaTeX Font Info:    Overwriting symbol font `AMSa' in version `bold'
(Font)                  U/txsya/m/n --> U/txsya/bx/n on input line 94.
LaTeX Font Info:    Redeclaring symbol font `AMSb' on input line 102.
LaTeX Font Info:    Overwriting symbol font `AMSb' in version `normal'
(Font)                  U/msb/m/n --> U/txsyb/m/n on input line 102.
LaTeX Font Info:    Overwriting symbol font `AMSb' in version `bold'
(Font)                  U/msb/m/n --> U/txsyb/m/n on input line 102.
LaTeX Font Info:    Overwriting symbol font `AMSb' in version `bold'
(Font)                  U/txsyb/m/n --> U/txsyb/bx/n on input line 103.
\symsymbolsC=\mathgroup8
LaTeX Font Info:    Overwriting symbol font `symbolsC' in version `bold'
(Font)                  U/txsyc/m/n --> U/txsyc/bx/n on input line 113.
LaTeX Font Info:    Redeclaring symbol font `largesymbols' on input line 120.
LaTeX Font Info:    Overwriting symbol font `largesymbols' in version `normal'
(Font)                  OMX/cmex/m/n --> OMX/txex/m/n on input line 120.
LaTeX Font Info:    Overwriting symbol font `largesymbols' in version `bold'
(Font)                  OMX/cmex/m/n --> OMX/txex/m/n on input line 120.
LaTeX Font Info:    Overwriting symbol font `largesymbols' in version `bold'
(Font)                  OMX/txex/m/n --> OMX/txex/bx/n on input line 121.
\symlargesymbolsA=\mathgroup9
LaTeX Font Info:    Overwriting symbol font `largesymbolsA' in version `bold'
(Font)                  U/txexa/m/n --> U/txexa/bx/n on input line 129.
LaTeX Font Info:    Redeclaring math symbol \mathsterling on input line 164.
LaTeX Info: Redefining \not on input line 1043.
)
LaTeX Font Info:    Trying to load font information for OT1+txss on input line 
18.
(C:\Users\luis-\AppData\Local\Programs\MiKTeX\tex/latex/txfonts\ot1txss.fd
File: ot1txss.fd 2000/12/15 v3.1
)
LaTeX Font Info:    Font shape `OT1/txss/m/n' will be
(Font)              scaled to size 9.49997pt on input line 18.

(C:\Users\luis-\AppData\Local\Programs\MiKTeX\tex/latex/l3backend\l3backend-pdf
tex.def
File: l3backend-pdftex.def 2024-05-08 L3 backend support: PDF output (pdfTeX)
\l__color_backend_stack_int=\count308
\l__pdf_internal_box=\box65
) (ejemplo.aux
LaTeX Info: Redefining \. on input line 11.
LaTeX Info: Redefining \% on input line 11.
(Problematica.aux) (MarcoTeorico.aux

LaTeX Warning: Label `fig:casosDeUso' multiply defined.


LaTeX Warning: Label `fig:casosDeUso' multiply defined.


LaTeX Warning: Label `fig:casosDeUso' multiply defined.


LaTeX Warning: Label `fig:casosDeUso' multiply defined.


LaTeX Warning: Label `fig:casosDeUso' multiply defined.


LaTeX Warning: Label `fig:casosDeUso' multiply defined.


LaTeX Warning: Label `fig:casosDeUso' multiply defined.

))
\openout1 = `ejemplo.aux'.

LaTeX Font Info:    Checking defaults for OML/txmi/m/it on input line 18.
LaTeX Font Info:    Trying to load font information for OML+txmi on input line 
18.
(C:\Users\luis-\AppData\Local\Programs\MiKTeX\tex/latex/txfonts\omltxmi.fd
File: omltxmi.fd 2000/12/15 v3.1
)
LaTeX Font Info:    ... okay on input line 18.
LaTeX Font Info:    Checking defaults for OMS/txsy/m/n on input line 18.
LaTeX Font Info:    Trying to load font information for OMS+txsy on input line 
18.
(C:\Users\luis-\AppData\Local\Programs\MiKTeX\tex/latex/txfonts\omstxsy.fd
File: omstxsy.fd 2000/12/15 v3.1
)
LaTeX Font Info:    ... okay on input line 18.
LaTeX Font Info:    Checking defaults for OT1/cmr/m/n on input line 18.
LaTeX Font Info:    ... okay on input line 18.
LaTeX Font Info:    Checking defaults for T1/cmr/m/n on input line 18.
LaTeX Font Info:    ... okay on input line 18.
LaTeX Font Info:    Checking defaults for TS1/cmr/m/n on input line 18.
LaTeX Font Info:    ... okay on input line 18.
LaTeX Font Info:    Checking defaults for OMX/txex/m/n on input line 18.
LaTeX Font Info:    Trying to load font information for OMX+txex on input line 
18.
(C:\Users\luis-\AppData\Local\Programs\MiKTeX\tex/latex/txfonts\omxtxex.fd
File: omxtxex.fd 2000/12/15 v3.1
)
LaTeX Font Info:    ... okay on input line 18.
LaTeX Font Info:    Checking defaults for U/txexa/m/n on input line 18.
LaTeX Font Info:    Trying to load font information for U+txexa on input line 1
8.
(C:\Users\luis-\AppData\Local\Programs\MiKTeX\tex/latex/txfonts\utxexa.fd
File: utxexa.fd 2000/12/15 v3.1
)
LaTeX Font Info:    ... okay on input line 18.
LaTeX Font Info:    Checking defaults for PD1/pdf/m/n on input line 18.
LaTeX Font Info:    ... okay on input line 18.
LaTeX Font Info:    Checking defaults for PU/pdf/m/n on input line 18.
LaTeX Font Info:    ... okay on input line 18.
LaTeX Info: Redefining \. on input line 18.
LaTeX Info: Redefining \% on input line 18.

(C:\Users\luis-\AppData\Local\Programs\MiKTeX\tex/context/base/mkii\supp-pdf.mk
ii
[Loading MPS to PDF converter (version 2006.09.02).]
\scratchcounter=\count309
\scratchdimen=\dimen169
\scratchbox=\box66
\nofMPsegments=\count310
\nofMParguments=\count311
\everyMPshowfont=\toks30
\MPscratchCnt=\count312
\MPscratchDim=\dimen170
\MPnumerator=\count313
\makeMPintoPDFobject=\count314
\everyMPtoPDFconversion=\toks31
)
(C:\Users\luis-\AppData\Local\Programs\MiKTeX\tex/latex/epstopdf-pkg\epstopdf-b
ase.sty
Package: epstopdf-base 2020-01-24 v2.11 Base part for package epstopdf
Package epstopdf-base Info: Redefining graphics rule for `.eps' on input line 4
85.

(C:\Users\luis-\AppData\Local\Programs\MiKTeX\tex/latex/00miktex\epstopdf-sys.c
fg
File: epstopdf-sys.cfg 2021/03/18 v2.0 Configuration of epstopdf for MiKTeX
))
*geometry* driver: auto-detecting
*geometry* detected driver: pdftex
*geometry* verbose mode - [ preamble ] result:
* driver: pdftex
* paper: <default>
* layout: <same size as paper>
* layoutoffset:(h,v)=(0.0pt,0.0pt)
* modes: twoside 
* h-part:(L,W,R)=(56.9055pt, 500.484pt, 56.9055pt)
* v-part:(T,H,B)=(99.58464pt, 595.8007pt, 99.58464pt)
* \paperwidth=614.295pt
* \paperheight=794.96999pt
* \textwidth=500.484pt
* \textheight=595.8007pt
* \oddsidemargin=-15.36449pt
* \evensidemargin=-15.36449pt
* \topmargin=-47.65834pt
* \headheight=56.9055pt
* \headsep=18.06749pt
* \topskip=10.0pt
* \footskip=25.29494pt
* \marginparwidth=125.0pt
* \marginparsep=7.0pt
* \columnsep=10.0pt
* \skip\footins=9.0pt plus 4.0pt minus 2.0pt
* \hoffset=0.0pt
* \voffset=0.0pt
* \mag=1000
* \@twocolumnfalse
* \@twosidetrue
* \@mparswitchtrue
* \@reversemarginfalse
* (1in=72.27pt=25.4mm, 1cm=28.453pt)

Package hyperref Info: Link coloring ON on input line 18.
(ejemplo.out) (ejemplo.out)
\@outlinefile=\write3
\openout3 = `ejemplo.out'.

\c@lstlisting=\count315
LaTeX Font Info:    Font shape `OT1/txss/m/n' will be
(Font)              scaled to size 16.41594pt on input line 22.
LaTeX Font Info:    Font shape `OT1/txss/m/n' will be
(Font)              scaled to size 23.63593pt on input line 22.
LaTeX Font Info:    Font shape `OT1/txss/m/n' will be
(Font)              scaled to size 11.39996pt on input line 22.
LaTeX Font Info:    Trying to load font information for OT1+txr on input line 2
2.
(C:\Users\luis-\AppData\Local\Programs\MiKTeX\tex/latex/txfonts\ot1txr.fd
File: ot1txr.fd 2000/12/15 v3.1
)
LaTeX Font Info:    Trying to load font information for U+txsya on input line 2
2.
(C:\Users\luis-\AppData\Local\Programs\MiKTeX\tex/latex/txfonts\utxsya.fd
File: utxsya.fd 2000/12/15 v3.1
)
LaTeX Font Info:    Trying to load font information for U+txsyb on input line 2
2.
(C:\Users\luis-\AppData\Local\Programs\MiKTeX\tex/latex/txfonts\utxsyb.fd
File: utxsyb.fd 2000/12/15 v3.1
)
LaTeX Font Info:    Trying to load font information for U+txmia on input line 2
2.
(C:\Users\luis-\AppData\Local\Programs\MiKTeX\tex/latex/txfonts\utxmia.fd
File: utxmia.fd 2000/12/15 v3.1
)
LaTeX Font Info:    Trying to load font information for U+txsyc on input line 2
2.
(C:\Users\luis-\AppData\Local\Programs\MiKTeX\tex/latex/txfonts\utxsyc.fd
File: utxsyc.fd 2000/12/15 v3.1
)

<theme/bannerAzul.png, id=162, 711.1368pt x 336.7782pt>
File: theme/bannerAzul.png Graphic file (type png)
<use theme/bannerAzul.png>
Package pdftex.def Info: theme/bannerAzul.png  used on input line 22.
(pdftex.def)             Requested size: 614.30019pt x 290.91858pt.
[1


{C:/Users/luis-/AppData/Local/MiKTeX/fonts/map/pdftex/pdftex.map}{C:/Users/luis
-/AppData/Local/Programs/MiKTeX/fonts/enc/dvips/base/8r.enc} <./theme/bannerAzu
l.png>]

[2

]
LaTeX Font Info:    Font shape `OT1/txss/m/n' will be
(Font)              scaled to size 13.67995pt on input line 26.
(ejemplo.toc
LaTeX Info: Redefining \. on input line 1.
LaTeX Info: Redefining \% on input line 1.
LaTeX Font Info:    Font shape `OT1/txss/b/n' will be
(Font)              scaled to size 9.49997pt on input line 2.


LaTeX Font Info:    Font shape `OT1/txss/m/sc' will be
(Font)              scaled to size 9.49997pt on input line 36.
[1

])
\tf@toc=\write4
\openout4 = `ejemplo.toc'.



<theme/headerPar.png, id=221, 1204.5pt x 200.75pt>
File: theme/headerPar.png Graphic file (type png)
<use theme/headerPar.png>
Package pdftex.def Info: theme/headerPar.png  used on input line 27.
(pdftex.def)             Requested size: 210.00035pt x 35.0pt.
LaTeX Font Info:    Font shape `OT1/txss/m/n' will be
(Font)              scaled to size 7.59998pt on input line 27.
LaTeX Font Info:    Font shape `OT1/txss/m/sc' will be
(Font)              scaled to size 7.59998pt on input line 27.
LaTeX Font Info:    Font shape `OT1/txss/m/n' will be
(Font)              scaled to size 4.74998pt on input line 27.
LaTeX Font Info:    Font shape `OT1/txss/m/it' in size <5> not available
(Font)              Font shape `OT1/txss/m/sl' tried instead on input line 27.
LaTeX Font Info:    Font shape `OT1/txss/m/sl' will be
(Font)              scaled to size 4.74998pt on input line 27.
LaTeX Font Info:    Trying to load font information for U+mvs on input line 27.

(C:\Users\luis-\AppData\Local\Programs\MiKTeX\tex/latex/marvosym\umvs.fd) [2 <.
/theme/headerPar.png>] (ejemplo.lof
LaTeX Info: Redefining \. on input line 1.
LaTeX Info: Redefining \% on input line 1.
)
\tf@lof=\write5
\openout5 = `ejemplo.lof'.



[3

]

File: theme/headerPar.png Graphic file (type png)
<use theme/headerPar.png>
Package pdftex.def Info: theme/headerPar.png  used on input line 28.
(pdftex.def)             Requested size: 210.00035pt x 35.0pt.
[4

] (ejemplo.lot
LaTeX Info: Redefining \. on input line 1.
LaTeX Info: Redefining \% on input line 1.
)
\tf@lot=\write6
\openout6 = `ejemplo.lot'.



[5]

File: theme/headerPar.png Graphic file (type png)
<use theme/headerPar.png>
Package pdftex.def Info: theme/headerPar.png  used on input line 30.
(pdftex.def)             Requested size: 210.00035pt x 35.0pt.
[6

]
\openout2 = `Problematica.aux'.

(Problematica.tex
Cap\'{\i }tulo 1.
LaTeX Font Info:    Font shape `OT1/txss/m/it' in size <10> not available
(Font)              Font shape `OT1/txss/m/sl' tried instead on input line 7.
LaTeX Font Info:    Font shape `OT1/txss/m/sl' will be
(Font)              scaled to size 9.49997pt on input line 7.
)


pdfTeX warning (ext4): destination with the same identifier (name{page.1}) has 
been already used, duplicate ignored
<to be read again> 
                   \relax 
l.36 \include{Problematica}
                           
<theme/plecaAyD.png, id=266, 1085.0136pt x 155.6214pt>
File: theme/plecaAyD.png Graphic file (type png)
<use theme/plecaAyD.png>
Package pdftex.def Info: theme/plecaAyD.png  used on input line 36.
(pdftex.def)             Requested size: 614.29208pt x 88.1067pt.
[1


 <./theme/plecaAyD.png>]
\openout2 = `MarcoTeorico.aux'.

(MarcoTeorico.tex

File: theme/headerPar.png Graphic file (type png)
<use theme/headerPar.png>
Package pdftex.def Info: theme/headerPar.png  used on input line 2.
(pdftex.def)             Requested size: 210.00035pt x 35.0pt.

pdfTeX warning (ext4): destination with the same identifier (name{page.2}) has 
been already used, duplicate ignored
<to be read again> 
                   \relax 
l.2 \chapter
            {Marco Teórico}
File: theme/plecaAyD.png Graphic file (type png)
<use theme/plecaAyD.png>
Package pdftex.def Info: theme/plecaAyD.png  used on input line 2.
(pdftex.def)             Requested size: 614.29208pt x 88.1067pt.
[2




]
Cap\'{\i }tulo 2.
(teoria/ETS.tex
LaTeX Font Info:    Font shape `OT1/txss/b/n' will be
(Font)              scaled to size 13.67995pt on input line 3.

LaTeX Warning: Citation `refIPN' on page 3 undefined on input line 4.

LaTeX Font Info:    Trying to load font information for TS1+txss on input line 
14.
(C:\Users\luis-\AppData\Local\Programs\MiKTeX\tex/latex/txfonts\ts1txss.fd
File: ts1txss.fd 2000/12/15 v3.1
)
LaTeX Font Info:    Font shape `TS1/txss/m/n' will be
(Font)              scaled to size 9.49997pt on input line 14.
LaTeX Font Info:    Font shape `OT1/txss/b/n' will be
(Font)              scaled to size 11.39996pt on input line 18.


File: theme/plecaAyD.png Graphic file (type png)
<use theme/plecaAyD.png>
Package pdftex.def Info: theme/plecaAyD.png  used on input line 21.
(pdftex.def)             Requested size: 614.29208pt x 88.1067pt.
[3]

LaTeX Warning: Citation `ref9' on page 4 undefined on input line 24.

) (teoria/codigoQR.tex

LaTeX Warning: Citation `ref10' on page 4 undefined on input line 4.


Underfull \hbox (badness 10000) in paragraph at lines 7--8

 []

<images/img01.png, id=279, 266.9975pt x 269.005pt>
File: images/img01.png Graphic file (type png)
<use images/img01.png>
Package pdftex.def Info: images/img01.png  used on input line 11.
(pdftex.def)             Requested size: 120.1189pt x 121.02238pt.

Underfull \hbox (badness 10000) in paragraph at lines 17--18

 []

<images/img02.png, id=280, 268.00125pt x 269.005pt>
File: images/img02.png Graphic file (type png)
<use images/img02.png>
Package pdftex.def Info: images/img02.png  used on input line 23.
(pdftex.def)             Requested size: 120.1189pt x 120.56677pt.

Underfull \hbox (badness 10000) in paragraph at lines 29--30

 []

<images/img03.png, id=281, 268.00125pt x 269.005pt>
File: images/img03.png Graphic file (type png)
<use images/img03.png>
Package pdftex.def Info: images/img03.png  used on input line 35.
(pdftex.def)             Requested size: 120.1189pt x 120.56677pt.


File: theme/headerPar.png Graphic file (type png)
<use theme/headerPar.png>
Package pdftex.def Info: theme/headerPar.png  used on input line 43.
(pdftex.def)             Requested size: 210.00035pt x 35.0pt.
File: theme/plecaAyD.png Graphic file (type png)
<use theme/plecaAyD.png>
Package pdftex.def Info: theme/plecaAyD.png  used on input line 43.
(pdftex.def)             Requested size: 614.29208pt x 88.1067pt.
[4 <./images/img01.png>]

<theme/headerInp.png, id=287, 1204.5pt x 200.75pt>
File: theme/headerInp.png Graphic file (type png)
<use theme/headerInp.png>
Package pdftex.def Info: theme/headerInp.png  used on input line 43.
(pdftex.def)             Requested size: 210.00035pt x 35.0pt.
File: theme/plecaAyD.png Graphic file (type png)
<use theme/plecaAyD.png>
Package pdftex.def Info: theme/plecaAyD.png  used on input line 43.
(pdftex.def)             Requested size: 614.29208pt x 88.1067pt.
[5 <./theme/headerInp.png> <./images/img02.png> <./images/img03.png>]
<images/img04.png, id=296, 268.00125pt x 269.005pt>
File: images/img04.png Graphic file (type png)
<use images/img04.png>
Package pdftex.def Info: images/img04.png  used on input line 49.
(pdftex.def)             Requested size: 120.1189pt x 120.56677pt.

Underfull \hbox (badness 10000) in paragraph at lines 55--56

 []

<images/img05.png, id=297, 269.005pt x 269.005pt>
File: images/img05.png Graphic file (type png)
<use images/img05.png>
Package pdftex.def Info: images/img05.png  used on input line 61.
(pdftex.def)             Requested size: 120.1189pt x 120.11935pt.

Underfull \hbox (badness 10000) in paragraph at lines 67--68

 []



File: theme/headerPar.png Graphic file (type png)
<use theme/headerPar.png>
Package pdftex.def Info: theme/headerPar.png  used on input line 69.
(pdftex.def)             Requested size: 210.00035pt x 35.0pt.
File: theme/plecaAyD.png Graphic file (type png)
<use theme/plecaAyD.png>
Package pdftex.def Info: theme/plecaAyD.png  used on input line 69.
(pdftex.def)             Requested size: 614.29208pt x 88.1067pt.
[6 <./images/img04.png> <./images/img05.png>]
<images/img06.png, id=304, 268.00125pt x 269.005pt>
File: images/img06.png Graphic file (type png)
<use images/img06.png>
Package pdftex.def Info: images/img06.png  used on input line 74.
(pdftex.def)             Requested size: 120.1189pt x 120.56677pt.

Underfull \hbox (badness 10000) in paragraph at lines 80--81

 []

<images/img07.png, id=305, 268.00125pt x 269.005pt>
File: images/img07.png Graphic file (type png)
<use images/img07.png>
Package pdftex.def Info: images/img07.png  used on input line 86.
(pdftex.def)             Requested size: 120.1189pt x 120.56677pt.

Underfull \hbox (badness 10000) in paragraph at lines 95--96

 []

) (teoria/appmovil.tex

File: theme/headerInp.png Graphic file (type png)
<use theme/headerInp.png>
Package pdftex.def Info: theme/headerInp.png  used on input line 2.
(pdftex.def)             Requested size: 210.00035pt x 35.0pt.
File: theme/plecaAyD.png Graphic file (type png)
<use theme/plecaAyD.png>
Package pdftex.def Info: theme/plecaAyD.png  used on input line 2.
(pdftex.def)             Requested size: 614.29208pt x 88.1067pt.
[7 <./images/img06.png> <./images/img07.png>]
Underfull \hbox (badness 10000) in paragraph at lines 4--5

 []


Underfull \hbox (badness 10000) in paragraph at lines 6--7

 []

<images/img08.png, id=312, 1027.84pt x 513.92pt>
File: images/img08.png Graphic file (type png)
<use images/img08.png>
Package pdftex.def Info: images/img08.png  used on input line 12.
(pdftex.def)             Requested size: 340.32544pt x 170.16656pt.

Underfull \hbox (badness 10000) in paragraph at lines 19--20

 []


LaTeX Warning: Citation `ref11' on page 8 undefined on input line 21.



File: theme/headerPar.png Graphic file (type png)
<use theme/headerPar.png>
Package pdftex.def Info: theme/headerPar.png  used on input line 26.
(pdftex.def)             Requested size: 210.00035pt x 35.0pt.
File: theme/plecaAyD.png Graphic file (type png)
<use theme/plecaAyD.png>
Package pdftex.def Info: theme/plecaAyD.png  used on input line 26.
(pdftex.def)             Requested size: 614.29208pt x 88.1067pt.
[8 <./images/img08.png>]

File: theme/headerInp.png Graphic file (type png)
<use theme/headerInp.png>
Package pdftex.def Info: theme/headerInp.png  used on input line 61.
(pdftex.def)             Requested size: 210.00035pt x 35.0pt.
File: theme/plecaAyD.png Graphic file (type png)
<use theme/plecaAyD.png>
Package pdftex.def Info: theme/plecaAyD.png  used on input line 61.
(pdftex.def)             Requested size: 614.29208pt x 88.1067pt.
[9]
Underfull \hbox (badness 10000) in paragraph at lines 79--80

 []


Underfull \hbox (badness 10000) in paragraph at lines 81--82

 []



File: theme/headerPar.png Graphic file (type png)
<use theme/headerPar.png>
Package pdftex.def Info: theme/headerPar.png  used on input line 84.
(pdftex.def)             Requested size: 210.00035pt x 35.0pt.
File: theme/plecaAyD.png Graphic file (type png)
<use theme/plecaAyD.png>
Package pdftex.def Info: theme/plecaAyD.png  used on input line 84.
(pdftex.def)             Requested size: 614.29208pt x 88.1067pt.
[10]
Overfull \hbox (28.7691pt too wide) in paragraph at lines 88--99
 [][] 
 []


Underfull \hbox (badness 10000) in paragraph at lines 103--104

 []


Underfull \hbox (badness 10000) in paragraph at lines 105--106

 []

) (teoria/sistemaoperativo.tex) (teoria/lenguajeprogramacion.tex) (teoria/frame
work.tex

LaTeX Warning: Citation `cita30' on page 11 undefined on input line 8.



File: theme/headerInp.png Graphic file (type png)
<use theme/headerInp.png>
Package pdftex.def Info: theme/headerInp.png  used on input line 15.
(pdftex.def)             Requested size: 210.00035pt x 35.0pt.
File: theme/plecaAyD.png Graphic file (type png)
<use theme/plecaAyD.png>
Package pdftex.def Info: theme/plecaAyD.png  used on input line 15.
(pdftex.def)             Requested size: 614.29208pt x 88.1067pt.
[11]) (teoria/xml.tex
LaTeX Font Info:    Trying to load font information for OT1+txtt on input line 
24.
(C:\Users\luis-\AppData\Local\Programs\MiKTeX\tex/latex/txfonts\ot1txtt.fd
File: ot1txtt.fd 2000/12/15 v3.1
)
LaTeX Font Info:    Trying to load font information for OML+txtt on input line 
24.
LaTeX Font Info:    No file OMLtxtt.fd. on input line 24.

LaTeX Font Warning: Font shape `OML/txtt/m/n' undefined
(Font)              using `OML/txmi/m/it' instead
(Font)              for symbol `textless' on input line 24.

LaTeX Font Info:    Trying to load font information for OML+txss on input line 
29.
LaTeX Font Info:    No file OMLtxss.fd. on input line 29.

LaTeX Font Warning: Font shape `OML/txss/m/n' undefined
(Font)              using `OML/txmi/m/it' instead
(Font)              for symbol `textless' on input line 29.



File: theme/headerPar.png Graphic file (type png)
<use theme/headerPar.png>
Package pdftex.def Info: theme/headerPar.png  used on input line 42.
(pdftex.def)             Requested size: 210.00035pt x 35.0pt.
File: theme/plecaAyD.png Graphic file (type png)
<use theme/plecaAyD.png>
Package pdftex.def Info: theme/plecaAyD.png  used on input line 42.
(pdftex.def)             Requested size: 614.29208pt x 88.1067pt.
[12]) (teoria/patronesArquitectura.tex

File: theme/headerInp.png Graphic file (type png)
<use theme/headerInp.png>
Package pdftex.def Info: theme/headerInp.png  used on input line 25.
(pdftex.def)             Requested size: 210.00035pt x 35.0pt.
File: theme/plecaAyD.png Graphic file (type png)
<use theme/plecaAyD.png>
Package pdftex.def Info: theme/plecaAyD.png  used on input line 25.
(pdftex.def)             Requested size: 614.29208pt x 88.1067pt.
[13]) (teoria/redesneuronales.tex

File: theme/headerPar.png Graphic file (type png)
<use theme/headerPar.png>
Package pdftex.def Info: theme/headerPar.png  used on input line 19.
(pdftex.def)             Requested size: 210.00035pt x 35.0pt.
File: theme/plecaAyD.png Graphic file (type png)
<use theme/plecaAyD.png>
Package pdftex.def Info: theme/plecaAyD.png  used on input line 19.
(pdftex.def)             Requested size: 614.29208pt x 88.1067pt.
[14]

File: theme/headerInp.png Graphic file (type png)
<use theme/headerInp.png>
Package pdftex.def Info: theme/headerInp.png  used on input line 59.
(pdftex.def)             Requested size: 210.00035pt x 35.0pt.
File: theme/plecaAyD.png Graphic file (type png)
<use theme/plecaAyD.png>
Package pdftex.def Info: theme/plecaAyD.png  used on input line 59.
(pdftex.def)             Requested size: 614.29208pt x 88.1067pt.
[15]) (teoria/reconocimientofacial.tex

File: theme/headerPar.png Graphic file (type png)
<use theme/headerPar.png>
Package pdftex.def Info: theme/headerPar.png  used on input line 7.
(pdftex.def)             Requested size: 210.00035pt x 35.0pt.
File: theme/plecaAyD.png Graphic file (type png)
<use theme/plecaAyD.png>
Package pdftex.def Info: theme/plecaAyD.png  used on input line 7.
(pdftex.def)             Requested size: 614.29208pt x 88.1067pt.
[16]

File: theme/headerInp.png Graphic file (type png)
<use theme/headerInp.png>
Package pdftex.def Info: theme/headerInp.png  used on input line 40.
(pdftex.def)             Requested size: 210.00035pt x 35.0pt.
File: theme/plecaAyD.png Graphic file (type png)
<use theme/plecaAyD.png>
Package pdftex.def Info: theme/plecaAyD.png  used on input line 40.
(pdftex.def)             Requested size: 614.29208pt x 88.1067pt.
[17]))

File: theme/headerPar.png Graphic file (type png)
<use theme/headerPar.png>
Package pdftex.def Info: theme/headerPar.png  used on input line 39.
(pdftex.def)             Requested size: 210.00035pt x 35.0pt.
File: theme/plecaAyD.png Graphic file (type png)
<use theme/plecaAyD.png>
Package pdftex.def Info: theme/plecaAyD.png  used on input line 39.
(pdftex.def)             Requested size: 614.29208pt x 88.1067pt.
[18] (ejemplo.aux
LaTeX Info: Redefining \. on input line 11.
LaTeX Info: Redefining \% on input line 11.
(Problematica.aux) (MarcoTeorico.aux))
 ***********
LaTeX2e <2024-11-01>
L3 programming layer <2024-11-02>
 ***********

LaTeX Font Warning: Some font shapes were not available, defaults substituted.


LaTeX Warning: There were undefined references.


LaTeX Warning: There were multiply-defined labels.

Package rerunfilecheck Info: File `ejemplo.out' has not changed.
(rerunfilecheck)             Checksum: B9FA812B9AB734C72584B4649B73ACF1;7193.
 ) 
Here is how much of TeX's memory you used:
 16196 strings out of 473682
 259219 string characters out of 5719215
 657215 words of memory out of 5000000
 38841 multiletter control sequences out of 15000+600000
 610198 words of font info for 147 fonts, out of 8000000 for 9000
 1141 hyphenation exceptions out of 8191
 105i,16n,107p,693b,1199s stack positions out of 10000i,1000n,20000p,200000b,200000s
<C:/Users/luis-/AppData/Local/Programs/MiKTeX/fonts/type1/public/marvosym/mar
vosym.pfb><C:/Users/luis-/AppData/Local/Programs/MiKTeX/fonts/type1/public/txfo
nts/rtcxss.pfb><C:/Users/luis-/AppData/Local/Programs/MiKTeX/fonts/type1/public
/txfonts/rtxmi.pfb><C:/Users/luis-/AppData/Local/Programs/MiKTeX/fonts/type1/pu
blic/txfonts/rtxr.pfb><C:/Users/luis-/AppData/Local/Programs/MiKTeX/fonts/type1
/public/txfonts/rtxsssc.pfb><C:/Users/luis-/AppData/Local/Programs/MiKTeX/fonts
/type1/public/txfonts/txex.pfb><C:/Users/luis-/AppData/Local/Programs/MiKTeX/fo
nts/type1/public/txfonts/txsy.pfb><C:/Users/luis-/AppData/Local/Programs/MiKTeX
/fonts/type1/public/txfonts/txtt.pfb><C:/Users/luis-/AppData/Local/Programs/MiK
TeX/fonts/type1/urw/helvetic/uhvb8a.pfb><C:/Users/luis-/AppData/Local/Programs/
MiKTeX/fonts/type1/urw/helvetic/uhvr8a.pfb><C:/Users/luis-/AppData/Local/Progra
ms/MiKTeX/fonts/type1/urw/helvetic/uhvr8a.pfb><C:/Users/luis-/AppData/Local/Pro
grams/MiKTeX/fonts/type1/urw/times/utmr8a.pfb><C:/Users/luis-/AppData/Local/Pro
grams/MiKTeX/fonts/type1/urw/times/utmri8a.pfb>
Output written on ejemplo.pdf (26 pages, 451232 bytes).
PDF statistics:
 467 PDF objects out of 1000 (max. 8388607)
 98 named destinations out of 1000 (max. 500000)
 388 words of extra memory for PDF output out of 10000 (max. 10000000)

