\BOOKMARK [0][-]{chapter.1}{\376\377\000I\000n\000t\000r\000o\000d\000u\000c\000c\000i\000\363\000n}{}% 1
\BOOKMARK [1][-]{section.1.1}{\376\377\000P\000r\000e\000s\000e\000n\000t\000a\000c\000i\000\363\000n}{chapter.1}% 2
\BOOKMARK [1][-]{section.1.2}{\376\377\000O\000r\000g\000a\000n\000i\000z\000a\000c\000i\000\363\000n\000\040\000d\000e\000l\000\040\000c\000o\000n\000t\000e\000n\000i\000d\000o}{chapter.1}% 3
\BOOKMARK [1][-]{section.1.3}{\376\377\000N\000o\000t\000a\000c\000i\000\363\000n\000,\000\040\000s\000\355\000m\000b\000o\000l\000o\000s\000\040\000y\000\040\000c\000o\000n\000v\000e\000n\000c\000i\000o\000n\000e\000s\000\040\000u\000t\000i\000l\000i\000z\000a\000d\000a\000s}{chapter.1}% 4
\BOOKMARK [0][-]{chapter.2}{\376\377\000M\000o\000d\000e\000l\000o\000\040\000d\000e\000l\000\040\000A\000l\000c\000a\000n\000c\000e}{}% 5
\BOOKMARK [1][-]{section.2.1}{\376\377\000R\000e\000q\000u\000e\000r\000i\000m\000i\000e\000n\000t\000o\000s\000\040\000d\000e\000\040\000u\000s\000u\000a\000r\000i\000o}{chapter.2}% 6
\BOOKMARK [1][-]{section.2.2}{\376\377\000E\000s\000p\000e\000c\000i\000f\000i\000c\000a\000c\000i\000\363\000n\000\040\000d\000e\000\040\000p\000l\000a\000t\000a\000f\000o\000r\000m\000a}{chapter.2}% 7
\BOOKMARK [0][-]{chapter.3}{\376\377\000M\000o\000d\000e\000l\000o\000\040\000d\000e\000l\000\040\000N\000e\000g\000o\000c\000i\000o}{}% 8
\BOOKMARK [1][-]{section.3.1}{\376\377\000C\000o\000n\000t\000e\000x\000t\000o}{chapter.3}% 9
\BOOKMARK [1][-]{section.3.2}{\376\377\000T\000\351\000r\000m\000i\000n\000o\000s\000\040\000d\000e\000l\000\040\000N\000e\000g\000o\000c\000i\000o}{chapter.3}% 10
\BOOKMARK [1][-]{section.3.3}{\376\377\000M\000o\000d\000e\000l\000o\000\040\000d\000e\000l\000\040\000d\000o\000m\000i\000n\000i\000o\000\040\000d\000e\000l\000\040\000p\000r\000o\000b\000l\000e\000m\000a}{chapter.3}% 11
\BOOKMARK [2][-]{subsection.3.3.1}{\376\377\000M\000o\000d\000e\000l\000o\000\040\000d\000e\000l\000\040\000d\000o\000m\000i\000n\000i\000o\000\040\000d\000e\000l\000\040\000p\000r\000o\000b\000l\000e\000m\000a}{section.3.3}% 12
\BOOKMARK [2][-]{subsection.3.3.2}{\376\377\000E\000n\000t\000i\000d\000a\000d\000:\000\040\000A\000l\000u\000m\000n\000o}{section.3.3}% 13
\BOOKMARK [2][-]{subsection.3.3.3}{\376\377\000E\000n\000t\000i\000d\000a\000d\000:\000\040\000A\000l\000u\000m\000n\000o\000\040\000E\000x\000t\000r\000a\000n\000j\000e\000r\000o}{section.3.3}% 14
\BOOKMARK [1][-]{section.3.4}{\376\377\000M\000o\000d\000e\000l\000a\000d\000o\000\040\000d\000e\000\040\000R\000e\000g\000l\000a\000s\000\040\000d\000e\000\040\000n\000e\000g\000o\000c\000i\000o}{chapter.3}% 15
\BOOKMARK [0][-]{chapter.4}{\376\377\000M\000o\000d\000e\000l\000o\000\040\000d\000i\000n\000\341\000m\000i\000c\000o}{}% 16
\BOOKMARK [1][-]{section.4.1}{\376\377\000N\000o\000t\000a\000c\000i\000\363\000n}{chapter.4}% 17
\BOOKMARK [1][-]{section.4.2}{\376\377\000D\000e\000s\000c\000r\000i\000p\000c\000i\000\363\000n\000\040\000d\000e\000\040\000a\000c\000t\000o\000r\000e\000s}{chapter.4}% 18
\BOOKMARK [2][-]{subsection.4.2.1}{\376\377\000A\000l\000u\000m\000n\000o}{section.4.2}% 19
\BOOKMARK [2][-]{subsection.4.2.2}{\376\377\000P\000e\000r\000s\000o\000n\000a\000l\000\040\000d\000e\000\040\000s\000e\000g\000u\000r\000i\000d\000a\000d}{section.4.2}% 20
\BOOKMARK [2][-]{subsection.4.2.3}{\376\377\000D\000o\000c\000e\000n\000t\000e}{section.4.2}% 21
\BOOKMARK [2][-]{subsection.4.2.4}{\376\377\000P\000e\000r\000s\000o\000n\000a\000l\000\040\000d\000e\000\040\000g\000e\000s\000t\000i\000\363\000n\000\040\000e\000s\000c\000o\000l\000a\000r}{section.4.2}% 22
\BOOKMARK [2][-]{subsection.4.2.5}{\376\377\000P\000e\000r\000s\000o\000n\000a\000l\000\040\000d\000e\000\040\000l\000a\000\040\000D\000A\000E}{section.4.2}% 23
\BOOKMARK [2][-]{subsection.4.2.6}{\376\377\000P\000r\000e\000s\000i\000d\000e\000n\000t\000e\000\040\000d\000e\000\040\000a\000c\000a\000d\000e\000m\000i\000a}{section.4.2}% 24
\BOOKMARK [2][-]{subsection.4.2.7}{\376\377\000J\000e\000f\000e\000\040\000d\000e\000\040\000d\000e\000p\000a\000r\000t\000a\000m\000e\000n\000t\000o}{section.4.2}% 25
\BOOKMARK [1][-]{section.4.3}{\376\377\000C\000U\000-\0000\0001\000\040\000I\000n\000i\000c\000i\000a\000r\000\040\000s\000e\000s\000i\000\363\000n\000\040\000d\000e\000l\000\040\000s\000i\000s\000t\000e\000m\000a\000\040\000m\000\363\000v\000i\000l}{chapter.4}% 26
\BOOKMARK [2][-]{subsection.4.3.1}{\376\377\000D\000e\000s\000c\000r\000i\000p\000c\000i\000\363\000n\000\040\000c\000o\000m\000p\000l\000e\000t\000a}{section.4.3}% 27
\BOOKMARK [2][-]{subsection.4.3.2}{\376\377\000A\000t\000r\000i\000b\000u\000t\000o\000s\000\040\000i\000m\000p\000o\000r\000t\000a\000n\000t\000e\000s}{section.4.3}% 28
\BOOKMARK [2][-]{subsection.4.3.3}{\376\377\000T\000r\000a\000y\000e\000c\000t\000o\000r\000i\000a\000s\000\040\000d\000e\000l\000\040\000C\000a\000s\000o\000\040\000d\000e\000\040\000U\000s\000o}{section.4.3}% 29
\BOOKMARK [1][-]{section.4.4}{\376\377\000C\000U\000-\0000\0002\000\040\000C\000o\000n\000s\000u\000l\000t\000a\000r\000\040\000c\000a\000l\000e\000n\000d\000a\000r\000i\000o\000\040\000e\000s\000c\000o\000l\000a\000r}{chapter.4}% 30
\BOOKMARK [2][-]{subsection.4.4.1}{\376\377\000D\000e\000s\000c\000r\000i\000p\000c\000i\000\363\000n\000\040\000c\000o\000m\000p\000l\000e\000t\000a}{section.4.4}% 31
\BOOKMARK [2][-]{subsection.4.4.2}{\376\377\000A\000t\000r\000i\000b\000u\000t\000o\000s\000\040\000i\000m\000p\000o\000r\000t\000a\000n\000t\000e\000s}{section.4.4}% 32
\BOOKMARK [2][-]{subsection.4.4.3}{\376\377\000T\000r\000a\000y\000e\000c\000t\000o\000r\000i\000a\000s\000\040\000d\000e\000l\000\040\000C\000a\000s\000o\000\040\000d\000e\000\040\000U\000s\000o}{section.4.4}% 33
\BOOKMARK [1][-]{section.4.5}{\376\377\000C\000U\000-\0000\0003\000\040\000C\000o\000n\000s\000u\000l\000t\000a\000r\000\040\000n\000o\000t\000i\000f\000i\000c\000a\000c\000i\000o\000n\000e\000s}{chapter.4}% 34
\BOOKMARK [2][-]{subsection.4.5.1}{\376\377\000D\000e\000s\000c\000r\000i\000p\000c\000i\000\363\000n\000\040\000c\000o\000m\000p\000l\000e\000t\000a}{section.4.5}% 35
\BOOKMARK [2][-]{subsection.4.5.2}{\376\377\000A\000t\000r\000i\000b\000u\000t\000o\000s\000\040\000i\000m\000p\000o\000r\000t\000a\000n\000t\000e\000s}{section.4.5}% 36
\BOOKMARK [2][-]{subsection.4.5.3}{\376\377\000T\000r\000a\000y\000e\000c\000t\000o\000r\000i\000a\000s\000\040\000d\000e\000l\000\040\000C\000a\000s\000o\000\040\000d\000e\000\040\000U\000s\000o}{section.4.5}% 37
\BOOKMARK [1][-]{section.4.6}{\376\377\000C\000U\000-\0000\0004\000\040\000C\000o\000n\000s\000u\000l\000t\000a\000r\000\040\000p\000e\000r\000i\000o\000d\000o\000s\000\040\000d\000e\000\040\000E\000T\000S\000\040\000a\000s\000i\000g\000n\000a\000d\000o\000s\000\040\000a\000l\000\040\000d\000o\000c\000e\000n\000t\000e}{chapter.4}% 38
\BOOKMARK [2][-]{subsection.4.6.1}{\376\377\000D\000e\000s\000c\000r\000i\000p\000c\000i\000\363\000n\000\040\000c\000o\000m\000p\000l\000e\000t\000a}{section.4.6}% 39
\BOOKMARK [2][-]{subsection.4.6.2}{\376\377\000A\000t\000r\000i\000b\000u\000t\000o\000s\000\040\000i\000m\000p\000o\000r\000t\000a\000n\000t\000e\000s}{section.4.6}% 40
\BOOKMARK [2][-]{subsection.4.6.3}{\376\377\000T\000r\000a\000y\000e\000c\000t\000o\000r\000i\000a\000s\000\040\000d\000e\000l\000\040\000C\000a\000s\000o\000\040\000d\000e\000\040\000U\000s\000o}{section.4.6}% 41
\BOOKMARK [1][-]{section.4.7}{\376\377\000C\000U\000-\0000\0005\000\040\000C\000o\000n\000s\000u\000l\000t\000a\000r\000\040\000E\000T\000S\000\040\000a\000s\000i\000g\000n\000a\000d\000o\000s}{chapter.4}% 42
\BOOKMARK [2][-]{subsection.4.7.1}{\376\377\000D\000e\000s\000c\000r\000i\000p\000c\000i\000\363\000n\000\040\000c\000o\000m\000p\000l\000e\000t\000a}{section.4.7}% 43
\BOOKMARK [2][-]{subsection.4.7.2}{\376\377\000A\000t\000r\000i\000b\000u\000t\000o\000s\000\040\000i\000m\000p\000o\000r\000t\000a\000n\000t\000e\000s}{section.4.7}% 44
\BOOKMARK [2][-]{subsection.4.7.3}{\376\377\000T\000r\000a\000y\000e\000c\000t\000o\000r\000i\000a\000s\000\040\000d\000e\000l\000\040\000C\000a\000s\000o\000\040\000d\000e\000\040\000U\000s\000o}{section.4.7}% 45
\BOOKMARK [1][-]{section.4.8}{\376\377\000C\000U\000-\0000\0006\000\040\000M\000o\000s\000t\000r\000a\000r\000\040\000i\000n\000f\000o\000r\000m\000a\000c\000i\000\363\000n\000\040\000d\000e\000\040\000l\000o\000s\000\040\000E\000T\000S\000\040\000a\000s\000i\000g\000n\000a\000d\000o\000s}{chapter.4}% 46
\BOOKMARK [2][-]{subsection.4.8.1}{\376\377\000D\000e\000s\000c\000r\000i\000p\000c\000i\000\363\000n\000\040\000c\000o\000m\000p\000l\000e\000t\000a}{section.4.8}% 47
\BOOKMARK [2][-]{subsection.4.8.2}{\376\377\000A\000t\000r\000i\000b\000u\000t\000o\000s\000\040\000i\000m\000p\000o\000r\000t\000a\000n\000t\000e\000s}{section.4.8}% 48
\BOOKMARK [2][-]{subsection.4.8.3}{\376\377\000T\000r\000a\000y\000e\000c\000t\000o\000r\000i\000a\000s\000\040\000d\000e\000l\000\040\000C\000a\000s\000o\000\040\000d\000e\000\040\000U\000s\000o}{section.4.8}% 49
\BOOKMARK [1][-]{section.4.9}{\376\377\000C\000U\000-\0000\0008\000\040\000C\000o\000n\000s\000u\000l\000t\000a\000r\000\040\000l\000i\000s\000t\000a\000\040\000d\000e\000\040\000a\000l\000u\000m\000n\000o\000s\000\040\000i\000n\000s\000c\000r\000i\000t\000o\000s\000\040\000a\000\040\000u\000n\000\040\000E\000T\000S}{chapter.4}% 50
\BOOKMARK [2][-]{subsection.4.9.1}{\376\377\000D\000e\000s\000c\000r\000i\000p\000c\000i\000\363\000n\000\040\000c\000o\000m\000p\000l\000e\000t\000a}{section.4.9}% 51
\BOOKMARK [2][-]{subsection.4.9.2}{\376\377\000A\000t\000r\000i\000b\000u\000t\000o\000s\000\040\000i\000m\000p\000o\000r\000t\000a\000n\000t\000e\000s}{section.4.9}% 52
\BOOKMARK [2][-]{subsection.4.9.3}{\376\377\000T\000r\000a\000y\000e\000c\000t\000o\000r\000i\000a\000s\000\040\000d\000e\000l\000\040\000C\000a\000s\000o\000\040\000d\000e\000\040\000U\000s\000o}{section.4.9}% 53
\BOOKMARK [1][-]{section.4.10}{\376\377\000C\000U\000-\0001\0000\000\040\000C\000o\000n\000s\000u\000l\000t\000a\000r\000\040\000l\000i\000s\000t\000a\000\040\000d\000e\000\040\000a\000s\000i\000s\000t\000e\000n\000c\000i\000a\000\040\000d\000e\000\040\000a\000l\000u\000m\000n\000o\000s\000\040\000i\000n\000s\000c\000r\000i\000t\000o\000s\000\040\000a\000\040\000l\000o\000s\000\040\000E\000T\000S}{chapter.4}% 54
\BOOKMARK [2][-]{subsection.4.10.1}{\376\377\000D\000e\000s\000c\000r\000i\000p\000c\000i\000\363\000n\000\040\000c\000o\000m\000p\000l\000e\000t\000a}{section.4.10}% 55
\BOOKMARK [2][-]{subsection.4.10.2}{\376\377\000A\000t\000r\000i\000b\000u\000t\000o\000s\000\040\000i\000m\000p\000o\000r\000t\000a\000n\000t\000e\000s}{section.4.10}% 56
\BOOKMARK [2][-]{subsection.4.10.3}{\376\377\000T\000r\000a\000y\000e\000c\000t\000o\000r\000i\000a\000s\000\040\000d\000e\000l\000\040\000C\000a\000s\000o\000\040\000d\000e\000\040\000U\000s\000o}{section.4.10}% 57
\BOOKMARK [1][-]{section.4.11}{\376\377\000C\000U\000-\0000\0009\000\040\000T\000o\000m\000a\000r\000\040\000a\000s\000i\000s\000t\000e\000n\000c\000i\000a\000s\000\040\000a\000\040\000l\000o\000s\000\040\000E\000T\000S}{chapter.4}% 58
\BOOKMARK [2][-]{subsection.4.11.1}{\376\377\000D\000e\000s\000c\000r\000i\000p\000c\000i\000\363\000n\000\040\000c\000o\000m\000p\000l\000e\000t\000a}{section.4.11}% 59
\BOOKMARK [2][-]{subsection.4.11.2}{\376\377\000A\000t\000r\000i\000b\000u\000t\000o\000s\000\040\000i\000m\000p\000o\000r\000t\000a\000n\000t\000e\000s}{section.4.11}% 60
\BOOKMARK [2][-]{subsection.4.11.3}{\376\377\000T\000r\000a\000y\000e\000c\000t\000o\000r\000i\000a\000s\000\040\000d\000e\000l\000\040\000C\000a\000s\000o\000\040\000d\000e\000\040\000U\000s\000o}{section.4.11}% 61
\BOOKMARK [1][-]{section.4.12}{\376\377\000C\000U\000-\0001\0001\000\040\000M\000o\000s\000t\000r\000a\000r\000\040\000l\000a\000\040\000f\000o\000t\000o\000\040\000e\000\040\000i\000n\000f\000o\000r\000m\000a\000c\000i\000\363\000n\000\040\000d\000e\000l\000\040\000a\000l\000u\000m\000n\000o}{chapter.4}% 62
\BOOKMARK [2][-]{subsection.4.12.1}{\376\377\000D\000e\000s\000c\000r\000i\000p\000c\000i\000\363\000n\000\040\000c\000o\000m\000p\000l\000e\000t\000a}{section.4.12}% 63
\BOOKMARK [2][-]{subsection.4.12.2}{\376\377\000A\000t\000r\000i\000b\000u\000t\000o\000s\000\040\000i\000m\000p\000o\000r\000t\000a\000n\000t\000e\000s}{section.4.12}% 64
\BOOKMARK [2][-]{subsection.4.12.3}{\376\377\000T\000r\000a\000y\000e\000c\000t\000o\000r\000i\000a\000s\000\040\000d\000e\000l\000\040\000C\000a\000s\000o\000\040\000d\000e\000\040\000U\000s\000o}{section.4.12}% 65
\BOOKMARK [1][-]{section.4.13}{\376\377\000C\000U\000-\0001\0002\000\040\000C\000o\000n\000s\000u\000l\000t\000a\000r\000\040\000a\000l\000u\000m\000n\000o\000\040\000m\000e\000d\000i\000a\000n\000t\000e\000\040\000c\000\363\000d\000i\000g\000o\000\040\000Q\000R\000\040\000d\000e\000\040\000l\000a\000\040\000c\000r\000e\000d\000e\000n\000c\000i\000a\000l}{chapter.4}% 66
\BOOKMARK [2][-]{subsection.4.13.1}{\376\377\000D\000e\000s\000c\000r\000i\000p\000c\000i\000\363\000n\000\040\000c\000o\000m\000p\000l\000e\000t\000a}{section.4.13}% 67
\BOOKMARK [2][-]{subsection.4.13.2}{\376\377\000A\000t\000r\000i\000b\000u\000t\000o\000s\000\040\000i\000m\000p\000o\000r\000t\000a\000n\000t\000e\000s}{section.4.13}% 68
\BOOKMARK [2][-]{subsection.4.13.3}{\376\377\000T\000r\000a\000y\000e\000c\000t\000o\000r\000i\000a\000s\000\040\000d\000e\000l\000\040\000C\000a\000s\000o\000\040\000d\000e\000\040\000U\000s\000o}{section.4.13}% 69
\BOOKMARK [1][-]{section.4.14}{\376\377\000C\000U\000-\0001\0003\000\040\000B\000u\000s\000c\000a\000r\000\040\000a\000l\000u\000m\000n\000o\000\040\000p\000o\000r\000\040\000b\000o\000l\000e\000t\000a}{chapter.4}% 70
\BOOKMARK [2][-]{subsection.4.14.1}{\376\377\000D\000e\000s\000c\000r\000i\000p\000c\000i\000\363\000n\000\040\000c\000o\000m\000p\000l\000e\000t\000a}{section.4.14}% 71
\BOOKMARK [2][-]{subsection.4.14.2}{\376\377\000A\000t\000r\000i\000b\000u\000t\000o\000s\000\040\000i\000m\000p\000o\000r\000t\000a\000n\000t\000e\000s}{section.4.14}% 72
\BOOKMARK [2][-]{subsection.4.14.3}{\376\377\000T\000r\000a\000y\000e\000c\000t\000o\000r\000i\000a\000s\000\040\000d\000e\000l\000\040\000C\000a\000s\000o\000\040\000d\000e\000\040\000U\000s\000o}{section.4.14}% 73
\BOOKMARK [1][-]{section.4.15}{\376\377\000C\000U\000-\0001\0004\000\040\000B\000u\000s\000c\000a\000r\000\040\000a\000l\000u\000m\000n\000o\000\040\000p\000o\000r\000\040\000n\000o\000m\000b\000r\000e}{chapter.4}% 74
\BOOKMARK [2][-]{subsection.4.15.1}{\376\377\000D\000e\000s\000c\000r\000i\000p\000c\000i\000\363\000n\000\040\000c\000o\000m\000p\000l\000e\000t\000a}{section.4.15}% 75
\BOOKMARK [2][-]{subsection.4.15.2}{\376\377\000A\000t\000r\000i\000b\000u\000t\000o\000s\000\040\000i\000m\000p\000o\000r\000t\000a\000n\000t\000e\000s}{section.4.15}% 76
\BOOKMARK [2][-]{subsection.4.15.3}{\376\377\000T\000r\000a\000y\000e\000c\000t\000o\000r\000i\000a\000s\000\040\000d\000e\000l\000\040\000C\000a\000s\000o\000\040\000d\000e\000\040\000U\000s\000o}{section.4.15}% 77
\BOOKMARK [1][-]{section.4.16}{\376\377\000C\000U\000-\0001\0005\000\040\000R\000e\000g\000i\000s\000t\000r\000a\000r\000\040\000a\000s\000i\000s\000t\000e\000n\000c\000i\000a}{chapter.4}% 78
\BOOKMARK [2][-]{subsection.4.16.1}{\376\377\000D\000e\000s\000c\000r\000i\000p\000c\000i\000\363\000n\000\040\000c\000o\000m\000p\000l\000e\000t\000a}{section.4.16}% 79
\BOOKMARK [2][-]{subsection.4.16.2}{\376\377\000A\000t\000r\000i\000b\000u\000t\000o\000s\000\040\000i\000m\000p\000o\000r\000t\000a\000n\000t\000e\000s}{section.4.16}% 80
\BOOKMARK [2][-]{subsection.4.16.3}{\376\377\000T\000r\000a\000y\000e\000c\000t\000o\000r\000i\000a\000s\000\040\000d\000e\000l\000\040\000C\000a\000s\000o\000\040\000d\000e\000\040\000U\000s\000o}{section.4.16}% 81
\BOOKMARK [1][-]{section.4.17}{\376\377\000C\000U\000-\0001\0006\000\040\000C\000o\000n\000s\000u\000l\000t\000a\000r\000\040\000p\000e\000r\000i\000o\000d\000o\000s\000\040\000d\000e\000\040\000E\000T\000S\000\040\000i\000n\000s\000c\000r\000i\000t\000o\000s\000\040\000d\000e\000l\000\040\000a\000l\000u\000m\000n\000o}{chapter.4}% 82
\BOOKMARK [2][-]{subsection.4.17.1}{\376\377\000D\000e\000s\000c\000r\000i\000p\000c\000i\000\363\000n\000\040\000c\000o\000m\000p\000l\000e\000t\000a}{section.4.17}% 83
\BOOKMARK [2][-]{subsection.4.17.2}{\376\377\000A\000t\000r\000i\000b\000u\000t\000o\000s\000\040\000i\000m\000p\000o\000r\000t\000a\000n\000t\000e\000s}{section.4.17}% 84
\BOOKMARK [2][-]{subsection.4.17.3}{\376\377\000T\000r\000a\000y\000e\000c\000t\000o\000r\000i\000a\000s\000\040\000d\000e\000l\000\040\000C\000a\000s\000o\000\040\000d\000e\000\040\000U\000s\000o}{section.4.17}% 85
\BOOKMARK [1][-]{section.4.18}{\376\377\000C\000U\000-\0001\0007\000\040\000C\000o\000n\000s\000u\000l\000t\000a\000r\000\040\000E\000T\000S\000\040\000i\000n\000s\000c\000r\000i\000t\000o\000s}{chapter.4}% 86
\BOOKMARK [2][-]{subsection.4.18.1}{\376\377\000D\000e\000s\000c\000r\000i\000p\000c\000i\000\363\000n\000\040\000c\000o\000m\000p\000l\000e\000t\000a}{section.4.18}% 87
\BOOKMARK [2][-]{subsection.4.18.2}{\376\377\000A\000t\000r\000i\000b\000u\000t\000o\000s\000\040\000i\000m\000p\000o\000r\000t\000a\000n\000t\000e\000s}{section.4.18}% 88
\BOOKMARK [2][-]{subsection.4.18.3}{\376\377\000T\000r\000a\000y\000e\000c\000t\000o\000r\000i\000a\000s\000\040\000d\000e\000l\000\040\000C\000a\000s\000o\000\040\000d\000e\000\040\000U\000s\000o}{section.4.18}% 89
\BOOKMARK [1][-]{section.4.19}{\376\377\000C\000U\000-\0001\0008\000\040\000M\000o\000s\000t\000r\000a\000r\000\040\000i\000n\000f\000o\000r\000m\000a\000c\000i\000\363\000n\000\040\000d\000e\000\040\000l\000o\000s\000\040\000E\000T\000S\000\040\000i\000n\000s\000c\000r\000i\000t\000o\000s}{chapter.4}% 90
\BOOKMARK [2][-]{subsection.4.19.1}{\376\377\000D\000e\000s\000c\000r\000i\000p\000c\000i\000\363\000n\000\040\000c\000o\000m\000p\000l\000e\000t\000a}{section.4.19}% 91
\BOOKMARK [2][-]{subsection.4.19.2}{\376\377\000A\000t\000r\000i\000b\000u\000t\000o\000s\000\040\000i\000m\000p\000o\000r\000t\000a\000n\000t\000e\000s}{section.4.19}% 92
\BOOKMARK [2][-]{subsection.4.19.3}{\376\377\000T\000r\000a\000y\000e\000c\000t\000o\000r\000i\000a\000s\000\040\000d\000e\000l\000\040\000C\000a\000s\000o\000\040\000d\000e\000\040\000U\000s\000o}{section.4.19}% 93
\BOOKMARK [1][-]{section.4.20}{\376\377\000C\000U\000-\0001\0009\000\040\000P\000r\000o\000b\000a\000r\000\040\000r\000e\000c\000o\000n\000o\000c\000i\000m\000i\000e\000n\000t\000o\000\040\000f\000a\000c\000i\000a\000l}{chapter.4}% 94
\BOOKMARK [2][-]{subsection.4.20.1}{\376\377\000D\000e\000s\000c\000r\000i\000p\000c\000i\000\363\000n\000\040\000c\000o\000m\000p\000l\000e\000t\000a}{section.4.20}% 95
\BOOKMARK [2][-]{subsection.4.20.2}{\376\377\000A\000t\000r\000i\000b\000u\000t\000o\000s\000\040\000i\000m\000p\000o\000r\000t\000a\000n\000t\000e\000s}{section.4.20}% 96
\BOOKMARK [2][-]{subsection.4.20.3}{\376\377\000T\000r\000a\000y\000e\000c\000t\000o\000r\000i\000a\000s\000\040\000d\000e\000l\000\040\000C\000a\000s\000o\000\040\000d\000e\000\040\000U\000s\000o}{section.4.20}% 97
\BOOKMARK [1][-]{section.4.21}{\376\377\000C\000U\000-\0002\0000\000\040\000R\000e\000v\000i\000s\000a\000r\000\040\000i\000n\000f\000o\000r\000m\000a\000c\000i\000\363\000n\000\040\000d\000e\000\040\000a\000c\000c\000e\000s\000o\000\040\000a\000\040\000l\000o\000s\000\040\000E\000T\000S}{chapter.4}% 98
\BOOKMARK [2][-]{subsection.4.21.1}{\376\377\000D\000e\000s\000c\000r\000i\000p\000c\000i\000\363\000n\000\040\000c\000o\000m\000p\000l\000e\000t\000a}{section.4.21}% 99
\BOOKMARK [2][-]{subsection.4.21.2}{\376\377\000A\000t\000r\000i\000b\000u\000t\000o\000s\000\040\000i\000m\000p\000o\000r\000t\000a\000n\000t\000e\000s}{section.4.21}% 100
\BOOKMARK [2][-]{subsection.4.21.3}{\376\377\000T\000r\000a\000y\000e\000c\000t\000o\000r\000i\000a\000s\000\040\000d\000e\000l\000\040\000C\000a\000s\000o\000\040\000d\000e\000\040\000U\000s\000o}{section.4.21}% 101
\BOOKMARK [1][-]{section.4.22}{\376\377\000C\000U\000-\0002\0001\000\040\000D\000a\000r\000\040\000d\000e\000\040\000a\000l\000t\000a\000\040\000u\000n\000\040\000a\000l\000u\000m\000n\000o}{chapter.4}% 102
\BOOKMARK [2][-]{subsection.4.22.1}{\376\377\000D\000e\000s\000c\000r\000i\000p\000c\000i\000\363\000n\000\040\000c\000o\000m\000p\000l\000e\000t\000a}{section.4.22}% 103
\BOOKMARK [2][-]{subsection.4.22.2}{\376\377\000A\000t\000r\000i\000b\000u\000t\000o\000s\000\040\000i\000m\000p\000o\000r\000t\000a\000n\000t\000e\000s}{section.4.22}% 104
\BOOKMARK [2][-]{subsection.4.22.3}{\376\377\000T\000r\000a\000y\000e\000c\000t\000o\000r\000i\000a\000s\000\040\000d\000e\000l\000\040\000C\000a\000s\000o\000\040\000d\000e\000\040\000U\000s\000o}{section.4.22}% 105
\BOOKMARK [1][-]{section.4.23}{\376\377\000C\000U\000-\0002\0002\000\040\000C\000r\000e\000a\000r\000\040\000c\000r\000e\000d\000e\000n\000c\000i\000a\000l}{chapter.4}% 106
\BOOKMARK [2][-]{subsection.4.23.1}{\376\377\000D\000e\000s\000c\000r\000i\000p\000c\000i\000\363\000n\000\040\000c\000o\000m\000p\000l\000e\000t\000a}{section.4.23}% 107
\BOOKMARK [2][-]{subsection.4.23.2}{\376\377\000A\000t\000r\000i\000b\000u\000t\000o\000s\000\040\000i\000m\000p\000o\000r\000t\000a\000n\000t\000e\000s}{section.4.23}% 108
\BOOKMARK [2][-]{subsection.4.23.3}{\376\377\000T\000r\000a\000y\000e\000c\000t\000o\000r\000i\000a\000s\000\040\000d\000e\000l\000\040\000C\000a\000s\000o\000\040\000d\000e\000\040\000U\000s\000o}{section.4.23}% 109
\BOOKMARK [1][-]{section.4.24}{\376\377\000C\000U\000-\0002\0003\000\040\000C\000a\000p\000t\000u\000r\000a\000r\000\040\000f\000o\000t\000o\000g\000r\000a\000f\000\355\000a\000\040\000e\000s\000t\000u\000d\000i\000a\000n\000t\000i\000l}{chapter.4}% 110
\BOOKMARK [2][-]{subsection.4.24.1}{\376\377\000D\000e\000s\000c\000r\000i\000p\000c\000i\000\363\000n\000\040\000c\000o\000m\000p\000l\000e\000t\000a}{section.4.24}% 111
\BOOKMARK [2][-]{subsection.4.24.2}{\376\377\000A\000t\000r\000i\000b\000u\000t\000o\000s\000\040\000i\000m\000p\000o\000r\000t\000a\000n\000t\000e\000s}{section.4.24}% 112
\BOOKMARK [2][-]{subsection.4.24.3}{\376\377\000T\000r\000a\000y\000e\000c\000t\000o\000r\000i\000a\000s\000\040\000d\000e\000l\000\040\000C\000a\000s\000o\000\040\000d\000e\000\040\000U\000s\000o}{section.4.24}% 113
\BOOKMARK [1][-]{section.4.25}{\376\377\000C\000U\000-\0002\0004\000\040\000C\000o\000n\000s\000u\000l\000t\000a\000r\000\040\000l\000i\000s\000t\000a\000\040\000d\000e\000\040\000p\000e\000r\000i\000o\000d\000o\000\040\000d\000e\000\040\000E\000T\000S\000\040}{chapter.4}% 114
\BOOKMARK [2][-]{subsection.4.25.1}{\376\377\000D\000e\000s\000c\000r\000i\000p\000c\000i\000\363\000n\000\040\000c\000o\000m\000p\000l\000e\000t\000a}{section.4.25}% 115
\BOOKMARK [2][-]{subsection.4.25.2}{\376\377\000A\000t\000r\000i\000b\000u\000t\000o\000s\000\040\000i\000m\000p\000o\000r\000t\000a\000n\000t\000e\000s}{section.4.25}% 116
\BOOKMARK [2][-]{subsection.4.25.3}{\376\377\000T\000r\000a\000y\000e\000c\000t\000o\000r\000i\000a\000s\000\040\000d\000e\000l\000\040\000C\000a\000s\000o\000\040\000d\000e\000\040\000U\000s\000o}{section.4.25}% 117
\BOOKMARK [1][-]{section.4.26}{\376\377\000C\000U\000-\0002\0005\000\040\000D\000a\000r\000\040\000d\000e\000\040\000a\000l\000t\000a\000\040\000d\000e\000\040\000p\000e\000r\000i\000o\000d\000o\000\040\000d\000e\000\040\000E\000T\000S}{chapter.4}% 118
\BOOKMARK [2][-]{subsection.4.26.1}{\376\377\000D\000e\000s\000c\000r\000i\000p\000c\000i\000\363\000n\000\040\000c\000o\000m\000p\000l\000e\000t\000a}{section.4.26}% 119
\BOOKMARK [2][-]{subsection.4.26.2}{\376\377\000A\000t\000r\000i\000b\000u\000t\000o\000s\000\040\000i\000m\000p\000o\000r\000t\000a\000n\000t\000e\000s}{section.4.26}% 120
\BOOKMARK [2][-]{subsection.4.26.3}{\376\377\000T\000r\000a\000y\000e\000c\000t\000o\000r\000i\000a\000s\000\040\000d\000e\000l\000\040\000C\000a\000s\000o\000\040\000d\000e\000\040\000U\000s\000o}{section.4.26}% 121
\BOOKMARK [1][-]{section.4.27}{\376\377\000C\000U\000-\0002\0008\000\040\000C\000o\000n\000s\000u\000l\000t\000a\000r\000\040\000l\000i\000s\000t\000a\000\040\000d\000e\000\040\000E\000T\000S}{chapter.4}% 122
\BOOKMARK [2][-]{subsection.4.27.1}{\376\377\000D\000e\000s\000c\000r\000i\000p\000c\000i\000\363\000n\000\040\000c\000o\000m\000p\000l\000e\000t\000a}{section.4.27}% 123
\BOOKMARK [2][-]{subsection.4.27.2}{\376\377\000A\000t\000r\000i\000b\000u\000t\000o\000s\000\040\000i\000m\000p\000o\000r\000t\000a\000n\000t\000e\000s}{section.4.27}% 124
\BOOKMARK [2][-]{subsection.4.27.3}{\376\377\000T\000r\000a\000y\000e\000c\000t\000o\000r\000i\000a\000s\000\040\000d\000e\000l\000\040\000C\000a\000s\000o\000\040\000d\000e\000\040\000U\000s\000o}{section.4.27}% 125
\BOOKMARK [1][-]{section.4.28}{\376\377\000C\000U\000-\0002\0009\000\040\000D\000a\000r\000\040\000d\000e\000\040\000a\000l\000t\000a\000\040\000E\000T\000S\000\040}{chapter.4}% 126
\BOOKMARK [2][-]{subsection.4.28.1}{\376\377\000D\000e\000s\000c\000r\000i\000p\000c\000i\000\363\000n\000\040\000c\000o\000m\000p\000l\000e\000t\000a}{section.4.28}% 127
\BOOKMARK [2][-]{subsection.4.28.2}{\376\377\000A\000t\000r\000i\000b\000u\000t\000o\000s\000\040\000i\000m\000p\000o\000r\000t\000a\000n\000t\000e\000s}{section.4.28}% 128
\BOOKMARK [2][-]{subsection.4.28.3}{\376\377\000T\000r\000a\000y\000e\000c\000t\000o\000r\000i\000a\000s\000\040\000d\000e\000l\000\040\000C\000a\000s\000o\000\040\000d\000e\000\040\000U\000s\000o}{section.4.28}% 129
\BOOKMARK [1][-]{section.4.29}{\376\377\000C\000U\000-\0003\0002\000\040\000C\000o\000n\000s\000u\000l\000t\000a\000r\000\040\000l\000i\000s\000t\000a\000\040\000d\000e\000\040\000p\000e\000r\000s\000o\000n\000a\000l\000\040\000d\000e\000\040\000s\000e\000g\000u\000r\000i\000d\000a\000d}{chapter.4}% 130
\BOOKMARK [2][-]{subsection.4.29.1}{\376\377\000D\000e\000s\000c\000r\000i\000p\000c\000i\000\363\000n\000\040\000c\000o\000m\000p\000l\000e\000t\000a}{section.4.29}% 131
\BOOKMARK [2][-]{subsection.4.29.2}{\376\377\000A\000t\000r\000i\000b\000u\000t\000o\000s\000\040\000i\000m\000p\000o\000r\000t\000a\000n\000t\000e\000s}{section.4.29}% 132
\BOOKMARK [2][-]{subsection.4.29.3}{\376\377\000T\000r\000a\000y\000e\000c\000t\000o\000r\000i\000a\000s\000\040\000d\000e\000l\000\040\000C\000a\000s\000o\000\040\000d\000e\000\040\000U\000s\000o}{section.4.29}% 133
\BOOKMARK [1][-]{section.4.30}{\376\377\000C\000U\000-\0003\0003\000\040\000D\000a\000r\000\040\000d\000e\000\040\000a\000l\000t\000a\000\040\000p\000e\000r\000s\000o\000n\000a\000l\000\040\000d\000e\000\040\000s\000e\000g\000u\000r\000i\000d\000a\000d}{chapter.4}% 134
\BOOKMARK [2][-]{subsection.4.30.1}{\376\377\000D\000e\000s\000c\000r\000i\000p\000c\000i\000\363\000n\000\040\000c\000o\000m\000p\000l\000e\000t\000a}{section.4.30}% 135
\BOOKMARK [2][-]{subsection.4.30.2}{\376\377\000A\000t\000r\000i\000b\000u\000t\000o\000s\000\040\000i\000m\000p\000o\000r\000t\000a\000n\000t\000e\000s}{section.4.30}% 136
\BOOKMARK [2][-]{subsection.4.30.3}{\376\377\000T\000r\000a\000y\000e\000c\000t\000o\000r\000i\000a\000s\000\040\000d\000e\000l\000\040\000C\000a\000s\000o\000\040\000d\000e\000\040\000U\000s\000o}{section.4.30}% 137
\BOOKMARK [1][-]{section.4.31}{\376\377\000C\000U\000-\0003\0006\000\040\000C\000o\000n\000s\000u\000l\000t\000a\000r\000\040\000l\000i\000s\000t\000a\000\040\000d\000e\000\040\000d\000o\000c\000e\000n\000t\000e\000s\000\040}{chapter.4}% 138
\BOOKMARK [2][-]{subsection.4.31.1}{\376\377\000D\000e\000s\000c\000r\000i\000p\000c\000i\000\363\000n\000\040\000c\000o\000m\000p\000l\000e\000t\000a}{section.4.31}% 139
\BOOKMARK [2][-]{subsection.4.31.2}{\376\377\000A\000t\000r\000i\000b\000u\000t\000o\000s\000\040\000i\000m\000p\000o\000r\000t\000a\000n\000t\000e\000s}{section.4.31}% 140
\BOOKMARK [2][-]{subsection.4.31.3}{\376\377\000T\000r\000a\000y\000e\000c\000t\000o\000r\000i\000a\000s\000\040\000d\000e\000l\000\040\000C\000a\000s\000o\000\040\000d\000e\000\040\000U\000s\000o}{section.4.31}% 141
\BOOKMARK [1][-]{section.4.32}{\376\377\000C\000U\000-\0003\0007\000\040\000\040\000D\000a\000r\000\040\000d\000e\000\040\000a\000l\000t\000a\000\040\000d\000o\000c\000e\000n\000t\000e}{chapter.4}% 142
\BOOKMARK [2][-]{subsection.4.32.1}{\376\377\000D\000e\000s\000c\000r\000i\000p\000c\000i\000\363\000n\000\040\000c\000o\000m\000p\000l\000e\000t\000a}{section.4.32}% 143
\BOOKMARK [2][-]{subsection.4.32.2}{\376\377\000A\000t\000r\000i\000b\000u\000t\000o\000s\000\040\000i\000m\000p\000o\000r\000t\000a\000n\000t\000e\000s}{section.4.32}% 144
\BOOKMARK [2][-]{subsection.4.32.3}{\376\377\000T\000r\000a\000y\000e\000c\000t\000o\000r\000i\000a\000s\000\040\000d\000e\000l\000\040\000C\000a\000s\000o\000\040\000d\000e\000\040\000U\000s\000o}{section.4.32}% 145
\BOOKMARK [1][-]{section.4.33}{\376\377\000C\000U\000-\0004\0000\000\040\000S\000o\000l\000i\000c\000i\000t\000a\000r\000\040\000d\000e\000s\000b\000l\000o\000q\000u\000e\000o\000\040\000d\000e\000\040\000c\000u\000e\000n\000t\000a}{chapter.4}% 146
\BOOKMARK [2][-]{subsection.4.33.1}{\376\377\000D\000e\000s\000c\000r\000i\000p\000c\000i\000\363\000n\000\040\000c\000o\000m\000p\000l\000e\000t\000a}{section.4.33}% 147
\BOOKMARK [2][-]{subsection.4.33.2}{\376\377\000A\000t\000r\000i\000b\000u\000t\000o\000s\000\040\000i\000m\000p\000o\000r\000t\000a\000n\000t\000e\000s}{section.4.33}% 148
\BOOKMARK [2][-]{subsection.4.33.3}{\376\377\000T\000r\000a\000y\000e\000c\000t\000o\000r\000i\000a\000s\000\040\000d\000e\000l\000\040\000C\000a\000s\000o\000\040\000d\000e\000\040\000U\000s\000o}{section.4.33}% 149
\BOOKMARK [1][-]{section.4.34}{\376\377\000C\000U\000-\0004\0001\000\040\000I\000n\000i\000c\000i\000a\000r\000\040\000s\000e\000s\000i\000\363\000n\000\040\000d\000e\000\040\000p\000e\000r\000s\000o\000n\000a\000l\000\040\000e\000s\000c\000o\000l\000a\000r\000\040\000w\000e\000b}{chapter.4}% 150
\BOOKMARK [2][-]{subsection.4.34.1}{\376\377\000D\000e\000s\000c\000r\000i\000p\000c\000i\000\363\000n\000\040\000c\000o\000m\000p\000l\000e\000t\000a}{section.4.34}% 151
\BOOKMARK [2][-]{subsection.4.34.2}{\376\377\000A\000t\000r\000i\000b\000u\000t\000o\000s\000\040\000i\000m\000p\000o\000r\000t\000a\000n\000t\000e\000s}{section.4.34}% 152
\BOOKMARK [2][-]{subsection.4.34.3}{\376\377\000T\000r\000a\000y\000e\000c\000t\000o\000r\000i\000a\000s\000\040\000d\000e\000l\000\040\000C\000a\000s\000o\000\040\000d\000e\000\040\000U\000s\000o}{section.4.34}% 153
\BOOKMARK [0][-]{chapter.5}{\376\377\000M\000o\000d\000e\000l\000o\000\040\000d\000e\000\040\000l\000a\000\040\000i\000n\000t\000e\000r\000a\000c\000c\000i\000\363\000n}{}% 154
\BOOKMARK [1][-]{section.5.1}{\376\377\000M\000o\000d\000e\000l\000o\000\040\000d\000e\000\040\000n\000a\000v\000e\000g\000a\000c\000i\000\363\000n}{chapter.5}% 155
\BOOKMARK [1][-]{section.5.2}{\376\377\000I\000U\0000\0001}{chapter.5}% 156
\BOOKMARK [2][-]{subsection.5.2.1}{\376\377\000O\000b\000j\000e\000t\000i\000v\000o}{section.5.2}% 157
\BOOKMARK [2][-]{subsection.5.2.2}{\376\377\000D\000i\000s\000e\000\361\000o}{section.5.2}% 158
\BOOKMARK [2][-]{subsection.5.2.3}{\376\377\000S\000a\000l\000i\000d\000a\000s}{section.5.2}% 159
\BOOKMARK [2][-]{subsection.5.2.4}{\376\377\000E\000n\000t\000r\000a\000d\000a\000s}{section.5.2}% 160
\BOOKMARK [2][-]{subsection.5.2.5}{\376\377\000C\000o\000m\000a\000n\000d\000o\000s}{section.5.2}% 161
\BOOKMARK [2][-]{subsection.5.2.6}{\376\377\000M\000e\000n\000s\000a\000j\000e\000s}{section.5.2}% 162
\BOOKMARK [1][-]{section.5.3}{\376\377\000I\000U\0000\0002}{chapter.5}% 163
\BOOKMARK [2][-]{subsection.5.3.1}{\376\377\000O\000b\000j\000e\000t\000i\000v\000o}{section.5.3}% 164
\BOOKMARK [2][-]{subsection.5.3.2}{\376\377\000D\000i\000s\000e\000\361\000o}{section.5.3}% 165
\BOOKMARK [2][-]{subsection.5.3.3}{\376\377\000S\000a\000l\000i\000d\000a\000s}{section.5.3}% 166
\BOOKMARK [2][-]{subsection.5.3.4}{\376\377\000E\000n\000t\000r\000a\000d\000a\000s}{section.5.3}% 167
\BOOKMARK [2][-]{subsection.5.3.5}{\376\377\000C\000o\000m\000a\000n\000d\000o\000s}{section.5.3}% 168
\BOOKMARK [2][-]{subsection.5.3.6}{\376\377\000M\000e\000n\000s\000a\000j\000e\000s}{section.5.3}% 169
\BOOKMARK [1][-]{section.5.4}{\376\377\000I\000U\0000\0003}{chapter.5}% 170
\BOOKMARK [2][-]{subsection.5.4.1}{\376\377\000O\000b\000j\000e\000t\000i\000v\000o}{section.5.4}% 171
\BOOKMARK [2][-]{subsection.5.4.2}{\376\377\000D\000i\000s\000e\000\361\000o}{section.5.4}% 172
\BOOKMARK [2][-]{subsection.5.4.3}{\376\377\000S\000a\000l\000i\000d\000a\000s}{section.5.4}% 173
\BOOKMARK [2][-]{subsection.5.4.4}{\376\377\000E\000n\000t\000r\000a\000d\000a\000s}{section.5.4}% 174
\BOOKMARK [2][-]{subsection.5.4.5}{\376\377\000C\000o\000m\000a\000n\000d\000o\000s}{section.5.4}% 175
\BOOKMARK [2][-]{subsection.5.4.6}{\376\377\000M\000e\000n\000s\000a\000j\000e\000s}{section.5.4}% 176
\BOOKMARK [1][-]{section.5.5}{\376\377\000I\000U\0000\0004}{chapter.5}% 177
\BOOKMARK [2][-]{subsection.5.5.1}{\376\377\000O\000b\000j\000e\000t\000i\000v\000o}{section.5.5}% 178
\BOOKMARK [2][-]{subsection.5.5.2}{\376\377\000D\000i\000s\000e\000\361\000o}{section.5.5}% 179
\BOOKMARK [2][-]{subsection.5.5.3}{\376\377\000S\000a\000l\000i\000d\000a\000s}{section.5.5}% 180
\BOOKMARK [2][-]{subsection.5.5.4}{\376\377\000E\000n\000t\000r\000a\000d\000a\000s}{section.5.5}% 181
\BOOKMARK [2][-]{subsection.5.5.5}{\376\377\000C\000o\000m\000a\000n\000d\000o\000s}{section.5.5}% 182
\BOOKMARK [2][-]{subsection.5.5.6}{\376\377\000M\000e\000n\000s\000a\000j\000e\000s}{section.5.5}% 183
\BOOKMARK [1][-]{section.5.6}{\376\377\000I\000U\0000\0005}{chapter.5}% 184
\BOOKMARK [2][-]{subsection.5.6.1}{\376\377\000O\000b\000j\000e\000t\000i\000v\000o}{section.5.6}% 185
\BOOKMARK [2][-]{subsection.5.6.2}{\376\377\000D\000i\000s\000e\000\361\000o}{section.5.6}% 186
\BOOKMARK [2][-]{subsection.5.6.3}{\376\377\000S\000a\000l\000i\000d\000a\000s}{section.5.6}% 187
\BOOKMARK [2][-]{subsection.5.6.4}{\376\377\000E\000n\000t\000r\000a\000d\000a\000s}{section.5.6}% 188
\BOOKMARK [2][-]{subsection.5.6.5}{\376\377\000C\000o\000m\000a\000n\000d\000o\000s}{section.5.6}% 189
\BOOKMARK [2][-]{subsection.5.6.6}{\376\377\000M\000e\000n\000s\000a\000j\000e\000s}{section.5.6}% 190
\BOOKMARK [1][-]{section.5.7}{\376\377\000I\000U\0000\0006}{chapter.5}% 191
\BOOKMARK [2][-]{subsection.5.7.1}{\376\377\000O\000b\000j\000e\000t\000i\000v\000o}{section.5.7}% 192
\BOOKMARK [2][-]{subsection.5.7.2}{\376\377\000D\000i\000s\000e\000\361\000o}{section.5.7}% 193
\BOOKMARK [2][-]{subsection.5.7.3}{\376\377\000S\000a\000l\000i\000d\000a\000s}{section.5.7}% 194
\BOOKMARK [2][-]{subsection.5.7.4}{\376\377\000E\000n\000t\000r\000a\000d\000a\000s}{section.5.7}% 195
\BOOKMARK [2][-]{subsection.5.7.5}{\376\377\000C\000o\000m\000a\000n\000d\000o\000s}{section.5.7}% 196
\BOOKMARK [2][-]{subsection.5.7.6}{\376\377\000M\000e\000n\000s\000a\000j\000e\000s}{section.5.7}% 197
\BOOKMARK [1][-]{section.5.8}{\376\377\000I\000U\0000\0007}{chapter.5}% 198
\BOOKMARK [2][-]{subsection.5.8.1}{\376\377\000O\000b\000j\000e\000t\000i\000v\000o}{section.5.8}% 199
\BOOKMARK [2][-]{subsection.5.8.2}{\376\377\000D\000i\000s\000e\000\361\000o}{section.5.8}% 200
\BOOKMARK [2][-]{subsection.5.8.3}{\376\377\000S\000a\000l\000i\000d\000a\000s}{section.5.8}% 201
\BOOKMARK [2][-]{subsection.5.8.4}{\376\377\000E\000n\000t\000r\000a\000d\000a\000s}{section.5.8}% 202
\BOOKMARK [2][-]{subsection.5.8.5}{\376\377\000C\000o\000m\000a\000n\000d\000o\000s}{section.5.8}% 203
\BOOKMARK [2][-]{subsection.5.8.6}{\376\377\000M\000e\000n\000s\000a\000j\000e\000s}{section.5.8}% 204
\BOOKMARK [1][-]{section.5.9}{\376\377\000I\000U\0000\0008}{chapter.5}% 205
\BOOKMARK [2][-]{subsection.5.9.1}{\376\377\000O\000b\000j\000e\000t\000i\000v\000o}{section.5.9}% 206
\BOOKMARK [2][-]{subsection.5.9.2}{\376\377\000D\000i\000s\000e\000\361\000o}{section.5.9}% 207
\BOOKMARK [2][-]{subsection.5.9.3}{\376\377\000S\000a\000l\000i\000d\000a\000s}{section.5.9}% 208
\BOOKMARK [2][-]{subsection.5.9.4}{\376\377\000E\000n\000t\000r\000a\000d\000a\000s}{section.5.9}% 209
\BOOKMARK [2][-]{subsection.5.9.5}{\376\377\000C\000o\000m\000a\000n\000d\000o\000s}{section.5.9}% 210
\BOOKMARK [2][-]{subsection.5.9.6}{\376\377\000M\000e\000n\000s\000a\000j\000e\000s}{section.5.9}% 211
\BOOKMARK [1][-]{section.5.10}{\376\377\000I\000U\0000\0009}{chapter.5}% 212
\BOOKMARK [2][-]{subsection.5.10.1}{\376\377\000O\000b\000j\000e\000t\000i\000v\000o}{section.5.10}% 213
\BOOKMARK [2][-]{subsection.5.10.2}{\376\377\000D\000i\000s\000e\000\361\000o}{section.5.10}% 214
\BOOKMARK [2][-]{subsection.5.10.3}{\376\377\000S\000a\000l\000i\000d\000a\000s}{section.5.10}% 215
\BOOKMARK [2][-]{subsection.5.10.4}{\376\377\000E\000n\000t\000r\000a\000d\000a\000s}{section.5.10}% 216
\BOOKMARK [2][-]{subsection.5.10.5}{\376\377\000C\000o\000m\000a\000n\000d\000o\000s}{section.5.10}% 217
\BOOKMARK [2][-]{subsection.5.10.6}{\376\377\000M\000e\000n\000s\000a\000j\000e\000s}{section.5.10}% 218
\BOOKMARK [1][-]{section.5.11}{\376\377\000I\000U\0001\0000}{chapter.5}% 219
\BOOKMARK [2][-]{subsection.5.11.1}{\376\377\000O\000b\000j\000e\000t\000i\000v\000o}{section.5.11}% 220
\BOOKMARK [2][-]{subsection.5.11.2}{\376\377\000D\000i\000s\000e\000\361\000o}{section.5.11}% 221
\BOOKMARK [2][-]{subsection.5.11.3}{\376\377\000S\000a\000l\000i\000d\000a\000s}{section.5.11}% 222
\BOOKMARK [2][-]{subsection.5.11.4}{\376\377\000E\000n\000t\000r\000a\000d\000a\000s}{section.5.11}% 223
\BOOKMARK [2][-]{subsection.5.11.5}{\376\377\000C\000o\000m\000a\000n\000d\000o\000s}{section.5.11}% 224
\BOOKMARK [2][-]{subsection.5.11.6}{\376\377\000M\000e\000n\000s\000a\000j\000e\000s}{section.5.11}% 225
\BOOKMARK [1][-]{section.5.12}{\376\377\000I\000U\0001\0001}{chapter.5}% 226
\BOOKMARK [2][-]{subsection.5.12.1}{\376\377\000O\000b\000j\000e\000t\000i\000v\000o}{section.5.12}% 227
\BOOKMARK [2][-]{subsection.5.12.2}{\376\377\000D\000i\000s\000e\000\361\000o}{section.5.12}% 228
\BOOKMARK [2][-]{subsection.5.12.3}{\376\377\000S\000a\000l\000i\000d\000a\000s}{section.5.12}% 229
\BOOKMARK [2][-]{subsection.5.12.4}{\376\377\000E\000n\000t\000r\000a\000d\000a\000s}{section.5.12}% 230
\BOOKMARK [2][-]{subsection.5.12.5}{\376\377\000C\000o\000m\000a\000n\000d\000o\000s}{section.5.12}% 231
\BOOKMARK [2][-]{subsection.5.12.6}{\376\377\000M\000e\000n\000s\000a\000j\000e\000s}{section.5.12}% 232
\BOOKMARK [1][-]{section.5.13}{\376\377\000I\000U\0001\0002}{chapter.5}% 233
\BOOKMARK [2][-]{subsection.5.13.1}{\376\377\000O\000b\000j\000e\000t\000i\000v\000o}{section.5.13}% 234
\BOOKMARK [2][-]{subsection.5.13.2}{\376\377\000D\000i\000s\000e\000\361\000o}{section.5.13}% 235
\BOOKMARK [2][-]{subsection.5.13.3}{\376\377\000S\000a\000l\000i\000d\000a\000s}{section.5.13}% 236
\BOOKMARK [2][-]{subsection.5.13.4}{\376\377\000E\000n\000t\000r\000a\000d\000a\000s}{section.5.13}% 237
\BOOKMARK [2][-]{subsection.5.13.5}{\376\377\000C\000o\000m\000a\000n\000d\000o\000s}{section.5.13}% 238
\BOOKMARK [2][-]{subsection.5.13.6}{\376\377\000M\000e\000n\000s\000a\000j\000e\000s}{section.5.13}% 239
\BOOKMARK [1][-]{section.5.14}{\376\377\000I\000U\0001\0003}{chapter.5}% 240
\BOOKMARK [2][-]{subsection.5.14.1}{\376\377\000O\000b\000j\000e\000t\000i\000v\000o}{section.5.14}% 241
\BOOKMARK [2][-]{subsection.5.14.2}{\376\377\000D\000i\000s\000e\000\361\000o}{section.5.14}% 242
\BOOKMARK [2][-]{subsection.5.14.3}{\376\377\000S\000a\000l\000i\000d\000a\000s}{section.5.14}% 243
\BOOKMARK [2][-]{subsection.5.14.4}{\376\377\000E\000n\000t\000r\000a\000d\000a\000s}{section.5.14}% 244
\BOOKMARK [2][-]{subsection.5.14.5}{\376\377\000C\000o\000m\000a\000n\000d\000o\000s}{section.5.14}% 245
\BOOKMARK [2][-]{subsection.5.14.6}{\376\377\000M\000e\000n\000s\000a\000j\000e\000s}{section.5.14}% 246
\BOOKMARK [1][-]{section.5.15}{\376\377\000I\000U\0001\0004}{chapter.5}% 247
\BOOKMARK [2][-]{subsection.5.15.1}{\376\377\000O\000b\000j\000e\000t\000i\000v\000o}{section.5.15}% 248
\BOOKMARK [2][-]{subsection.5.15.2}{\376\377\000D\000i\000s\000e\000\361\000o}{section.5.15}% 249
\BOOKMARK [2][-]{subsection.5.15.3}{\376\377\000S\000a\000l\000i\000d\000a\000s}{section.5.15}% 250
\BOOKMARK [2][-]{subsection.5.15.4}{\376\377\000E\000n\000t\000r\000a\000d\000a\000s}{section.5.15}% 251
\BOOKMARK [2][-]{subsection.5.15.5}{\376\377\000C\000o\000m\000a\000n\000d\000o\000s}{section.5.15}% 252
\BOOKMARK [2][-]{subsection.5.15.6}{\376\377\000M\000e\000n\000s\000a\000j\000e\000s}{section.5.15}% 253
\BOOKMARK [1][-]{section.5.16}{\376\377\000I\000U\0001\0005}{chapter.5}% 254
\BOOKMARK [2][-]{subsection.5.16.1}{\376\377\000O\000b\000j\000e\000t\000i\000v\000o}{section.5.16}% 255
\BOOKMARK [2][-]{subsection.5.16.2}{\376\377\000D\000i\000s\000e\000\361\000o}{section.5.16}% 256
\BOOKMARK [2][-]{subsection.5.16.3}{\376\377\000S\000a\000l\000i\000d\000a\000s}{section.5.16}% 257
\BOOKMARK [2][-]{subsection.5.16.4}{\376\377\000E\000n\000t\000r\000a\000d\000a\000s}{section.5.16}% 258
\BOOKMARK [2][-]{subsection.5.16.5}{\376\377\000C\000o\000m\000a\000n\000d\000o\000s}{section.5.16}% 259
\BOOKMARK [2][-]{subsection.5.16.6}{\376\377\000M\000e\000n\000s\000a\000j\000e\000s}{section.5.16}% 260
\BOOKMARK [1][-]{section.5.17}{\376\377\000I\000U\0001\0006}{chapter.5}% 261
\BOOKMARK [2][-]{subsection.5.17.1}{\376\377\000O\000b\000j\000e\000t\000i\000v\000o}{section.5.17}% 262
\BOOKMARK [2][-]{subsection.5.17.2}{\376\377\000D\000i\000s\000e\000\361\000o}{section.5.17}% 263
\BOOKMARK [2][-]{subsection.5.17.3}{\376\377\000S\000a\000l\000i\000d\000a\000s}{section.5.17}% 264
\BOOKMARK [2][-]{subsection.5.17.4}{\376\377\000E\000n\000t\000r\000a\000d\000a\000s}{section.5.17}% 265
\BOOKMARK [2][-]{subsection.5.17.5}{\376\377\000C\000o\000m\000a\000n\000d\000o\000s}{section.5.17}% 266
\BOOKMARK [2][-]{subsection.5.17.6}{\376\377\000M\000e\000n\000s\000a\000j\000e\000s}{section.5.17}% 267
\BOOKMARK [1][-]{section.5.18}{\376\377\000I\000U\0001\0007}{chapter.5}% 268
\BOOKMARK [2][-]{subsection.5.18.1}{\376\377\000O\000b\000j\000e\000t\000i\000v\000o}{section.5.18}% 269
\BOOKMARK [2][-]{subsection.5.18.2}{\376\377\000D\000i\000s\000e\000\361\000o}{section.5.18}% 270
\BOOKMARK [2][-]{subsection.5.18.3}{\376\377\000S\000a\000l\000i\000d\000a\000s}{section.5.18}% 271
\BOOKMARK [2][-]{subsection.5.18.4}{\376\377\000E\000n\000t\000r\000a\000d\000a\000s}{section.5.18}% 272
\BOOKMARK [2][-]{subsection.5.18.5}{\376\377\000C\000o\000m\000a\000n\000d\000o\000s}{section.5.18}% 273
\BOOKMARK [2][-]{subsection.5.18.6}{\376\377\000M\000e\000n\000s\000a\000j\000e\000s}{section.5.18}% 274
\BOOKMARK [1][-]{section.5.19}{\376\377\000I\000U\0001\0008}{chapter.5}% 275
\BOOKMARK [2][-]{subsection.5.19.1}{\376\377\000O\000b\000j\000e\000t\000i\000v\000o}{section.5.19}% 276
\BOOKMARK [2][-]{subsection.5.19.2}{\376\377\000D\000i\000s\000e\000\361\000o}{section.5.19}% 277
\BOOKMARK [2][-]{subsection.5.19.3}{\376\377\000S\000a\000l\000i\000d\000a\000s}{section.5.19}% 278
\BOOKMARK [2][-]{subsection.5.19.4}{\376\377\000E\000n\000t\000r\000a\000d\000a\000s}{section.5.19}% 279
\BOOKMARK [2][-]{subsection.5.19.5}{\376\377\000C\000o\000m\000a\000n\000d\000o\000s}{section.5.19}% 280
\BOOKMARK [2][-]{subsection.5.19.6}{\376\377\000M\000e\000n\000s\000a\000j\000e\000s}{section.5.19}% 281
\BOOKMARK [1][-]{section.5.20}{\376\377\000I\000U\0001\0009}{chapter.5}% 282
\BOOKMARK [2][-]{subsection.5.20.1}{\376\377\000O\000b\000j\000e\000t\000i\000v\000o}{section.5.20}% 283
\BOOKMARK [2][-]{subsection.5.20.2}{\376\377\000D\000i\000s\000e\000\361\000o}{section.5.20}% 284
\BOOKMARK [2][-]{subsection.5.20.3}{\376\377\000S\000a\000l\000i\000d\000a\000s}{section.5.20}% 285
\BOOKMARK [2][-]{subsection.5.20.4}{\376\377\000E\000n\000t\000r\000a\000d\000a\000s}{section.5.20}% 286
\BOOKMARK [2][-]{subsection.5.20.5}{\376\377\000C\000o\000m\000a\000n\000d\000o\000s}{section.5.20}% 287
\BOOKMARK [2][-]{subsection.5.20.6}{\376\377\000M\000e\000n\000s\000a\000j\000e\000s}{section.5.20}% 288
\BOOKMARK [1][-]{section.5.21}{\376\377\000I\000U\0002\0000}{chapter.5}% 289
\BOOKMARK [2][-]{subsection.5.21.1}{\376\377\000O\000b\000j\000e\000t\000i\000v\000o}{section.5.21}% 290
\BOOKMARK [2][-]{subsection.5.21.2}{\376\377\000D\000i\000s\000e\000\361\000o}{section.5.21}% 291
\BOOKMARK [2][-]{subsection.5.21.3}{\376\377\000S\000a\000l\000i\000d\000a\000s}{section.5.21}% 292
\BOOKMARK [2][-]{subsection.5.21.4}{\376\377\000E\000n\000t\000r\000a\000d\000a\000s}{section.5.21}% 293
\BOOKMARK [2][-]{subsection.5.21.5}{\376\377\000C\000o\000m\000a\000n\000d\000o\000s}{section.5.21}% 294
\BOOKMARK [2][-]{subsection.5.21.6}{\376\377\000M\000e\000n\000s\000a\000j\000e\000s}{section.5.21}% 295
\BOOKMARK [1][-]{section.5.22}{\376\377\000I\000U\0002\0001}{chapter.5}% 296
\BOOKMARK [2][-]{subsection.5.22.1}{\376\377\000O\000b\000j\000e\000t\000i\000v\000o}{section.5.22}% 297
\BOOKMARK [2][-]{subsection.5.22.2}{\376\377\000D\000i\000s\000e\000\361\000o}{section.5.22}% 298
\BOOKMARK [2][-]{subsection.5.22.3}{\376\377\000S\000a\000l\000i\000d\000a\000s}{section.5.22}% 299
\BOOKMARK [2][-]{subsection.5.22.4}{\376\377\000E\000n\000t\000r\000a\000d\000a\000s}{section.5.22}% 300
\BOOKMARK [2][-]{subsection.5.22.5}{\376\377\000C\000o\000m\000a\000n\000d\000o\000s}{section.5.22}% 301
\BOOKMARK [2][-]{subsection.5.22.6}{\376\377\000M\000e\000n\000s\000a\000j\000e\000s}{section.5.22}% 302
\BOOKMARK [1][-]{section.5.23}{\376\377\000I\000U\0002\0002}{chapter.5}% 303
\BOOKMARK [2][-]{subsection.5.23.1}{\376\377\000O\000b\000j\000e\000t\000i\000v\000o}{section.5.23}% 304
\BOOKMARK [2][-]{subsection.5.23.2}{\376\377\000D\000i\000s\000e\000\361\000o}{section.5.23}% 305
\BOOKMARK [2][-]{subsection.5.23.3}{\376\377\000S\000a\000l\000i\000d\000a\000s}{section.5.23}% 306
\BOOKMARK [2][-]{subsection.5.23.4}{\376\377\000E\000n\000t\000r\000a\000d\000a\000s}{section.5.23}% 307
\BOOKMARK [2][-]{subsection.5.23.5}{\376\377\000C\000o\000m\000a\000n\000d\000o\000s}{section.5.23}% 308
\BOOKMARK [2][-]{subsection.5.23.6}{\376\377\000M\000e\000n\000s\000a\000j\000e\000s}{section.5.23}% 309
\BOOKMARK [1][-]{section.5.24}{\376\377\000I\000U\0002\0003}{chapter.5}% 310
\BOOKMARK [2][-]{subsection.5.24.1}{\376\377\000O\000b\000j\000e\000t\000i\000v\000o}{section.5.24}% 311
\BOOKMARK [2][-]{subsection.5.24.2}{\376\377\000D\000i\000s\000e\000\361\000o}{section.5.24}% 312
\BOOKMARK [2][-]{subsection.5.24.3}{\376\377\000S\000a\000l\000i\000d\000a\000s}{section.5.24}% 313
\BOOKMARK [2][-]{subsection.5.24.4}{\376\377\000E\000n\000t\000r\000a\000d\000a\000s}{section.5.24}% 314
\BOOKMARK [2][-]{subsection.5.24.5}{\376\377\000C\000o\000m\000a\000n\000d\000o\000s}{section.5.24}% 315
\BOOKMARK [2][-]{subsection.5.24.6}{\376\377\000M\000e\000n\000s\000a\000j\000e\000s}{section.5.24}% 316
\BOOKMARK [1][-]{section.5.25}{\376\377\000I\000U\0002\0004}{chapter.5}% 317
\BOOKMARK [2][-]{subsection.5.25.1}{\376\377\000O\000b\000j\000e\000t\000i\000v\000o}{section.5.25}% 318
\BOOKMARK [2][-]{subsection.5.25.2}{\376\377\000D\000i\000s\000e\000\361\000o}{section.5.25}% 319
\BOOKMARK [2][-]{subsection.5.25.3}{\376\377\000S\000a\000l\000i\000d\000a\000s}{section.5.25}% 320
\BOOKMARK [2][-]{subsection.5.25.4}{\376\377\000E\000n\000t\000r\000a\000d\000a\000s}{section.5.25}% 321
\BOOKMARK [2][-]{subsection.5.25.5}{\376\377\000C\000o\000m\000a\000n\000d\000o\000s}{section.5.25}% 322
\BOOKMARK [2][-]{subsection.5.25.6}{\376\377\000M\000e\000n\000s\000a\000j\000e\000s}{section.5.25}% 323
\BOOKMARK [1][-]{section.5.26}{\376\377\000I\000U\0002\0005}{chapter.5}% 324
\BOOKMARK [2][-]{subsection.5.26.1}{\376\377\000O\000b\000j\000e\000t\000i\000v\000o}{section.5.26}% 325
\BOOKMARK [2][-]{subsection.5.26.2}{\376\377\000D\000i\000s\000e\000\361\000o}{section.5.26}% 326
\BOOKMARK [2][-]{subsection.5.26.3}{\376\377\000S\000a\000l\000i\000d\000a\000s}{section.5.26}% 327
\BOOKMARK [2][-]{subsection.5.26.4}{\376\377\000E\000n\000t\000r\000a\000d\000a\000s}{section.5.26}% 328
\BOOKMARK [2][-]{subsection.5.26.5}{\376\377\000C\000o\000m\000a\000n\000d\000o\000s}{section.5.26}% 329
\BOOKMARK [2][-]{subsection.5.26.6}{\376\377\000M\000e\000n\000s\000a\000j\000e\000s}{section.5.26}% 330
\BOOKMARK [1][-]{section.5.27}{\376\377\000I\000U\0002\0006}{chapter.5}% 331
\BOOKMARK [2][-]{subsection.5.27.1}{\376\377\000O\000b\000j\000e\000t\000i\000v\000o}{section.5.27}% 332
\BOOKMARK [2][-]{subsection.5.27.2}{\376\377\000D\000i\000s\000e\000\361\000o}{section.5.27}% 333
\BOOKMARK [2][-]{subsection.5.27.3}{\376\377\000S\000a\000l\000i\000d\000a\000s}{section.5.27}% 334
\BOOKMARK [2][-]{subsection.5.27.4}{\376\377\000E\000n\000t\000r\000a\000d\000a\000s}{section.5.27}% 335
\BOOKMARK [2][-]{subsection.5.27.5}{\376\377\000C\000o\000m\000a\000n\000d\000o\000s}{section.5.27}% 336
\BOOKMARK [2][-]{subsection.5.27.6}{\376\377\000M\000e\000n\000s\000a\000j\000e\000s}{section.5.27}% 337
\BOOKMARK [1][-]{section.5.28}{\376\377\000I\000U\0002\0007}{chapter.5}% 338
\BOOKMARK [2][-]{subsection.5.28.1}{\376\377\000O\000b\000j\000e\000t\000i\000v\000o}{section.5.28}% 339
\BOOKMARK [2][-]{subsection.5.28.2}{\376\377\000D\000i\000s\000e\000\361\000o}{section.5.28}% 340
\BOOKMARK [2][-]{subsection.5.28.3}{\376\377\000S\000a\000l\000i\000d\000a\000s}{section.5.28}% 341
\BOOKMARK [2][-]{subsection.5.28.4}{\376\377\000E\000n\000t\000r\000a\000d\000a\000s}{section.5.28}% 342
\BOOKMARK [2][-]{subsection.5.28.5}{\376\377\000C\000o\000m\000a\000n\000d\000o\000s}{section.5.28}% 343
\BOOKMARK [2][-]{subsection.5.28.6}{\376\377\000M\000e\000n\000s\000a\000j\000e\000s}{section.5.28}% 344
\BOOKMARK [1][-]{section.5.29}{\376\377\000I\000U\0002\0008}{chapter.5}% 345
\BOOKMARK [2][-]{subsection.5.29.1}{\376\377\000O\000b\000j\000e\000t\000i\000v\000o}{section.5.29}% 346
\BOOKMARK [2][-]{subsection.5.29.2}{\376\377\000D\000i\000s\000e\000\361\000o}{section.5.29}% 347
\BOOKMARK [2][-]{subsection.5.29.3}{\376\377\000S\000a\000l\000i\000d\000a\000s}{section.5.29}% 348
\BOOKMARK [2][-]{subsection.5.29.4}{\376\377\000E\000n\000t\000r\000a\000d\000a\000s}{section.5.29}% 349
\BOOKMARK [2][-]{subsection.5.29.5}{\376\377\000C\000o\000m\000a\000n\000d\000o\000s}{section.5.29}% 350
\BOOKMARK [2][-]{subsection.5.29.6}{\376\377\000M\000e\000n\000s\000a\000j\000e\000s}{section.5.29}% 351
\BOOKMARK [1][-]{section.5.30}{\376\377\000I\000U\0002\0009}{chapter.5}% 352
\BOOKMARK [2][-]{subsection.5.30.1}{\376\377\000O\000b\000j\000e\000t\000i\000v\000o}{section.5.30}% 353
\BOOKMARK [2][-]{subsection.5.30.2}{\376\377\000D\000i\000s\000e\000\361\000o}{section.5.30}% 354
\BOOKMARK [2][-]{subsection.5.30.3}{\376\377\000S\000a\000l\000i\000d\000a\000s}{section.5.30}% 355
\BOOKMARK [2][-]{subsection.5.30.4}{\376\377\000E\000n\000t\000r\000a\000d\000a\000s}{section.5.30}% 356
\BOOKMARK [2][-]{subsection.5.30.5}{\376\377\000C\000o\000m\000a\000n\000d\000o\000s}{section.5.30}% 357
\BOOKMARK [2][-]{subsection.5.30.6}{\376\377\000M\000e\000n\000s\000a\000j\000e\000s}{section.5.30}% 358
\BOOKMARK [1][-]{section.5.31}{\376\377\000I\000U\0003\0000}{chapter.5}% 359
\BOOKMARK [2][-]{subsection.5.31.1}{\376\377\000O\000b\000j\000e\000t\000i\000v\000o}{section.5.31}% 360
\BOOKMARK [2][-]{subsection.5.31.2}{\376\377\000D\000i\000s\000e\000\361\000o}{section.5.31}% 361
\BOOKMARK [2][-]{subsection.5.31.3}{\376\377\000S\000a\000l\000i\000d\000a\000s}{section.5.31}% 362
\BOOKMARK [2][-]{subsection.5.31.4}{\376\377\000E\000n\000t\000r\000a\000d\000a\000s}{section.5.31}% 363
\BOOKMARK [2][-]{subsection.5.31.5}{\376\377\000C\000o\000m\000a\000n\000d\000o\000s}{section.5.31}% 364
\BOOKMARK [2][-]{subsection.5.31.6}{\376\377\000M\000e\000n\000s\000a\000j\000e\000s}{section.5.31}% 365
\BOOKMARK [1][-]{section.5.32}{\376\377\000I\000U\0003\0001}{chapter.5}% 366
\BOOKMARK [2][-]{subsection.5.32.1}{\376\377\000O\000b\000j\000e\000t\000i\000v\000o}{section.5.32}% 367
\BOOKMARK [2][-]{subsection.5.32.2}{\376\377\000D\000i\000s\000e\000\361\000o}{section.5.32}% 368
\BOOKMARK [2][-]{subsection.5.32.3}{\376\377\000S\000a\000l\000i\000d\000a\000s}{section.5.32}% 369
\BOOKMARK [2][-]{subsection.5.32.4}{\376\377\000E\000n\000t\000r\000a\000d\000a\000s}{section.5.32}% 370
\BOOKMARK [2][-]{subsection.5.32.5}{\376\377\000C\000o\000m\000a\000n\000d\000o\000s}{section.5.32}% 371
\BOOKMARK [2][-]{subsection.5.32.6}{\376\377\000M\000e\000n\000s\000a\000j\000e\000s}{section.5.32}% 372
\BOOKMARK [1][-]{section.5.33}{\376\377\000I\000U\0003\0002}{chapter.5}% 373
\BOOKMARK [2][-]{subsection.5.33.1}{\376\377\000O\000b\000j\000e\000t\000i\000v\000o}{section.5.33}% 374
\BOOKMARK [2][-]{subsection.5.33.2}{\376\377\000D\000i\000s\000e\000\361\000o}{section.5.33}% 375
\BOOKMARK [2][-]{subsection.5.33.3}{\376\377\000S\000a\000l\000i\000d\000a\000s}{section.5.33}% 376
\BOOKMARK [2][-]{subsection.5.33.4}{\376\377\000E\000n\000t\000r\000a\000d\000a\000s}{section.5.33}% 377
\BOOKMARK [2][-]{subsection.5.33.5}{\376\377\000C\000o\000m\000a\000n\000d\000o\000s}{section.5.33}% 378
\BOOKMARK [2][-]{subsection.5.33.6}{\376\377\000M\000e\000n\000s\000a\000j\000e\000s}{section.5.33}% 379
\BOOKMARK [1][-]{section.5.34}{\376\377\000I\000U\0003\0003}{chapter.5}% 380
\BOOKMARK [2][-]{subsection.5.34.1}{\376\377\000O\000b\000j\000e\000t\000i\000v\000o}{section.5.34}% 381
\BOOKMARK [2][-]{subsection.5.34.2}{\376\377\000D\000i\000s\000e\000\361\000o}{section.5.34}% 382
\BOOKMARK [2][-]{subsection.5.34.3}{\376\377\000S\000a\000l\000i\000d\000a\000s}{section.5.34}% 383
\BOOKMARK [2][-]{subsection.5.34.4}{\376\377\000E\000n\000t\000r\000a\000d\000a\000s}{section.5.34}% 384
\BOOKMARK [2][-]{subsection.5.34.5}{\376\377\000C\000o\000m\000a\000n\000d\000o\000s}{section.5.34}% 385
\BOOKMARK [2][-]{subsection.5.34.6}{\376\377\000M\000e\000n\000s\000a\000j\000e\000s}{section.5.34}% 386
\BOOKMARK [1][-]{section.5.35}{\376\377\000I\000U\000E\0000\0001\000\040\000S\000a\000l\000u\000d\000o\000\040\000d\000e\000\040\000d\000o\000c\000e\000n\000t\000e}{chapter.5}% 387
\BOOKMARK [2][-]{subsection.5.35.1}{\376\377\000O\000b\000j\000e\000t\000i\000v\000o}{section.5.35}% 388
\BOOKMARK [2][-]{subsection.5.35.2}{\376\377\000D\000i\000s\000e\000\361\000o}{section.5.35}% 389
\BOOKMARK [2][-]{subsection.5.35.3}{\376\377\000S\000a\000l\000i\000d\000a\000s}{section.5.35}% 390
\BOOKMARK [2][-]{subsection.5.35.4}{\376\377\000E\000n\000t\000r\000a\000d\000a\000s}{section.5.35}% 391
\BOOKMARK [2][-]{subsection.5.35.5}{\376\377\000C\000o\000m\000a\000n\000d\000o\000s}{section.5.35}% 392
\BOOKMARK [2][-]{subsection.5.35.6}{\376\377\000M\000e\000n\000s\000a\000j\000e\000s}{section.5.35}% 393
\BOOKMARK [1][-]{section.5.36}{\376\377\000I\000U\000E\0000\0002\000\040\000s\000a\000l\000u\000d\000o\000\040\000d\000e\000\040\000p\000e\000r\000s\000o\000n\000a\000l\000\040\000d\000e\000\040\000s\000e\000g\000u\000r\000i\000d\000a\000d}{chapter.5}% 394
\BOOKMARK [2][-]{subsection.5.36.1}{\376\377\000O\000b\000j\000e\000t\000i\000v\000o}{section.5.36}% 395
\BOOKMARK [2][-]{subsection.5.36.2}{\376\377\000D\000i\000s\000e\000\361\000o}{section.5.36}% 396
\BOOKMARK [2][-]{subsection.5.36.3}{\376\377\000S\000a\000l\000i\000d\000a\000s}{section.5.36}% 397
\BOOKMARK [2][-]{subsection.5.36.4}{\376\377\000E\000n\000t\000r\000a\000d\000a\000s}{section.5.36}% 398
\BOOKMARK [2][-]{subsection.5.36.5}{\376\377\000C\000o\000m\000a\000n\000d\000o\000s}{section.5.36}% 399
\BOOKMARK [2][-]{subsection.5.36.6}{\376\377\000M\000e\000n\000s\000a\000j\000e\000s}{section.5.36}% 400
\BOOKMARK [1][-]{section.5.37}{\376\377\000I\000U\000E\0000\0003\000\040\000s\000a\000l\000u\000d\000o\000\040\000d\000e\000\040\000a\000l\000u\000m\000n\000o}{chapter.5}% 401
\BOOKMARK [2][-]{subsection.5.37.1}{\376\377\000O\000b\000j\000e\000t\000i\000v\000o}{section.5.37}% 402
\BOOKMARK [2][-]{subsection.5.37.2}{\376\377\000D\000i\000s\000e\000\361\000o}{section.5.37}% 403
\BOOKMARK [2][-]{subsection.5.37.3}{\376\377\000S\000a\000l\000i\000d\000a\000s}{section.5.37}% 404
\BOOKMARK [2][-]{subsection.5.37.4}{\376\377\000E\000n\000t\000r\000a\000d\000a\000s}{section.5.37}% 405
\BOOKMARK [2][-]{subsection.5.37.5}{\376\377\000C\000o\000m\000a\000n\000d\000o\000s}{section.5.37}% 406
\BOOKMARK [2][-]{subsection.5.37.6}{\376\377\000M\000e\000n\000s\000a\000j\000e\000s}{section.5.37}% 407
\BOOKMARK [1][-]{section.5.38}{\376\377\000I\000U\000E\0000\0004\000\040\000s\000a\000l\000u\000d\000o\000\040\000d\000e\000\040\000p\000e\000r\000s\000o\000n\000a\000l\000\040\000d\000e\000\040\000l\000a\000\040\000D\000A\000E}{chapter.5}% 408
\BOOKMARK [2][-]{subsection.5.38.1}{\376\377\000O\000b\000j\000e\000t\000i\000v\000o}{section.5.38}% 409
\BOOKMARK [2][-]{subsection.5.38.2}{\376\377\000D\000i\000s\000e\000\361\000o}{section.5.38}% 410
\BOOKMARK [2][-]{subsection.5.38.3}{\376\377\000S\000a\000l\000i\000d\000a\000s}{section.5.38}% 411
\BOOKMARK [2][-]{subsection.5.38.4}{\376\377\000E\000n\000t\000r\000a\000d\000a\000s}{section.5.38}% 412
\BOOKMARK [2][-]{subsection.5.38.5}{\376\377\000C\000o\000m\000a\000n\000d\000o\000s}{section.5.38}% 413
\BOOKMARK [2][-]{subsection.5.38.6}{\376\377\000M\000e\000n\000s\000a\000j\000e\000s}{section.5.38}% 414
\BOOKMARK [1][-]{section.5.39}{\376\377\000I\000U\000E\0000\0005\000\040\000s\000a\000l\000u\000d\000o\000\040\000d\000e\000\040\000p\000e\000r\000s\000o\000n\000a\000l\000\040\000d\000e\000\040\000g\000e\000s\000t\000i\000\363\000n\000\040\000e\000s\000c\000o\000l\000a\000r}{chapter.5}% 415
\BOOKMARK [2][-]{subsection.5.39.1}{\376\377\000O\000b\000j\000e\000t\000i\000v\000o}{section.5.39}% 416
\BOOKMARK [2][-]{subsection.5.39.2}{\376\377\000D\000i\000s\000e\000\361\000o}{section.5.39}% 417
\BOOKMARK [2][-]{subsection.5.39.3}{\376\377\000S\000a\000l\000i\000d\000a\000s}{section.5.39}% 418
\BOOKMARK [2][-]{subsection.5.39.4}{\376\377\000E\000n\000t\000r\000a\000d\000a\000s}{section.5.39}% 419
\BOOKMARK [2][-]{subsection.5.39.5}{\376\377\000C\000o\000m\000a\000n\000d\000o\000s}{section.5.39}% 420
\BOOKMARK [2][-]{subsection.5.39.6}{\376\377\000M\000e\000n\000s\000a\000j\000e\000s}{section.5.39}% 421
\BOOKMARK [1][-]{section.5.40}{\376\377\000I\000U\000E\0000\0006\000\040\000s\000a\000l\000u\000d\000o\000\040\000d\000e\000l\000\040\000p\000r\000e\000s\000i\000d\000e\000n\000t\000e\000\040\000d\000e\000\040\000a\000c\000a\000d\000e\000m\000i\000a\000\040\000y\000\040\000e\000l\000\040\000j\000e\000f\000e\000\040\000d\000e\000\040\000d\000e\000p\000a\000r\000t\000a\000m\000e\000n\000t\000o}{chapter.5}% 422
\BOOKMARK [2][-]{subsection.5.40.1}{\376\377\000O\000b\000j\000e\000t\000i\000v\000o}{section.5.40}% 423
\BOOKMARK [2][-]{subsection.5.40.2}{\376\377\000D\000i\000s\000e\000\361\000o}{section.5.40}% 424
\BOOKMARK [2][-]{subsection.5.40.3}{\376\377\000S\000a\000l\000i\000d\000a\000s}{section.5.40}% 425
\BOOKMARK [2][-]{subsection.5.40.4}{\376\377\000E\000n\000t\000r\000a\000d\000a\000s}{section.5.40}% 426
\BOOKMARK [2][-]{subsection.5.40.5}{\376\377\000C\000o\000m\000a\000n\000d\000o\000s}{section.5.40}% 427
\BOOKMARK [2][-]{subsection.5.40.6}{\376\377\000M\000e\000n\000s\000a\000j\000e\000s}{section.5.40}% 428
