\BOOKMARK [0][-]{chapter.1}{\376\377\000I\000n\000t\000r\000o\000d\000u\000c\000c\000i\000\363\000n}{}% 1
\BOOKMARK [1][-]{section.1.1}{\376\377\000P\000r\000e\000s\000e\000n\000t\000a\000c\000i\000\363\000n}{chapter.1}% 2
\BOOKMARK [1][-]{section.1.2}{\376\377\000O\000r\000g\000a\000n\000i\000z\000a\000c\000i\000\363\000n\000\040\000d\000e\000l\000\040\000c\000o\000n\000t\000e\000n\000i\000d\000o}{chapter.1}% 3
\BOOKMARK [1][-]{section.1.3}{\376\377\000N\000o\000t\000a\000c\000i\000\363\000n\000,\000\040\000s\000\355\000m\000b\000o\000l\000o\000s\000\040\000y\000\040\000c\000o\000n\000v\000e\000n\000c\000i\000o\000n\000e\000s\000\040\000u\000t\000i\000l\000i\000z\000a\000d\000a\000s}{chapter.1}% 4
\BOOKMARK [0][-]{chapter.2}{\376\377\000M\000o\000d\000e\000l\000o\000\040\000d\000e\000l\000\040\000A\000l\000c\000a\000n\000c\000e}{}% 5
\BOOKMARK [1][-]{section.2.1}{\376\377\000R\000e\000q\000u\000e\000r\000i\000m\000i\000e\000n\000t\000o\000s\000\040\000d\000e\000\040\000u\000s\000u\000a\000r\000i\000o}{chapter.2}% 6
\BOOKMARK [1][-]{section.2.2}{\376\377\000E\000s\000p\000e\000c\000i\000f\000i\000c\000a\000c\000i\000\363\000n\000\040\000d\000e\000\040\000p\000l\000a\000t\000a\000f\000o\000r\000m\000a}{chapter.2}% 7
\BOOKMARK [0][-]{chapter.3}{\376\377\000M\000o\000d\000e\000l\000o\000\040\000d\000e\000l\000\040\000N\000e\000g\000o\000c\000i\000o}{}% 8
\BOOKMARK [1][-]{section.3.1}{\376\377\000C\000o\000n\000t\000e\000x\000t\000o}{chapter.3}% 9
\BOOKMARK [1][-]{section.3.2}{\376\377\000T\000\351\000r\000m\000i\000n\000o\000s\000\040\000d\000e\000l\000\040\000N\000e\000g\000o\000c\000i\000o}{chapter.3}% 10
\BOOKMARK [1][-]{section.3.3}{\376\377\000M\000o\000d\000e\000l\000o\000\040\000d\000e\000l\000\040\000d\000o\000m\000i\000n\000i\000o\000\040\000d\000e\000l\000\040\000p\000r\000o\000b\000l\000e\000m\000a}{chapter.3}% 11
\BOOKMARK [2][-]{subsection.3.3.1}{\376\377\000M\000o\000d\000e\000l\000o\000\040\000d\000e\000l\000\040\000d\000o\000m\000i\000n\000i\000o\000\040\000d\000e\000l\000\040\000p\000r\000o\000b\000l\000e\000m\000a}{section.3.3}% 12
\BOOKMARK [2][-]{subsection.3.3.2}{\376\377\000E\000n\000t\000i\000d\000a\000d\000:\000\040\000U\000n\000i\000d\000a\000d\000\040\000a\000c\000a\000d\000e\000m\000i\000c\000a}{section.3.3}% 13
\BOOKMARK [2][-]{subsection.3.3.3}{\376\377\000E\000n\000t\000i\000d\000a\000d\000:\000\040\000E\000s\000c\000u\000e\000l\000a\000\137\000P\000r\000o\000g\000r\000a\000m\000a}{section.3.3}% 14
\BOOKMARK [2][-]{subsection.3.3.4}{\376\377\000E\000n\000t\000i\000d\000a\000d\000:\000\040\000P\000r\000o\000g\000r\000a\000m\000a\000\137\000a\000c\000a\000d\000e\000m\000i\000c\000o}{section.3.3}% 15
\BOOKMARK [2][-]{subsection.3.3.5}{\376\377\000E\000n\000t\000i\000d\000a\000d\000:\000\040\000P\000e\000r\000s\000o\000n\000a}{section.3.3}% 16
\BOOKMARK [2][-]{subsection.3.3.6}{\376\377\000E\000n\000t\000i\000d\000a\000d\000:\000\040\000P\000e\000r\000s\000o\000n\000a\000l\000\040\000a\000c\000a\000d\000\351\000m\000i\000c\000o}{section.3.3}% 17
\BOOKMARK [2][-]{subsection.3.3.7}{\376\377\000E\000n\000t\000i\000d\000a\000d\000:\000\040\000t\000i\000p\000o\000P\000e\000r\000s\000o\000n\000a\000l}{section.3.3}% 18
\BOOKMARK [2][-]{subsection.3.3.8}{\376\377\000E\000n\000t\000i\000d\000a\000d\000:\000\040\000C\000a\000r\000g\000o\000D\000o\000c\000e\000n\000t\000e}{section.3.3}% 19
\BOOKMARK [2][-]{subsection.3.3.9}{\376\377\000E\000n\000t\000i\000d\000a\000d\000:\000\040\000C\000a\000r\000g\000o}{section.3.3}% 20
\BOOKMARK [2][-]{subsection.3.3.10}{\376\377\000E\000n\000t\000i\000d\000a\000d\000:\000\040\000P\000e\000r\000s\000o\000n\000a\000l\000\137\000S\000e\000g\000u\000r\000i\000d\000a\000d}{section.3.3}% 21
\BOOKMARK [2][-]{subsection.3.3.11}{\376\377\000E\000n\000t\000i\000d\000a\000d\000:\000\040\000C\000a\000r\000g\000o\000P\000S}{section.3.3}% 22
\BOOKMARK [2][-]{subsection.3.3.12}{\376\377\000E\000n\000t\000i\000d\000a\000d\000:\000\040\000A\000l\000u\000m\000n\000o}{section.3.3}% 23
\BOOKMARK [2][-]{subsection.3.3.13}{\376\377\000E\000n\000t\000i\000d\000a\000d\000:\000\040\000U\000s\000u\000a\000r\000i\000o}{section.3.3}% 24
\BOOKMARK [2][-]{subsection.3.3.14}{\376\377\000E\000n\000t\000i\000d\000a\000d\000:\000\040\000T\000i\000p\000o\000\137\000U\000s\000u\000a\000r\000i\000o}{section.3.3}% 25
\BOOKMARK [2][-]{subsection.3.3.15}{\376\377\000E\000n\000t\000i\000d\000a\000d\000:\000\040\000E\000T\000S}{section.3.3}% 26
\BOOKMARK [2][-]{subsection.3.3.16}{\376\377\000E\000n\000t\000i\000d\000a\000d\000:\000\040\000p\000e\000r\000i\000o\000d\000o\000\137\000E\000T\000S}{section.3.3}% 27
\BOOKMARK [2][-]{subsection.3.3.17}{\376\377\000E\000n\000t\000i\000d\000a\000d\000:\000\040\000A\000p\000l\000i\000c\000a}{section.3.3}% 28
\BOOKMARK [2][-]{subsection.3.3.18}{\376\377\000E\000n\000t\000i\000d\000a\000d\000:\000\040\000I\000n\000s\000c\000r\000i\000p\000c\000i\000o\000n\000E\000T\000S}{section.3.3}% 29
\BOOKMARK [2][-]{subsection.3.3.19}{\376\377\000E\000n\000t\000i\000d\000a\000d\000:\000\040\000S\000a\000l\000o\000n\000E\000T\000S}{section.3.3}% 30
\BOOKMARK [2][-]{subsection.3.3.20}{\376\377\000E\000n\000t\000i\000d\000a\000d\000:\000\040\000S\000a\000l\000o\000n}{section.3.3}% 31
\BOOKMARK [2][-]{subsection.3.3.21}{\376\377\000E\000n\000t\000i\000d\000a\000d\000:\000\040\000T\000i\000p\000o\000S\000a\000l\000o\000n}{section.3.3}% 32
\BOOKMARK [2][-]{subsection.3.3.22}{\376\377\000E\000n\000t\000i\000d\000a\000d\000:\000\040\000U\000n\000i\000d\000a\000d\000\137\000a\000p\000r\000e\000n\000d\000i\000z\000a\000j\000e}{section.3.3}% 33
\BOOKMARK [1][-]{section.3.4}{\376\377\000M\000o\000d\000e\000l\000a\000d\000o\000\040\000d\000e\000\040\000R\000e\000g\000l\000a\000s\000\040\000d\000e\000\040\000n\000e\000g\000o\000c\000i\000o}{chapter.3}% 34
\BOOKMARK [0][-]{chapter.4}{\376\377\000M\000o\000d\000e\000l\000o\000\040\000d\000i\000n\000\341\000m\000i\000c\000o}{}% 35
\BOOKMARK [1][-]{section.4.1}{\376\377\000N\000o\000t\000a\000c\000i\000\363\000n}{chapter.4}% 36
\BOOKMARK [1][-]{section.4.2}{\376\377\000E\000s\000t\000r\000u\000c\000t\000u\000r\000a\000\040\000d\000e\000\040\000u\000s\000u\000a\000r\000i\000o\000s\000\040}{chapter.4}% 37
\BOOKMARK [1][-]{section.4.3}{\376\377\000D\000e\000s\000c\000r\000i\000p\000c\000i\000\363\000n\000\040\000d\000e\000\040\000a\000c\000t\000o\000r\000e\000s}{chapter.4}% 38
\BOOKMARK [2][-]{subsection.4.3.1}{\376\377\000A\000l\000u\000m\000n\000o}{section.4.3}% 39
\BOOKMARK [2][-]{subsection.4.3.2}{\376\377\000P\000e\000r\000s\000o\000n\000a\000l\000\040\000d\000e\000\040\000s\000e\000g\000u\000r\000i\000d\000a\000d}{section.4.3}% 40
\BOOKMARK [2][-]{subsection.4.3.3}{\376\377\000D\000o\000c\000e\000n\000t\000e}{section.4.3}% 41
\BOOKMARK [2][-]{subsection.4.3.4}{\376\377\000P\000e\000r\000s\000o\000n\000a\000l\000\040\000d\000e\000\040\000g\000e\000s\000t\000i\000\363\000n\000\040\000e\000s\000c\000o\000l\000a\000r}{section.4.3}% 42
\BOOKMARK [2][-]{subsection.4.3.5}{\376\377\000P\000e\000r\000s\000o\000n\000a\000l\000\040\000d\000e\000\040\000l\000a\000\040\000D\000A\000E}{section.4.3}% 43
\BOOKMARK [2][-]{subsection.4.3.6}{\376\377\000P\000r\000e\000s\000i\000d\000e\000n\000t\000e\000\040\000d\000e\000\040\000a\000c\000a\000d\000e\000m\000i\000a}{section.4.3}% 44
\BOOKMARK [2][-]{subsection.4.3.7}{\376\377\000J\000e\000f\000e\000\040\000d\000e\000\040\000d\000e\000p\000a\000r\000t\000a\000m\000e\000n\000t\000o}{section.4.3}% 45
\BOOKMARK [1][-]{section.4.4}{\376\377\000D\000i\000a\000g\000r\000a\000m\000a\000s\000\040\000d\000e\000\040\000c\000a\000s\000o\000s\000\040\000d\000e\000\040\000u\000s\000o}{chapter.4}% 46
\BOOKMARK [1][-]{section.4.5}{\376\377\000E\000s\000p\000e\000c\000i\000f\000i\000c\000a\000c\000i\000\363\000n\000\040\000d\000e\000\040\000c\000a\000s\000o\000s\000\040\000d\000e\000\040\000u\000s\000o\000\040}{chapter.4}% 47
\BOOKMARK [1][-]{section.4.6}{\376\377\000C\000U\000-\0000\0001\000\040\000I\000n\000i\000c\000i\000a\000r\000\040\000s\000e\000s\000i\000\363\000n\000\040\000d\000e\000l\000\040\000s\000i\000s\000t\000e\000m\000a\000\040\000m\000\363\000v\000i\000l}{chapter.4}% 48
\BOOKMARK [2][-]{subsection.4.6.1}{\376\377\000D\000e\000s\000c\000r\000i\000p\000c\000i\000\363\000n\000\040\000c\000o\000m\000p\000l\000e\000t\000a}{section.4.6}% 49
\BOOKMARK [2][-]{subsection.4.6.2}{\376\377\000A\000t\000r\000i\000b\000u\000t\000o\000s\000\040\000i\000m\000p\000o\000r\000t\000a\000n\000t\000e\000s}{section.4.6}% 50
\BOOKMARK [2][-]{subsection.4.6.3}{\376\377\000T\000r\000a\000y\000e\000c\000t\000o\000r\000i\000a\000s\000\040\000d\000e\000l\000\040\000C\000a\000s\000o\000\040\000d\000e\000\040\000U\000s\000o}{section.4.6}% 51
\BOOKMARK [1][-]{section.4.7}{\376\377\000C\000U\000-\0000\0002\000\040\000C\000o\000n\000s\000u\000l\000t\000a\000r\000\040\000c\000a\000l\000e\000n\000d\000a\000r\000i\000o\000\040\000e\000s\000c\000o\000l\000a\000r}{chapter.4}% 52
\BOOKMARK [2][-]{subsection.4.7.1}{\376\377\000D\000e\000s\000c\000r\000i\000p\000c\000i\000\363\000n\000\040\000c\000o\000m\000p\000l\000e\000t\000a}{section.4.7}% 53
\BOOKMARK [2][-]{subsection.4.7.2}{\376\377\000A\000t\000r\000i\000b\000u\000t\000o\000s\000\040\000i\000m\000p\000o\000r\000t\000a\000n\000t\000e\000s}{section.4.7}% 54
\BOOKMARK [2][-]{subsection.4.7.3}{\376\377\000T\000r\000a\000y\000e\000c\000t\000o\000r\000i\000a\000s\000\040\000d\000e\000l\000\040\000C\000a\000s\000o\000\040\000d\000e\000\040\000U\000s\000o}{section.4.7}% 55
\BOOKMARK [1][-]{section.4.8}{\376\377\000C\000U\000-\0000\0003\000\040\000C\000o\000n\000s\000u\000l\000t\000a\000r\000\040\000n\000o\000t\000i\000f\000i\000c\000a\000c\000i\000o\000n\000e\000s}{chapter.4}% 56
\BOOKMARK [2][-]{subsection.4.8.1}{\376\377\000D\000e\000s\000c\000r\000i\000p\000c\000i\000\363\000n\000\040\000c\000o\000m\000p\000l\000e\000t\000a}{section.4.8}% 57
\BOOKMARK [2][-]{subsection.4.8.2}{\376\377\000A\000t\000r\000i\000b\000u\000t\000o\000s\000\040\000i\000m\000p\000o\000r\000t\000a\000n\000t\000e\000s}{section.4.8}% 58
\BOOKMARK [2][-]{subsection.4.8.3}{\376\377\000T\000r\000a\000y\000e\000c\000t\000o\000r\000i\000a\000s\000\040\000d\000e\000l\000\040\000C\000a\000s\000o\000\040\000d\000e\000\040\000U\000s\000o}{section.4.8}% 59
\BOOKMARK [1][-]{section.4.9}{\376\377\000C\000U\000-\0000\0004\000\040\000C\000o\000n\000s\000u\000l\000t\000a\000r\000\040\000p\000e\000r\000i\000o\000d\000o\000s\000\040\000d\000e\000\040\000E\000T\000S\000\040\000a\000s\000i\000g\000n\000a\000d\000o\000s\000\040\000a\000l\000\040\000d\000o\000c\000e\000n\000t\000e}{chapter.4}% 60
\BOOKMARK [2][-]{subsection.4.9.1}{\376\377\000D\000e\000s\000c\000r\000i\000p\000c\000i\000\363\000n\000\040\000c\000o\000m\000p\000l\000e\000t\000a}{section.4.9}% 61
\BOOKMARK [2][-]{subsection.4.9.2}{\376\377\000A\000t\000r\000i\000b\000u\000t\000o\000s\000\040\000i\000m\000p\000o\000r\000t\000a\000n\000t\000e\000s}{section.4.9}% 62
\BOOKMARK [2][-]{subsection.4.9.3}{\376\377\000T\000r\000a\000y\000e\000c\000t\000o\000r\000i\000a\000s\000\040\000d\000e\000l\000\040\000C\000a\000s\000o\000\040\000d\000e\000\040\000U\000s\000o}{section.4.9}% 63
\BOOKMARK [1][-]{section.4.10}{\376\377\000C\000U\000-\0000\0005\000\040\000C\000o\000n\000s\000u\000l\000t\000a\000r\000\040\000E\000T\000S\000\040\000a\000s\000i\000g\000n\000a\000d\000o\000s}{chapter.4}% 64
\BOOKMARK [2][-]{subsection.4.10.1}{\376\377\000D\000e\000s\000c\000r\000i\000p\000c\000i\000\363\000n\000\040\000c\000o\000m\000p\000l\000e\000t\000a}{section.4.10}% 65
\BOOKMARK [2][-]{subsection.4.10.2}{\376\377\000A\000t\000r\000i\000b\000u\000t\000o\000s\000\040\000i\000m\000p\000o\000r\000t\000a\000n\000t\000e\000s}{section.4.10}% 66
\BOOKMARK [2][-]{subsection.4.10.3}{\376\377\000T\000r\000a\000y\000e\000c\000t\000o\000r\000i\000a\000s\000\040\000d\000e\000l\000\040\000C\000a\000s\000o\000\040\000d\000e\000\040\000U\000s\000o}{section.4.10}% 67
\BOOKMARK [1][-]{section.4.11}{\376\377\000C\000U\000-\0000\0006\000\040\000M\000o\000s\000t\000r\000a\000r\000\040\000i\000n\000f\000o\000r\000m\000a\000c\000i\000\363\000n\000\040\000d\000e\000\040\000l\000o\000s\000\040\000E\000T\000S\000\040\000a\000s\000i\000g\000n\000a\000d\000o\000s}{chapter.4}% 68
\BOOKMARK [2][-]{subsection.4.11.1}{\376\377\000D\000e\000s\000c\000r\000i\000p\000c\000i\000\363\000n\000\040\000c\000o\000m\000p\000l\000e\000t\000a}{section.4.11}% 69
\BOOKMARK [2][-]{subsection.4.11.2}{\376\377\000A\000t\000r\000i\000b\000u\000t\000o\000s\000\040\000i\000m\000p\000o\000r\000t\000a\000n\000t\000e\000s}{section.4.11}% 70
\BOOKMARK [2][-]{subsection.4.11.3}{\376\377\000T\000r\000a\000y\000e\000c\000t\000o\000r\000i\000a\000s\000\040\000d\000e\000l\000\040\000C\000a\000s\000o\000\040\000d\000e\000\040\000U\000s\000o}{section.4.11}% 71
\BOOKMARK [1][-]{section.4.12}{\376\377\000C\000U\000-\0000\0007\000\040\000S\000o\000l\000i\000c\000i\000t\000a\000r\000\040\000r\000e\000m\000p\000l\000a\000z\000o\000\040}{chapter.4}% 72
\BOOKMARK [2][-]{subsection.4.12.1}{\376\377\000D\000e\000s\000c\000r\000i\000p\000c\000i\000\363\000n\000\040\000c\000o\000m\000p\000l\000e\000t\000a}{section.4.12}% 73
\BOOKMARK [2][-]{subsection.4.12.2}{\376\377\000A\000t\000r\000i\000b\000u\000t\000o\000s\000\040\000i\000m\000p\000o\000r\000t\000a\000n\000t\000e\000s}{section.4.12}% 74
\BOOKMARK [2][-]{subsection.4.12.3}{\376\377\000T\000r\000a\000y\000e\000c\000t\000o\000r\000i\000a\000s\000\040\000d\000e\000l\000\040\000C\000a\000s\000o\000\040\000d\000e\000\040\000U\000s\000o}{section.4.12}% 75
\BOOKMARK [1][-]{section.4.13}{\376\377\000C\000U\000-\0000\0008\000\040\000C\000o\000n\000s\000u\000l\000t\000a\000r\000\040\000l\000i\000s\000t\000a\000\040\000d\000e\000\040\000a\000l\000u\000m\000n\000o\000s\000\040\000i\000n\000s\000c\000r\000i\000t\000o\000s\000\040\000a\000\040\000u\000n\000\040\000E\000T\000S}{chapter.4}% 76
\BOOKMARK [2][-]{subsection.4.13.1}{\376\377\000D\000e\000s\000c\000r\000i\000p\000c\000i\000\363\000n\000\040\000c\000o\000m\000p\000l\000e\000t\000a}{section.4.13}% 77
\BOOKMARK [2][-]{subsection.4.13.2}{\376\377\000A\000t\000r\000i\000b\000u\000t\000o\000s\000\040\000i\000m\000p\000o\000r\000t\000a\000n\000t\000e\000s}{section.4.13}% 78
\BOOKMARK [2][-]{subsection.4.13.3}{\376\377\000T\000r\000a\000y\000e\000c\000t\000o\000r\000i\000a\000s\000\040\000d\000e\000l\000\040\000C\000a\000s\000o\000\040\000d\000e\000\040\000U\000s\000o}{section.4.13}% 79
\BOOKMARK [1][-]{section.4.14}{\376\377\000C\000U\000-\0000\0009\000\040\000T\000o\000m\000a\000r\000\040\000a\000s\000i\000s\000t\000e\000n\000c\000i\000a\000s\000\040\000a\000\040\000l\000o\000s\000\040\000E\000T\000S}{chapter.4}% 80
\BOOKMARK [2][-]{subsection.4.14.1}{\376\377\000D\000e\000s\000c\000r\000i\000p\000c\000i\000\363\000n\000\040\000c\000o\000m\000p\000l\000e\000t\000a}{section.4.14}% 81
\BOOKMARK [2][-]{subsection.4.14.2}{\376\377\000A\000t\000r\000i\000b\000u\000t\000o\000s\000\040\000i\000m\000p\000o\000r\000t\000a\000n\000t\000e\000s}{section.4.14}% 82
\BOOKMARK [2][-]{subsection.4.14.3}{\376\377\000T\000r\000a\000y\000e\000c\000t\000o\000r\000i\000a\000s\000\040\000d\000e\000l\000\040\000C\000a\000s\000o\000\040\000d\000e\000\040\000U\000s\000o}{section.4.14}% 83
\BOOKMARK [1][-]{section.4.15}{\376\377\000C\000U\000-\0001\0000\000\040\000C\000o\000n\000s\000u\000l\000t\000a\000r\000\040\000l\000i\000s\000t\000a\000\040\000d\000e\000\040\000a\000s\000i\000s\000t\000e\000n\000c\000i\000a\000\040\000d\000e\000\040\000a\000l\000u\000m\000n\000o\000s\000\040\000i\000n\000s\000c\000r\000i\000t\000o\000s\000\040\000a\000\040\000l\000o\000s\000\040\000E\000T\000S}{chapter.4}% 84
\BOOKMARK [2][-]{subsection.4.15.1}{\376\377\000D\000e\000s\000c\000r\000i\000p\000c\000i\000\363\000n\000\040\000c\000o\000m\000p\000l\000e\000t\000a}{section.4.15}% 85
\BOOKMARK [2][-]{subsection.4.15.2}{\376\377\000A\000t\000r\000i\000b\000u\000t\000o\000s\000\040\000i\000m\000p\000o\000r\000t\000a\000n\000t\000e\000s}{section.4.15}% 86
\BOOKMARK [2][-]{subsection.4.15.3}{\376\377\000T\000r\000a\000y\000e\000c\000t\000o\000r\000i\000a\000s\000\040\000d\000e\000l\000\040\000C\000a\000s\000o\000\040\000d\000e\000\040\000U\000s\000o}{section.4.15}% 87
\BOOKMARK [1][-]{section.4.16}{\376\377\000C\000U\000-\0001\0001\000\040\000M\000o\000s\000t\000r\000a\000r\000\040\000l\000a\000\040\000f\000o\000t\000o\000\040\000e\000\040\000i\000n\000f\000o\000r\000m\000a\000c\000i\000\363\000n\000\040\000d\000e\000l\000\040\000a\000l\000u\000m\000n\000o}{chapter.4}% 88
\BOOKMARK [2][-]{subsection.4.16.1}{\376\377\000D\000e\000s\000c\000r\000i\000p\000c\000i\000\363\000n\000\040\000c\000o\000m\000p\000l\000e\000t\000a}{section.4.16}% 89
\BOOKMARK [2][-]{subsection.4.16.2}{\376\377\000A\000t\000r\000i\000b\000u\000t\000o\000s\000\040\000i\000m\000p\000o\000r\000t\000a\000n\000t\000e\000s}{section.4.16}% 90
\BOOKMARK [2][-]{subsection.4.16.3}{\376\377\000T\000r\000a\000y\000e\000c\000t\000o\000r\000i\000a\000s\000\040\000d\000e\000l\000\040\000C\000a\000s\000o\000\040\000d\000e\000\040\000U\000s\000o}{section.4.16}% 91
\BOOKMARK [1][-]{section.4.17}{\376\377\000C\000U\000-\0001\0002\000\040\000C\000o\000n\000s\000u\000l\000t\000a\000r\000\040\000a\000l\000u\000m\000n\000o\000\040\000m\000e\000d\000i\000a\000n\000t\000e\000\040\000c\000\363\000d\000i\000g\000o\000\040\000Q\000R\000\040\000d\000e\000\040\000l\000a\000\040\000c\000r\000e\000d\000e\000n\000c\000i\000a\000l}{chapter.4}% 92
\BOOKMARK [2][-]{subsection.4.17.1}{\376\377\000D\000e\000s\000c\000r\000i\000p\000c\000i\000\363\000n\000\040\000c\000o\000m\000p\000l\000e\000t\000a}{section.4.17}% 93
\BOOKMARK [2][-]{subsection.4.17.2}{\376\377\000A\000t\000r\000i\000b\000u\000t\000o\000s\000\040\000i\000m\000p\000o\000r\000t\000a\000n\000t\000e\000s}{section.4.17}% 94
\BOOKMARK [2][-]{subsection.4.17.3}{\376\377\000T\000r\000a\000y\000e\000c\000t\000o\000r\000i\000a\000s\000\040\000d\000e\000l\000\040\000C\000a\000s\000o\000\040\000d\000e\000\040\000U\000s\000o}{section.4.17}% 95
\BOOKMARK [1][-]{section.4.18}{\376\377\000C\000U\000-\0001\0003\000\040\000B\000u\000s\000c\000a\000r\000\040\000a\000l\000u\000m\000n\000o\000\040\000p\000o\000r\000\040\000b\000o\000l\000e\000t\000a}{chapter.4}% 96
\BOOKMARK [2][-]{subsection.4.18.1}{\376\377\000D\000e\000s\000c\000r\000i\000p\000c\000i\000\363\000n\000\040\000c\000o\000m\000p\000l\000e\000t\000a}{section.4.18}% 97
\BOOKMARK [2][-]{subsection.4.18.2}{\376\377\000A\000t\000r\000i\000b\000u\000t\000o\000s\000\040\000i\000m\000p\000o\000r\000t\000a\000n\000t\000e\000s}{section.4.18}% 98
\BOOKMARK [2][-]{subsection.4.18.3}{\376\377\000T\000r\000a\000y\000e\000c\000t\000o\000r\000i\000a\000s\000\040\000d\000e\000l\000\040\000C\000a\000s\000o\000\040\000d\000e\000\040\000U\000s\000o}{section.4.18}% 99
\BOOKMARK [1][-]{section.4.19}{\376\377\000C\000U\000-\0001\0004\000\040\000B\000u\000s\000c\000a\000r\000\040\000a\000l\000u\000m\000n\000o\000\040\000p\000o\000r\000\040\000n\000o\000m\000b\000r\000e}{chapter.4}% 100
\BOOKMARK [2][-]{subsection.4.19.1}{\376\377\000D\000e\000s\000c\000r\000i\000p\000c\000i\000\363\000n\000\040\000c\000o\000m\000p\000l\000e\000t\000a}{section.4.19}% 101
\BOOKMARK [2][-]{subsection.4.19.2}{\376\377\000A\000t\000r\000i\000b\000u\000t\000o\000s\000\040\000i\000m\000p\000o\000r\000t\000a\000n\000t\000e\000s}{section.4.19}% 102
\BOOKMARK [2][-]{subsection.4.19.3}{\376\377\000T\000r\000a\000y\000e\000c\000t\000o\000r\000i\000a\000s\000\040\000d\000e\000l\000\040\000C\000a\000s\000o\000\040\000d\000e\000\040\000U\000s\000o}{section.4.19}% 103
\BOOKMARK [1][-]{section.4.20}{\376\377\000C\000U\000-\0001\0005\000\040\000R\000e\000g\000i\000s\000t\000r\000a\000r\000\040\000a\000s\000i\000s\000t\000e\000n\000c\000i\000a}{chapter.4}% 104
\BOOKMARK [2][-]{subsection.4.20.1}{\376\377\000D\000e\000s\000c\000r\000i\000p\000c\000i\000\363\000n\000\040\000c\000o\000m\000p\000l\000e\000t\000a}{section.4.20}% 105
\BOOKMARK [2][-]{subsection.4.20.2}{\376\377\000A\000t\000r\000i\000b\000u\000t\000o\000s\000\040\000i\000m\000p\000o\000r\000t\000a\000n\000t\000e\000s}{section.4.20}% 106
\BOOKMARK [2][-]{subsection.4.20.3}{\376\377\000T\000r\000a\000y\000e\000c\000t\000o\000r\000i\000a\000s\000\040\000d\000e\000l\000\040\000C\000a\000s\000o\000\040\000d\000e\000\040\000U\000s\000o}{section.4.20}% 107
\BOOKMARK [1][-]{section.4.21}{\376\377\000C\000U\000-\0001\0006\000\040\000C\000o\000n\000s\000u\000l\000t\000a\000r\000\040\000p\000e\000r\000i\000o\000d\000o\000s\000\040\000d\000e\000\040\000E\000T\000S\000\040\000i\000n\000s\000c\000r\000i\000t\000o\000s\000\040\000d\000e\000l\000\040\000a\000l\000u\000m\000n\000o}{chapter.4}% 108
\BOOKMARK [2][-]{subsection.4.21.1}{\376\377\000D\000e\000s\000c\000r\000i\000p\000c\000i\000\363\000n\000\040\000c\000o\000m\000p\000l\000e\000t\000a}{section.4.21}% 109
\BOOKMARK [2][-]{subsection.4.21.2}{\376\377\000A\000t\000r\000i\000b\000u\000t\000o\000s\000\040\000i\000m\000p\000o\000r\000t\000a\000n\000t\000e\000s}{section.4.21}% 110
\BOOKMARK [2][-]{subsection.4.21.3}{\376\377\000T\000r\000a\000y\000e\000c\000t\000o\000r\000i\000a\000s\000\040\000d\000e\000l\000\040\000C\000a\000s\000o\000\040\000d\000e\000\040\000U\000s\000o}{section.4.21}% 111
\BOOKMARK [1][-]{section.4.22}{\376\377\000C\000U\000-\0001\0007\000\040\000C\000o\000n\000s\000u\000l\000t\000a\000r\000\040\000E\000T\000S\000\040\000i\000n\000s\000c\000r\000i\000t\000o\000s}{chapter.4}% 112
\BOOKMARK [2][-]{subsection.4.22.1}{\376\377\000D\000e\000s\000c\000r\000i\000p\000c\000i\000\363\000n\000\040\000c\000o\000m\000p\000l\000e\000t\000a}{section.4.22}% 113
\BOOKMARK [2][-]{subsection.4.22.2}{\376\377\000A\000t\000r\000i\000b\000u\000t\000o\000s\000\040\000i\000m\000p\000o\000r\000t\000a\000n\000t\000e\000s}{section.4.22}% 114
\BOOKMARK [2][-]{subsection.4.22.3}{\376\377\000T\000r\000a\000y\000e\000c\000t\000o\000r\000i\000a\000s\000\040\000d\000e\000l\000\040\000C\000a\000s\000o\000\040\000d\000e\000\040\000U\000s\000o}{section.4.22}% 115
\BOOKMARK [1][-]{section.4.23}{\376\377\000C\000U\000-\0001\0008\000\040\000M\000o\000s\000t\000r\000a\000r\000\040\000i\000n\000f\000o\000r\000m\000a\000c\000i\000\363\000n\000\040\000d\000e\000\040\000l\000o\000s\000\040\000E\000T\000S\000\040\000i\000n\000s\000c\000r\000i\000t\000o\000s}{chapter.4}% 116
\BOOKMARK [2][-]{subsection.4.23.1}{\376\377\000D\000e\000s\000c\000r\000i\000p\000c\000i\000\363\000n\000\040\000c\000o\000m\000p\000l\000e\000t\000a}{section.4.23}% 117
\BOOKMARK [2][-]{subsection.4.23.2}{\376\377\000A\000t\000r\000i\000b\000u\000t\000o\000s\000\040\000i\000m\000p\000o\000r\000t\000a\000n\000t\000e\000s}{section.4.23}% 118
\BOOKMARK [2][-]{subsection.4.23.3}{\376\377\000T\000r\000a\000y\000e\000c\000t\000o\000r\000i\000a\000s\000\040\000d\000e\000l\000\040\000C\000a\000s\000o\000\040\000d\000e\000\040\000U\000s\000o}{section.4.23}% 119
\BOOKMARK [1][-]{section.4.24}{\376\377\000C\000U\000-\0001\0009\000\040\000P\000r\000o\000b\000a\000r\000\040\000r\000e\000c\000o\000n\000o\000c\000i\000m\000i\000e\000n\000t\000o\000\040\000f\000a\000c\000i\000a\000l}{chapter.4}% 120
\BOOKMARK [2][-]{subsection.4.24.1}{\376\377\000D\000e\000s\000c\000r\000i\000p\000c\000i\000\363\000n\000\040\000c\000o\000m\000p\000l\000e\000t\000a}{section.4.24}% 121
\BOOKMARK [2][-]{subsection.4.24.2}{\376\377\000A\000t\000r\000i\000b\000u\000t\000o\000s\000\040\000i\000m\000p\000o\000r\000t\000a\000n\000t\000e\000s}{section.4.24}% 122
\BOOKMARK [2][-]{subsection.4.24.3}{\376\377\000T\000r\000a\000y\000e\000c\000t\000o\000r\000i\000a\000s\000\040\000d\000e\000l\000\040\000C\000a\000s\000o\000\040\000d\000e\000\040\000U\000s\000o}{section.4.24}% 123
\BOOKMARK [1][-]{section.4.25}{\376\377\000C\000U\000-\0002\0000\000\040\000R\000e\000v\000i\000s\000a\000r\000\040\000i\000n\000f\000o\000r\000m\000a\000c\000i\000\363\000n\000\040\000d\000e\000\040\000a\000c\000c\000e\000s\000o\000\040\000a\000\040\000l\000o\000s\000\040\000E\000T\000S}{chapter.4}% 124
\BOOKMARK [2][-]{subsection.4.25.1}{\376\377\000D\000e\000s\000c\000r\000i\000p\000c\000i\000\363\000n\000\040\000c\000o\000m\000p\000l\000e\000t\000a}{section.4.25}% 125
\BOOKMARK [2][-]{subsection.4.25.2}{\376\377\000A\000t\000r\000i\000b\000u\000t\000o\000s\000\040\000i\000m\000p\000o\000r\000t\000a\000n\000t\000e\000s}{section.4.25}% 126
\BOOKMARK [2][-]{subsection.4.25.3}{\376\377\000T\000r\000a\000y\000e\000c\000t\000o\000r\000i\000a\000s\000\040\000d\000e\000l\000\040\000C\000a\000s\000o\000\040\000d\000e\000\040\000U\000s\000o}{section.4.25}% 127
\BOOKMARK [1][-]{section.4.26}{\376\377\000C\000U\000-\0002\0001\000\040\000D\000a\000r\000\040\000d\000e\000\040\000a\000l\000t\000a\000\040\000u\000n\000\040\000a\000l\000u\000m\000n\000o}{chapter.4}% 128
\BOOKMARK [2][-]{subsection.4.26.1}{\376\377\000D\000e\000s\000c\000r\000i\000p\000c\000i\000\363\000n\000\040\000c\000o\000m\000p\000l\000e\000t\000a}{section.4.26}% 129
\BOOKMARK [2][-]{subsection.4.26.2}{\376\377\000A\000t\000r\000i\000b\000u\000t\000o\000s\000\040\000i\000m\000p\000o\000r\000t\000a\000n\000t\000e\000s}{section.4.26}% 130
\BOOKMARK [2][-]{subsection.4.26.3}{\376\377\000T\000r\000a\000y\000e\000c\000t\000o\000r\000i\000a\000s\000\040\000d\000e\000l\000\040\000C\000a\000s\000o\000\040\000d\000e\000\040\000U\000s\000o}{section.4.26}% 131
\BOOKMARK [1][-]{section.4.27}{\376\377\000C\000U\000-\0002\0002\000\040\000C\000r\000e\000a\000r\000\040\000c\000r\000e\000d\000e\000n\000c\000i\000a\000l}{chapter.4}% 132
\BOOKMARK [2][-]{subsection.4.27.1}{\376\377\000D\000e\000s\000c\000r\000i\000p\000c\000i\000\363\000n\000\040\000c\000o\000m\000p\000l\000e\000t\000a}{section.4.27}% 133
\BOOKMARK [2][-]{subsection.4.27.2}{\376\377\000A\000t\000r\000i\000b\000u\000t\000o\000s\000\040\000i\000m\000p\000o\000r\000t\000a\000n\000t\000e\000s}{section.4.27}% 134
\BOOKMARK [2][-]{subsection.4.27.3}{\376\377\000T\000r\000a\000y\000e\000c\000t\000o\000r\000i\000a\000s\000\040\000d\000e\000l\000\040\000C\000a\000s\000o\000\040\000d\000e\000\040\000U\000s\000o}{section.4.27}% 135
\BOOKMARK [1][-]{section.4.28}{\376\377\000C\000U\000-\0002\0003\000\040\000C\000a\000p\000t\000u\000r\000a\000r\000\040\000f\000o\000t\000o\000g\000r\000a\000f\000\355\000a\000\040\000e\000s\000t\000u\000d\000i\000a\000n\000t\000i\000l}{chapter.4}% 136
\BOOKMARK [2][-]{subsection.4.28.1}{\376\377\000D\000e\000s\000c\000r\000i\000p\000c\000i\000\363\000n\000\040\000c\000o\000m\000p\000l\000e\000t\000a}{section.4.28}% 137
\BOOKMARK [2][-]{subsection.4.28.2}{\376\377\000A\000t\000r\000i\000b\000u\000t\000o\000s\000\040\000i\000m\000p\000o\000r\000t\000a\000n\000t\000e\000s}{section.4.28}% 138
\BOOKMARK [2][-]{subsection.4.28.3}{\376\377\000T\000r\000a\000y\000e\000c\000t\000o\000r\000i\000a\000s\000\040\000d\000e\000l\000\040\000C\000a\000s\000o\000\040\000d\000e\000\040\000U\000s\000o}{section.4.28}% 139
\BOOKMARK [1][-]{section.4.29}{\376\377\000C\000U\000-\0002\0004\000\040\000C\000o\000n\000s\000u\000l\000t\000a\000r\000\040\000l\000i\000s\000t\000a\000\040\000d\000e\000\040\000p\000e\000r\000i\000o\000d\000o\000\040\000d\000e\000\040\000E\000T\000S\000\040}{chapter.4}% 140
\BOOKMARK [2][-]{subsection.4.29.1}{\376\377\000D\000e\000s\000c\000r\000i\000p\000c\000i\000\363\000n\000\040\000c\000o\000m\000p\000l\000e\000t\000a}{section.4.29}% 141
\BOOKMARK [2][-]{subsection.4.29.2}{\376\377\000A\000t\000r\000i\000b\000u\000t\000o\000s\000\040\000i\000m\000p\000o\000r\000t\000a\000n\000t\000e\000s}{section.4.29}% 142
\BOOKMARK [2][-]{subsection.4.29.3}{\376\377\000T\000r\000a\000y\000e\000c\000t\000o\000r\000i\000a\000s\000\040\000d\000e\000l\000\040\000C\000a\000s\000o\000\040\000d\000e\000\040\000U\000s\000o}{section.4.29}% 143
\BOOKMARK [1][-]{section.4.30}{\376\377\000C\000U\000-\0002\0005\000\040\000D\000a\000r\000\040\000d\000e\000\040\000a\000l\000t\000a\000\040\000d\000e\000\040\000p\000e\000r\000i\000o\000d\000o\000\040\000d\000e\000\040\000E\000T\000S}{chapter.4}% 144
\BOOKMARK [2][-]{subsection.4.30.1}{\376\377\000D\000e\000s\000c\000r\000i\000p\000c\000i\000\363\000n\000\040\000c\000o\000m\000p\000l\000e\000t\000a}{section.4.30}% 145
\BOOKMARK [2][-]{subsection.4.30.2}{\376\377\000A\000t\000r\000i\000b\000u\000t\000o\000s\000\040\000i\000m\000p\000o\000r\000t\000a\000n\000t\000e\000s}{section.4.30}% 146
\BOOKMARK [2][-]{subsection.4.30.3}{\376\377\000T\000r\000a\000y\000e\000c\000t\000o\000r\000i\000a\000s\000\040\000d\000e\000l\000\040\000C\000a\000s\000o\000\040\000d\000e\000\040\000U\000s\000o}{section.4.30}% 147
\BOOKMARK [1][-]{section.4.31}{\376\377\000C\000U\000-\0002\0008\000\040\000C\000o\000n\000s\000u\000l\000t\000a\000r\000\040\000l\000i\000s\000t\000a\000\040\000d\000e\000\040\000E\000T\000S}{chapter.4}% 148
\BOOKMARK [2][-]{subsection.4.31.1}{\376\377\000D\000e\000s\000c\000r\000i\000p\000c\000i\000\363\000n\000\040\000c\000o\000m\000p\000l\000e\000t\000a}{section.4.31}% 149
\BOOKMARK [2][-]{subsection.4.31.2}{\376\377\000A\000t\000r\000i\000b\000u\000t\000o\000s\000\040\000i\000m\000p\000o\000r\000t\000a\000n\000t\000e\000s}{section.4.31}% 150
\BOOKMARK [2][-]{subsection.4.31.3}{\376\377\000T\000r\000a\000y\000e\000c\000t\000o\000r\000i\000a\000s\000\040\000d\000e\000l\000\040\000C\000a\000s\000o\000\040\000d\000e\000\040\000U\000s\000o}{section.4.31}% 151
\BOOKMARK [1][-]{section.4.32}{\376\377\000C\000U\000-\0002\0009\000\040\000D\000a\000r\000\040\000d\000e\000\040\000a\000l\000t\000a\000\040\000E\000T\000S\000\040}{chapter.4}% 152
\BOOKMARK [2][-]{subsection.4.32.1}{\376\377\000D\000e\000s\000c\000r\000i\000p\000c\000i\000\363\000n\000\040\000c\000o\000m\000p\000l\000e\000t\000a}{section.4.32}% 153
\BOOKMARK [2][-]{subsection.4.32.2}{\376\377\000A\000t\000r\000i\000b\000u\000t\000o\000s\000\040\000i\000m\000p\000o\000r\000t\000a\000n\000t\000e\000s}{section.4.32}% 154
\BOOKMARK [2][-]{subsection.4.32.3}{\376\377\000T\000r\000a\000y\000e\000c\000t\000o\000r\000i\000a\000s\000\040\000d\000e\000l\000\040\000C\000a\000s\000o\000\040\000d\000e\000\040\000U\000s\000o}{section.4.32}% 155
\BOOKMARK [1][-]{section.4.33}{\376\377\000C\000U\000-\0003\0002\000\040\000C\000o\000n\000s\000u\000l\000t\000a\000r\000\040\000l\000i\000s\000t\000a\000\040\000d\000e\000\040\000p\000e\000r\000s\000o\000n\000a\000l\000\040\000d\000e\000\040\000s\000e\000g\000u\000r\000i\000d\000a\000d}{chapter.4}% 156
\BOOKMARK [2][-]{subsection.4.33.1}{\376\377\000D\000e\000s\000c\000r\000i\000p\000c\000i\000\363\000n\000\040\000c\000o\000m\000p\000l\000e\000t\000a}{section.4.33}% 157
\BOOKMARK [2][-]{subsection.4.33.2}{\376\377\000A\000t\000r\000i\000b\000u\000t\000o\000s\000\040\000i\000m\000p\000o\000r\000t\000a\000n\000t\000e\000s}{section.4.33}% 158
\BOOKMARK [2][-]{subsection.4.33.3}{\376\377\000T\000r\000a\000y\000e\000c\000t\000o\000r\000i\000a\000s\000\040\000d\000e\000l\000\040\000C\000a\000s\000o\000\040\000d\000e\000\040\000U\000s\000o}{section.4.33}% 159
\BOOKMARK [1][-]{section.4.34}{\376\377\000C\000U\000-\0003\0003\000\040\000D\000a\000r\000\040\000d\000e\000\040\000a\000l\000t\000a\000\040\000p\000e\000r\000s\000o\000n\000a\000l\000\040\000d\000e\000\040\000s\000e\000g\000u\000r\000i\000d\000a\000d}{chapter.4}% 160
\BOOKMARK [2][-]{subsection.4.34.1}{\376\377\000D\000e\000s\000c\000r\000i\000p\000c\000i\000\363\000n\000\040\000c\000o\000m\000p\000l\000e\000t\000a}{section.4.34}% 161
\BOOKMARK [2][-]{subsection.4.34.2}{\376\377\000A\000t\000r\000i\000b\000u\000t\000o\000s\000\040\000i\000m\000p\000o\000r\000t\000a\000n\000t\000e\000s}{section.4.34}% 162
\BOOKMARK [2][-]{subsection.4.34.3}{\376\377\000T\000r\000a\000y\000e\000c\000t\000o\000r\000i\000a\000s\000\040\000d\000e\000l\000\040\000C\000a\000s\000o\000\040\000d\000e\000\040\000U\000s\000o}{section.4.34}% 163
\BOOKMARK [1][-]{section.4.35}{\376\377\000C\000U\000-\0003\0006\000\040\000C\000o\000n\000s\000u\000l\000t\000a\000r\000\040\000l\000i\000s\000t\000a\000\040\000d\000e\000\040\000d\000o\000c\000e\000n\000t\000e\000s\000\040}{chapter.4}% 164
\BOOKMARK [2][-]{subsection.4.35.1}{\376\377\000D\000e\000s\000c\000r\000i\000p\000c\000i\000\363\000n\000\040\000c\000o\000m\000p\000l\000e\000t\000a}{section.4.35}% 165
\BOOKMARK [2][-]{subsection.4.35.2}{\376\377\000A\000t\000r\000i\000b\000u\000t\000o\000s\000\040\000i\000m\000p\000o\000r\000t\000a\000n\000t\000e\000s}{section.4.35}% 166
\BOOKMARK [2][-]{subsection.4.35.3}{\376\377\000T\000r\000a\000y\000e\000c\000t\000o\000r\000i\000a\000s\000\040\000d\000e\000l\000\040\000C\000a\000s\000o\000\040\000d\000e\000\040\000U\000s\000o}{section.4.35}% 167
\BOOKMARK [1][-]{section.4.36}{\376\377\000C\000U\000-\0003\0007\000\040\000\040\000D\000a\000r\000\040\000d\000e\000\040\000a\000l\000t\000a\000\040\000d\000o\000c\000e\000n\000t\000e}{chapter.4}% 168
\BOOKMARK [2][-]{subsection.4.36.1}{\376\377\000D\000e\000s\000c\000r\000i\000p\000c\000i\000\363\000n\000\040\000c\000o\000m\000p\000l\000e\000t\000a}{section.4.36}% 169
\BOOKMARK [2][-]{subsection.4.36.2}{\376\377\000A\000t\000r\000i\000b\000u\000t\000o\000s\000\040\000i\000m\000p\000o\000r\000t\000a\000n\000t\000e\000s}{section.4.36}% 170
\BOOKMARK [2][-]{subsection.4.36.3}{\376\377\000T\000r\000a\000y\000e\000c\000t\000o\000r\000i\000a\000s\000\040\000d\000e\000l\000\040\000C\000a\000s\000o\000\040\000d\000e\000\040\000U\000s\000o}{section.4.36}% 171
\BOOKMARK [1][-]{section.4.37}{\376\377\000C\000U\000-\0004\0000\000\040\000S\000o\000l\000i\000c\000i\000t\000a\000r\000\040\000d\000e\000s\000b\000l\000o\000q\000u\000e\000o\000\040\000d\000e\000\040\000c\000u\000e\000n\000t\000a}{chapter.4}% 172
\BOOKMARK [2][-]{subsection.4.37.1}{\376\377\000D\000e\000s\000c\000r\000i\000p\000c\000i\000\363\000n\000\040\000c\000o\000m\000p\000l\000e\000t\000a}{section.4.37}% 173
\BOOKMARK [2][-]{subsection.4.37.2}{\376\377\000A\000t\000r\000i\000b\000u\000t\000o\000s\000\040\000i\000m\000p\000o\000r\000t\000a\000n\000t\000e\000s}{section.4.37}% 174
\BOOKMARK [2][-]{subsection.4.37.3}{\376\377\000T\000r\000a\000y\000e\000c\000t\000o\000r\000i\000a\000s\000\040\000d\000e\000l\000\040\000C\000a\000s\000o\000\040\000d\000e\000\040\000U\000s\000o}{section.4.37}% 175
\BOOKMARK [1][-]{section.4.38}{\376\377\000C\000U\000-\0004\0001\000\040\000I\000n\000i\000c\000i\000a\000r\000\040\000s\000e\000s\000i\000\363\000n\000\040\000d\000e\000\040\000p\000e\000r\000s\000o\000n\000a\000l\000\040\000e\000s\000c\000o\000l\000a\000r\000\040\000w\000e\000b}{chapter.4}% 176
\BOOKMARK [2][-]{subsection.4.38.1}{\376\377\000D\000e\000s\000c\000r\000i\000p\000c\000i\000\363\000n\000\040\000c\000o\000m\000p\000l\000e\000t\000a}{section.4.38}% 177
\BOOKMARK [2][-]{subsection.4.38.2}{\376\377\000A\000t\000r\000i\000b\000u\000t\000o\000s\000\040\000i\000m\000p\000o\000r\000t\000a\000n\000t\000e\000s}{section.4.38}% 178
\BOOKMARK [2][-]{subsection.4.38.3}{\376\377\000T\000r\000a\000y\000e\000c\000t\000o\000r\000i\000a\000s\000\040\000d\000e\000l\000\040\000C\000a\000s\000o\000\040\000d\000e\000\040\000U\000s\000o}{section.4.38}% 179
\BOOKMARK [1][-]{section.4.39}{\376\377\000C\000U\000-\0004\0002\000\040\000A\000s\000i\000g\000n\000a\000r\000\040\000d\000o\000c\000e\000n\000t\000e\000\040\000d\000e\000\040\000r\000e\000m\000p\000l\000a\000z\000o\000\040}{chapter.4}% 180
\BOOKMARK [2][-]{subsection.4.39.1}{\376\377\000D\000e\000s\000c\000r\000i\000p\000c\000i\000\363\000n\000\040\000c\000o\000m\000p\000l\000e\000t\000a}{section.4.39}% 181
\BOOKMARK [2][-]{subsection.4.39.2}{\376\377\000A\000t\000r\000i\000b\000u\000t\000o\000s\000\040\000i\000m\000p\000o\000r\000t\000a\000n\000t\000e\000s}{section.4.39}% 182
\BOOKMARK [2][-]{subsection.4.39.3}{\376\377\000T\000r\000a\000y\000e\000c\000t\000o\000r\000i\000a\000s\000\040\000d\000e\000l\000\040\000C\000a\000s\000o\000\040\000d\000e\000\040\000U\000s\000o}{section.4.39}% 183
\BOOKMARK [0][-]{chapter.5}{\376\377\000M\000o\000d\000e\000l\000o\000\040\000d\000e\000\040\000l\000a\000\040\000i\000n\000t\000e\000r\000a\000c\000c\000i\000\363\000n}{}% 184
\BOOKMARK [1][-]{section.5.1}{\376\377\000M\000o\000d\000e\000l\000o\000\040\000d\000e\000\040\000n\000a\000v\000e\000g\000a\000c\000i\000\363\000n}{chapter.5}% 185
\BOOKMARK [1][-]{section.5.2}{\376\377\000I\000U\0000\0001\000\040\000P\000a\000n\000t\000a\000l\000l\000a\000\040\000I\000n\000i\000c\000i\000a\000r\000\040\000s\000e\000s\000i\000\363\000n\000\040\000d\000e\000\040\000p\000e\000r\000s\000o\000n\000a\000l\000\040\000e\000s\000c\000o\000l\000a\000r\000\040\000m\000\363\000v\000i\000l}{chapter.5}% 186
\BOOKMARK [2][-]{subsection.5.2.1}{\376\377\000O\000b\000j\000e\000t\000i\000v\000o}{section.5.2}% 187
\BOOKMARK [2][-]{subsection.5.2.2}{\376\377\000D\000i\000s\000e\000\361\000o}{section.5.2}% 188
\BOOKMARK [2][-]{subsection.5.2.3}{\376\377\000S\000a\000l\000i\000d\000a\000s}{section.5.2}% 189
\BOOKMARK [2][-]{subsection.5.2.4}{\376\377\000E\000n\000t\000r\000a\000d\000a\000s}{section.5.2}% 190
\BOOKMARK [2][-]{subsection.5.2.5}{\376\377\000C\000o\000m\000a\000n\000d\000o\000s}{section.5.2}% 191
\BOOKMARK [2][-]{subsection.5.2.6}{\376\377\000M\000e\000n\000s\000a\000j\000e\000s}{section.5.2}% 192
\BOOKMARK [1][-]{section.5.3}{\376\377\000I\000U\0000\0002\000\040\000P\000a\000n\000t\000a\000l\000l\000a\000\040\000C\000o\000n\000s\000u\000l\000t\000a\000r\000\040\000c\000a\000l\000e\000n\000d\000a\000r\000i\000o\000\040\000e\000s\000c\000o\000l\000a\000r}{chapter.5}% 193
\BOOKMARK [2][-]{subsection.5.3.1}{\376\377\000O\000b\000j\000e\000t\000i\000v\000o}{section.5.3}% 194
\BOOKMARK [2][-]{subsection.5.3.2}{\376\377\000D\000i\000s\000e\000\361\000o}{section.5.3}% 195
\BOOKMARK [2][-]{subsection.5.3.3}{\376\377\000S\000a\000l\000i\000d\000a\000s}{section.5.3}% 196
\BOOKMARK [2][-]{subsection.5.3.4}{\376\377\000E\000n\000t\000r\000a\000d\000a\000s}{section.5.3}% 197
\BOOKMARK [2][-]{subsection.5.3.5}{\376\377\000C\000o\000m\000a\000n\000d\000o\000s}{section.5.3}% 198
\BOOKMARK [2][-]{subsection.5.3.6}{\376\377\000M\000e\000n\000s\000a\000j\000e\000s}{section.5.3}% 199
\BOOKMARK [1][-]{section.5.4}{\376\377\000I\000U\0000\0003\000\040\000P\000a\000n\000t\000a\000l\000l\000a\000\040\000C\000o\000n\000s\000u\000l\000t\000a\000r\000\040\000n\000o\000t\000i\000f\000i\000c\000a\000c\000i\000o\000n\000e\000s}{chapter.5}% 200
\BOOKMARK [2][-]{subsection.5.4.1}{\376\377\000O\000b\000j\000e\000t\000i\000v\000o}{section.5.4}% 201
\BOOKMARK [2][-]{subsection.5.4.2}{\376\377\000D\000i\000s\000e\000\361\000o}{section.5.4}% 202
\BOOKMARK [2][-]{subsection.5.4.3}{\376\377\000S\000a\000l\000i\000d\000a\000s}{section.5.4}% 203
\BOOKMARK [2][-]{subsection.5.4.4}{\376\377\000E\000n\000t\000r\000a\000d\000a\000s}{section.5.4}% 204
\BOOKMARK [2][-]{subsection.5.4.5}{\376\377\000C\000o\000m\000a\000n\000d\000o\000s}{section.5.4}% 205
\BOOKMARK [2][-]{subsection.5.4.6}{\376\377\000M\000e\000n\000s\000a\000j\000e\000s}{section.5.4}% 206
\BOOKMARK [1][-]{section.5.5}{\376\377\000I\000U\0000\0004\000\040\000P\000a\000n\000t\000a\000l\000l\000a\000\040\000P\000e\000r\000i\000o\000d\000o\000\040\000d\000e\000\040\000E\000T\000S}{chapter.5}% 207
\BOOKMARK [2][-]{subsection.5.5.1}{\376\377\000O\000b\000j\000e\000t\000i\000v\000o}{section.5.5}% 208
\BOOKMARK [2][-]{subsection.5.5.2}{\376\377\000D\000i\000s\000e\000\361\000o}{section.5.5}% 209
\BOOKMARK [2][-]{subsection.5.5.3}{\376\377\000S\000a\000l\000i\000d\000a\000s}{section.5.5}% 210
\BOOKMARK [2][-]{subsection.5.5.4}{\376\377\000E\000n\000t\000r\000a\000d\000a\000s}{section.5.5}% 211
\BOOKMARK [2][-]{subsection.5.5.5}{\376\377\000C\000o\000m\000a\000n\000d\000o\000s}{section.5.5}% 212
\BOOKMARK [2][-]{subsection.5.5.6}{\376\377\000M\000e\000n\000s\000a\000j\000e\000s}{section.5.5}% 213
\BOOKMARK [1][-]{section.5.6}{\376\377\000I\000U\0000\0005\000\040\000P\000a\000n\000t\000a\000l\000l\000a\000\040\000C\000o\000n\000s\000u\000l\000t\000a\000r\000\040\000E\000T\000S}{chapter.5}% 214
\BOOKMARK [2][-]{subsection.5.6.1}{\376\377\000O\000b\000j\000e\000t\000i\000v\000o}{section.5.6}% 215
\BOOKMARK [2][-]{subsection.5.6.2}{\376\377\000D\000i\000s\000e\000\361\000o}{section.5.6}% 216
\BOOKMARK [2][-]{subsection.5.6.3}{\376\377\000S\000a\000l\000i\000d\000a\000s}{section.5.6}% 217
\BOOKMARK [2][-]{subsection.5.6.4}{\376\377\000E\000n\000t\000r\000a\000d\000a\000s}{section.5.6}% 218
\BOOKMARK [2][-]{subsection.5.6.5}{\376\377\000C\000o\000m\000a\000n\000d\000o\000s}{section.5.6}% 219
\BOOKMARK [2][-]{subsection.5.6.6}{\376\377\000M\000e\000n\000s\000a\000j\000e\000s}{section.5.6}% 220
\BOOKMARK [1][-]{section.5.7}{\376\377\000I\000U\0000\0006\000\040\000P\000a\000n\000t\000a\000l\000l\000a\000\040\000I\000n\000f\000o\000r\000m\000a\000c\000i\000\363\000n\000\040\000d\000e\000\040\000E\000T\000S}{chapter.5}% 221
\BOOKMARK [2][-]{subsection.5.7.1}{\376\377\000O\000b\000j\000e\000t\000i\000v\000o}{section.5.7}% 222
\BOOKMARK [2][-]{subsection.5.7.2}{\376\377\000D\000i\000s\000e\000\361\000o}{section.5.7}% 223
\BOOKMARK [2][-]{subsection.5.7.3}{\376\377\000S\000a\000l\000i\000d\000a\000s}{section.5.7}% 224
\BOOKMARK [2][-]{subsection.5.7.4}{\376\377\000E\000n\000t\000r\000a\000d\000a\000s}{section.5.7}% 225
\BOOKMARK [2][-]{subsection.5.7.5}{\376\377\000C\000o\000m\000a\000n\000d\000o\000s}{section.5.7}% 226
\BOOKMARK [2][-]{subsection.5.7.6}{\376\377\000M\000e\000n\000s\000a\000j\000e\000s}{section.5.7}% 227
\BOOKMARK [1][-]{section.5.8}{\376\377\000I\000U\0000\0008\000\040\000P\000a\000n\000t\000a\000l\000l\000a\000\040\000L\000i\000s\000t\000a\000\040\000d\000e\000\040\000a\000s\000i\000s\000t\000e\000n\000c\000i\000a\000\040\000d\000e\000\040\000E\000T\000S}{chapter.5}% 228
\BOOKMARK [2][-]{subsection.5.8.1}{\376\377\000O\000b\000j\000e\000t\000i\000v\000o}{section.5.8}% 229
\BOOKMARK [2][-]{subsection.5.8.2}{\376\377\000D\000i\000s\000e\000\361\000o}{section.5.8}% 230
\BOOKMARK [2][-]{subsection.5.8.3}{\376\377\000S\000a\000l\000i\000d\000a\000s}{section.5.8}% 231
\BOOKMARK [2][-]{subsection.5.8.4}{\376\377\000E\000n\000t\000r\000a\000d\000a\000s}{section.5.8}% 232
\BOOKMARK [2][-]{subsection.5.8.5}{\376\377\000C\000o\000m\000a\000n\000d\000o\000s}{section.5.8}% 233
\BOOKMARK [2][-]{subsection.5.8.6}{\376\377\000M\000e\000n\000s\000a\000j\000e\000s}{section.5.8}% 234
\BOOKMARK [1][-]{section.5.9}{\376\377\000I\000U\0000\0009\000\040\000A\000s\000i\000g\000n\000a\000r\000\040\000d\000o\000c\000e\000n\000t\000e\000\040\000d\000e\000\040\000r\000e\000m\000p\000l\000a\000z\000o}{chapter.5}% 235
\BOOKMARK [2][-]{subsection.5.9.1}{\376\377\000O\000b\000j\000e\000t\000i\000v\000o}{section.5.9}% 236
\BOOKMARK [2][-]{subsection.5.9.2}{\376\377\000D\000i\000s\000e\000\361\000o}{section.5.9}% 237
\BOOKMARK [2][-]{subsection.5.9.3}{\376\377\000S\000a\000l\000i\000d\000a\000s}{section.5.9}% 238
\BOOKMARK [2][-]{subsection.5.9.4}{\376\377\000E\000n\000t\000r\000a\000d\000a\000s}{section.5.9}% 239
\BOOKMARK [2][-]{subsection.5.9.5}{\376\377\000C\000o\000m\000a\000n\000d\000o\000s}{section.5.9}% 240
\BOOKMARK [2][-]{subsection.5.9.6}{\376\377\000M\000e\000n\000s\000a\000j\000e\000s}{section.5.9}% 241
\BOOKMARK [1][-]{section.5.10}{\376\377\000I\000U\0001\0000\000\040\000P\000a\000n\000t\000a\000l\000l\000a\000\040\000C\000\363\000d\000i\000g\000o\000\040\000Q\000R}{chapter.5}% 242
\BOOKMARK [2][-]{subsection.5.10.1}{\376\377\000O\000b\000j\000e\000t\000i\000v\000o}{section.5.10}% 243
\BOOKMARK [2][-]{subsection.5.10.2}{\376\377\000D\000i\000s\000e\000\361\000o}{section.5.10}% 244
\BOOKMARK [2][-]{subsection.5.10.3}{\376\377\000S\000a\000l\000i\000d\000a\000s}{section.5.10}% 245
\BOOKMARK [2][-]{subsection.5.10.4}{\376\377\000E\000n\000t\000r\000a\000d\000a\000s}{section.5.10}% 246
\BOOKMARK [2][-]{subsection.5.10.5}{\376\377\000C\000o\000m\000a\000n\000d\000o\000s}{section.5.10}% 247
\BOOKMARK [2][-]{subsection.5.10.6}{\376\377\000M\000e\000n\000s\000a\000j\000e\000s}{section.5.10}% 248
\BOOKMARK [1][-]{section.5.11}{\376\377\000I\000U\0001\0001\000\040\000P\000a\000n\000t\000a\000l\000l\000a\000\040\000C\000r\000e\000d\000e\000n\000c\000i\000a\000l\000\040\000d\000e\000l\000\040\000a\000l\000u\000m\000n\000o}{chapter.5}% 249
\BOOKMARK [2][-]{subsection.5.11.1}{\376\377\000O\000b\000j\000e\000t\000i\000v\000o}{section.5.11}% 250
\BOOKMARK [2][-]{subsection.5.11.2}{\376\377\000D\000i\000s\000e\000\361\000o}{section.5.11}% 251
\BOOKMARK [2][-]{subsection.5.11.3}{\376\377\000S\000a\000l\000i\000d\000a\000s}{section.5.11}% 252
\BOOKMARK [2][-]{subsection.5.11.4}{\376\377\000E\000n\000t\000r\000a\000d\000a\000s}{section.5.11}% 253
\BOOKMARK [2][-]{subsection.5.11.5}{\376\377\000C\000o\000m\000a\000n\000d\000o\000s}{section.5.11}% 254
\BOOKMARK [2][-]{subsection.5.11.6}{\376\377\000M\000e\000n\000s\000a\000j\000e\000s}{section.5.11}% 255
\BOOKMARK [1][-]{section.5.12}{\376\377\000I\000U\0001\0002\000\040\000P\000a\000n\000t\000a\000l\000l\000a\000\040\000B\000u\000s\000c\000a\000r\000\040\000a\000l\000u\000m\000n\000o}{chapter.5}% 256
\BOOKMARK [2][-]{subsection.5.12.1}{\376\377\000O\000b\000j\000e\000t\000i\000v\000o}{section.5.12}% 257
\BOOKMARK [2][-]{subsection.5.12.2}{\376\377\000D\000i\000s\000e\000\361\000o}{section.5.12}% 258
\BOOKMARK [2][-]{subsection.5.12.3}{\376\377\000S\000a\000l\000i\000d\000a\000s}{section.5.12}% 259
\BOOKMARK [2][-]{subsection.5.12.4}{\376\377\000E\000n\000t\000r\000a\000d\000a\000s}{section.5.12}% 260
\BOOKMARK [2][-]{subsection.5.12.5}{\376\377\000C\000o\000m\000a\000n\000d\000o\000s}{section.5.12}% 261
\BOOKMARK [2][-]{subsection.5.12.6}{\376\377\000M\000e\000n\000s\000a\000j\000e\000s}{section.5.12}% 262
\BOOKMARK [1][-]{section.5.13}{\376\377\000I\000U\0001\0003\000\040\000P\000a\000n\000t\000a\000l\000l\000a\000\040\000c\000o\000n\000s\000u\000l\000t\000a\000r\000\040\000l\000i\000s\000t\000a\000\040\000d\000e\000\040\000a\000l\000u\000m\000n\000o\000s\000\040\000i\000n\000s\000c\000r\000i\000t\000o\000s\000\040\000a\000\040\000u\000n\000\040\000E\000T\000S}{chapter.5}% 263
\BOOKMARK [2][-]{subsection.5.13.1}{\376\377\000O\000b\000j\000e\000t\000i\000v\000o}{section.5.13}% 264
\BOOKMARK [2][-]{subsection.5.13.2}{\376\377\000D\000i\000s\000e\000\361\000o}{section.5.13}% 265
\BOOKMARK [2][-]{subsection.5.13.3}{\376\377\000S\000a\000l\000i\000d\000a\000s}{section.5.13}% 266
\BOOKMARK [2][-]{subsection.5.13.4}{\376\377\000E\000n\000t\000r\000a\000d\000a\000s}{section.5.13}% 267
\BOOKMARK [2][-]{subsection.5.13.5}{\376\377\000C\000o\000m\000a\000n\000d\000o\000s}{section.5.13}% 268
\BOOKMARK [2][-]{subsection.5.13.6}{\376\377\000M\000e\000n\000s\000a\000j\000e\000s}{section.5.13}% 269
\BOOKMARK [1][-]{section.5.14}{\376\377\000I\000U\0001\0004\000\040\000P\000a\000n\000t\000a\000l\000l\000a\000\040\000P\000e\000r\000i\000o\000d\000o\000\040\000d\000e\000\040\000E\000T\000S\000\040\000d\000e\000l\000\040\000a\000l\000u\000m\000n\000o}{chapter.5}% 270
\BOOKMARK [2][-]{subsection.5.14.1}{\376\377\000O\000b\000j\000e\000t\000i\000v\000o}{section.5.14}% 271
\BOOKMARK [2][-]{subsection.5.14.2}{\376\377\000D\000i\000s\000e\000\361\000o}{section.5.14}% 272
\BOOKMARK [2][-]{subsection.5.14.3}{\376\377\000S\000a\000l\000i\000d\000a\000s}{section.5.14}% 273
\BOOKMARK [2][-]{subsection.5.14.4}{\376\377\000E\000n\000t\000r\000a\000d\000a\000s}{section.5.14}% 274
\BOOKMARK [2][-]{subsection.5.14.5}{\376\377\000C\000o\000m\000a\000n\000d\000o\000s}{section.5.14}% 275
\BOOKMARK [2][-]{subsection.5.14.6}{\376\377\000M\000e\000n\000s\000a\000j\000e\000s}{section.5.14}% 276
\BOOKMARK [1][-]{section.5.15}{\376\377\000I\000U\0001\0005\000\040\000P\000a\000n\000t\000a\000l\000l\000a\000\040\000C\000o\000n\000s\000u\000l\000t\000a\000r\000\040\000E\000T\000S\000\040\000d\000e\000l\000\040\000a\000l\000u\000m\000n\000o}{chapter.5}% 277
\BOOKMARK [2][-]{subsection.5.15.1}{\376\377\000O\000b\000j\000e\000t\000i\000v\000o}{section.5.15}% 278
\BOOKMARK [2][-]{subsection.5.15.2}{\376\377\000D\000i\000s\000e\000\361\000o}{section.5.15}% 279
\BOOKMARK [2][-]{subsection.5.15.3}{\376\377\000S\000a\000l\000i\000d\000a\000s}{section.5.15}% 280
\BOOKMARK [2][-]{subsection.5.15.4}{\376\377\000E\000n\000t\000r\000a\000d\000a\000s}{section.5.15}% 281
\BOOKMARK [2][-]{subsection.5.15.5}{\376\377\000C\000o\000m\000a\000n\000d\000o\000s}{section.5.15}% 282
\BOOKMARK [2][-]{subsection.5.15.6}{\376\377\000M\000e\000n\000s\000a\000j\000e\000s}{section.5.15}% 283
\BOOKMARK [1][-]{section.5.16}{\376\377\000I\000U\0001\0006\000\040\000P\000a\000n\000t\000a\000l\000l\000a\000\040\000I\000n\000f\000o\000r\000m\000a\000c\000i\000\363\000n\000\040\000d\000e\000\040\000E\000T\000S}{chapter.5}% 284
\BOOKMARK [2][-]{subsection.5.16.1}{\376\377\000O\000b\000j\000e\000t\000i\000v\000o}{section.5.16}% 285
\BOOKMARK [2][-]{subsection.5.16.2}{\376\377\000D\000i\000s\000e\000\361\000o}{section.5.16}% 286
\BOOKMARK [2][-]{subsection.5.16.3}{\376\377\000S\000a\000l\000i\000d\000a\000s}{section.5.16}% 287
\BOOKMARK [2][-]{subsection.5.16.4}{\376\377\000E\000n\000t\000r\000a\000d\000a\000s}{section.5.16}% 288
\BOOKMARK [2][-]{subsection.5.16.5}{\376\377\000C\000o\000m\000a\000n\000d\000o\000s}{section.5.16}% 289
\BOOKMARK [2][-]{subsection.5.16.6}{\376\377\000M\000e\000n\000s\000a\000j\000e\000s}{section.5.16}% 290
\BOOKMARK [1][-]{section.5.17}{\376\377\000I\000U\0001\0007\000\040\000P\000a\000n\000t\000a\000l\000l\000a\000\040\000d\000e\000\040\000R\000e\000c\000o\000n\000o\000c\000i\000m\000i\000e\000n\000t\000o\000\040\000f\000a\000c\000i\000a\000l}{chapter.5}% 291
\BOOKMARK [2][-]{subsection.5.17.1}{\376\377\000O\000b\000j\000e\000t\000i\000v\000o}{section.5.17}% 292
\BOOKMARK [2][-]{subsection.5.17.2}{\376\377\000D\000i\000s\000e\000\361\000o}{section.5.17}% 293
\BOOKMARK [2][-]{subsection.5.17.3}{\376\377\000S\000a\000l\000i\000d\000a\000s}{section.5.17}% 294
\BOOKMARK [2][-]{subsection.5.17.4}{\376\377\000E\000n\000t\000r\000a\000d\000a\000s}{section.5.17}% 295
\BOOKMARK [2][-]{subsection.5.17.5}{\376\377\000C\000o\000m\000a\000n\000d\000o\000s}{section.5.17}% 296
\BOOKMARK [2][-]{subsection.5.17.6}{\376\377\000M\000e\000n\000s\000a\000j\000e\000s}{section.5.17}% 297
\BOOKMARK [1][-]{section.5.18}{\376\377\000I\000U\0001\0008\000\040\000P\000a\000n\000t\000a\000l\000l\000a\000\040\000d\000e\000\040\000D\000e\000t\000a\000l\000l\000e\000s\000\040\000d\000e\000l\000\040\000p\000r\000o\000c\000e\000s\000o\000\040\000d\000e\000\040\000E\000T\000S}{chapter.5}% 298
\BOOKMARK [2][-]{subsection.5.18.1}{\376\377\000O\000b\000j\000e\000t\000i\000v\000o}{section.5.18}% 299
\BOOKMARK [2][-]{subsection.5.18.2}{\376\377\000D\000i\000s\000e\000\361\000o}{section.5.18}% 300
\BOOKMARK [2][-]{subsection.5.18.3}{\376\377\000S\000a\000l\000i\000d\000a\000s}{section.5.18}% 301
\BOOKMARK [2][-]{subsection.5.18.4}{\376\377\000E\000n\000t\000r\000a\000d\000a\000s}{section.5.18}% 302
\BOOKMARK [2][-]{subsection.5.18.5}{\376\377\000C\000o\000m\000a\000n\000d\000o\000s}{section.5.18}% 303
\BOOKMARK [2][-]{subsection.5.18.6}{\376\377\000M\000e\000n\000s\000a\000j\000e\000s}{section.5.18}% 304
\BOOKMARK [1][-]{section.5.19}{\376\377\000I\000U\0001\0009\000\040\000P\000a\000n\000t\000a\000l\000l\000a\000\040\000d\000e\000\040\000R\000e\000c\000o\000n\000o\000c\000i\000m\000i\000e\000n\000t\000o\000\040\000f\000a\000c\000i\000a\000l\000\040\000a\000l\000u\000m\000n\000o}{chapter.5}% 305
\BOOKMARK [2][-]{subsection.5.19.1}{\376\377\000O\000b\000j\000e\000t\000i\000v\000o}{section.5.19}% 306
\BOOKMARK [2][-]{subsection.5.19.2}{\376\377\000D\000i\000s\000e\000\361\000o}{section.5.19}% 307
\BOOKMARK [2][-]{subsection.5.19.3}{\376\377\000S\000a\000l\000i\000d\000a\000s}{section.5.19}% 308
\BOOKMARK [2][-]{subsection.5.19.4}{\376\377\000E\000n\000t\000r\000a\000d\000a\000s}{section.5.19}% 309
\BOOKMARK [2][-]{subsection.5.19.5}{\376\377\000C\000o\000m\000a\000n\000d\000o\000s}{section.5.19}% 310
\BOOKMARK [2][-]{subsection.5.19.6}{\376\377\000M\000e\000n\000s\000a\000j\000e\000s}{section.5.19}% 311
\BOOKMARK [1][-]{section.5.20}{\376\377\000I\000U\0002\0000\000\040\000M\000o\000s\000t\000r\000a\000r\000\040\000l\000a\000\040\000f\000o\000t\000o\000\040\000e\000\040\000i\000n\000f\000o\000r\000m\000a\000c\000i\000\363\000n\000\040\000d\000e\000l\000\040\000a\000l\000u\000m\000n\000o}{chapter.5}% 312
\BOOKMARK [2][-]{subsection.5.20.1}{\376\377\000O\000b\000j\000e\000t\000i\000v\000o}{section.5.20}% 313
\BOOKMARK [2][-]{subsection.5.20.2}{\376\377\000D\000i\000s\000e\000\361\000o}{section.5.20}% 314
\BOOKMARK [2][-]{subsection.5.20.3}{\376\377\000S\000a\000l\000i\000d\000a\000s}{section.5.20}% 315
\BOOKMARK [2][-]{subsection.5.20.4}{\376\377\000E\000n\000t\000r\000a\000d\000a\000s}{section.5.20}% 316
\BOOKMARK [2][-]{subsection.5.20.5}{\376\377\000C\000o\000m\000a\000n\000d\000o\000s}{section.5.20}% 317
\BOOKMARK [2][-]{subsection.5.20.6}{\376\377\000M\000e\000n\000s\000a\000j\000e\000s}{section.5.20}% 318
\BOOKMARK [1][-]{section.5.21}{\376\377\000I\000U\0002\0001\000\040\000D\000a\000r\000\040\000d\000e\000\040\000a\000l\000t\000a\000\040\000a\000\040\000a\000l\000u\000m\000n\000o}{chapter.5}% 319
\BOOKMARK [2][-]{subsection.5.21.1}{\376\377\000O\000b\000j\000e\000t\000i\000v\000o}{section.5.21}% 320
\BOOKMARK [2][-]{subsection.5.21.2}{\376\377\000D\000i\000s\000e\000\361\000o}{section.5.21}% 321
\BOOKMARK [2][-]{subsection.5.21.3}{\376\377\000S\000a\000l\000i\000d\000a\000s}{section.5.21}% 322
\BOOKMARK [2][-]{subsection.5.21.4}{\376\377\000E\000n\000t\000r\000a\000d\000a\000s}{section.5.21}% 323
\BOOKMARK [2][-]{subsection.5.21.5}{\376\377\000C\000o\000m\000a\000n\000d\000o\000s}{section.5.21}% 324
\BOOKMARK [2][-]{subsection.5.21.6}{\376\377\000M\000e\000n\000s\000a\000j\000e\000s}{section.5.21}% 325
\BOOKMARK [1][-]{section.5.22}{\376\377\000I\000U\0002\0002\000\040\000C\000r\000e\000a\000r\000\040\000c\000r\000e\000d\000e\000n\000c\000i\000a\000l}{chapter.5}% 326
\BOOKMARK [2][-]{subsection.5.22.1}{\376\377\000O\000b\000j\000e\000t\000i\000v\000o}{section.5.22}% 327
\BOOKMARK [2][-]{subsection.5.22.2}{\376\377\000D\000i\000s\000e\000\361\000o}{section.5.22}% 328
\BOOKMARK [2][-]{subsection.5.22.3}{\376\377\000S\000a\000l\000i\000d\000a\000s}{section.5.22}% 329
\BOOKMARK [2][-]{subsection.5.22.4}{\376\377\000E\000n\000t\000r\000a\000d\000a\000s}{section.5.22}% 330
\BOOKMARK [2][-]{subsection.5.22.5}{\376\377\000C\000o\000m\000a\000n\000d\000o\000s}{section.5.22}% 331
\BOOKMARK [2][-]{subsection.5.22.6}{\376\377\000M\000e\000n\000s\000a\000j\000e\000s}{section.5.22}% 332
\BOOKMARK [1][-]{section.5.23}{\376\377\000I\000U\0002\0003\000\040\000C\000a\000p\000t\000u\000r\000a\000r\000\040\000f\000o\000t\000o\000g\000r\000a\000f\000\355\000a\000\040\000e\000s\000t\000u\000d\000i\000a\000n\000t\000i\000l}{chapter.5}% 333
\BOOKMARK [2][-]{subsection.5.23.1}{\376\377\000O\000b\000j\000e\000t\000i\000v\000o}{section.5.23}% 334
\BOOKMARK [2][-]{subsection.5.23.2}{\376\377\000D\000i\000s\000e\000\361\000o}{section.5.23}% 335
\BOOKMARK [2][-]{subsection.5.23.3}{\376\377\000S\000a\000l\000i\000d\000a\000s}{section.5.23}% 336
\BOOKMARK [2][-]{subsection.5.23.4}{\376\377\000E\000n\000t\000r\000a\000d\000a\000s}{section.5.23}% 337
\BOOKMARK [2][-]{subsection.5.23.5}{\376\377\000C\000o\000m\000a\000n\000d\000o\000s}{section.5.23}% 338
\BOOKMARK [2][-]{subsection.5.23.6}{\376\377\000M\000e\000n\000s\000a\000j\000e\000s}{section.5.23}% 339
\BOOKMARK [1][-]{section.5.24}{\376\377\000I\000U\0002\0004\000\040\000C\000o\000n\000s\000u\000l\000t\000a\000r\000\040\000l\000i\000s\000t\000a\000\040\000d\000e\000\040\000p\000e\000r\000i\000o\000d\000o\000\040\000d\000e\000\040\000E\000T\000S}{chapter.5}% 340
\BOOKMARK [2][-]{subsection.5.24.1}{\376\377\000O\000b\000j\000e\000t\000i\000v\000o}{section.5.24}% 341
\BOOKMARK [2][-]{subsection.5.24.2}{\376\377\000D\000i\000s\000e\000\361\000o}{section.5.24}% 342
\BOOKMARK [2][-]{subsection.5.24.3}{\376\377\000S\000a\000l\000i\000d\000a\000s}{section.5.24}% 343
\BOOKMARK [2][-]{subsection.5.24.4}{\376\377\000E\000n\000t\000r\000a\000d\000a\000s}{section.5.24}% 344
\BOOKMARK [2][-]{subsection.5.24.5}{\376\377\000C\000o\000m\000a\000n\000d\000o\000s}{section.5.24}% 345
\BOOKMARK [2][-]{subsection.5.24.6}{\376\377\000M\000e\000n\000s\000a\000j\000e\000s}{section.5.24}% 346
\BOOKMARK [1][-]{section.5.25}{\376\377\000I\000U\0002\0005\000\040\000D\000a\000r\000\040\000d\000e\000\040\000a\000l\000t\000a\000\040\000d\000e\000\040\000p\000e\000r\000i\000o\000d\000o\000\040\000d\000e\000\040\000E\000T\000S}{chapter.5}% 347
\BOOKMARK [2][-]{subsection.5.25.1}{\376\377\000O\000b\000j\000e\000t\000i\000v\000o}{section.5.25}% 348
\BOOKMARK [2][-]{subsection.5.25.2}{\376\377\000D\000i\000s\000e\000\361\000o}{section.5.25}% 349
\BOOKMARK [2][-]{subsection.5.25.3}{\376\377\000S\000a\000l\000i\000d\000a\000s}{section.5.25}% 350
\BOOKMARK [2][-]{subsection.5.25.4}{\376\377\000E\000n\000t\000r\000a\000d\000a\000s}{section.5.25}% 351
\BOOKMARK [2][-]{subsection.5.25.5}{\376\377\000C\000o\000m\000a\000n\000d\000o\000s}{section.5.25}% 352
\BOOKMARK [2][-]{subsection.5.25.6}{\376\377\000M\000e\000n\000s\000a\000j\000e\000s}{section.5.25}% 353
\BOOKMARK [1][-]{section.5.26}{\376\377\000I\000U\0002\0006\000\040\000C\000o\000n\000s\000u\000l\000t\000a\000r\000\040\000l\000i\000s\000t\000a\000\040\000d\000e\000\040\000E\000T\000S}{chapter.5}% 354
\BOOKMARK [2][-]{subsection.5.26.1}{\376\377\000O\000b\000j\000e\000t\000i\000v\000o}{section.5.26}% 355
\BOOKMARK [2][-]{subsection.5.26.2}{\376\377\000D\000i\000s\000e\000\361\000o}{section.5.26}% 356
\BOOKMARK [2][-]{subsection.5.26.3}{\376\377\000S\000a\000l\000i\000d\000a\000s}{section.5.26}% 357
\BOOKMARK [2][-]{subsection.5.26.4}{\376\377\000E\000n\000t\000r\000a\000d\000a\000s}{section.5.26}% 358
\BOOKMARK [2][-]{subsection.5.26.5}{\376\377\000C\000o\000m\000a\000n\000d\000o\000s}{section.5.26}% 359
\BOOKMARK [2][-]{subsection.5.26.6}{\376\377\000M\000e\000n\000s\000a\000j\000e\000s}{section.5.26}% 360
\BOOKMARK [1][-]{section.5.27}{\376\377\000I\000U\0002\0007\000\040\000D\000a\000r\000\040\000d\000e\000\040\000a\000l\000t\000a\000\040\000E\000T\000S}{chapter.5}% 361
\BOOKMARK [2][-]{subsection.5.27.1}{\376\377\000O\000b\000j\000e\000t\000i\000v\000o}{section.5.27}% 362
\BOOKMARK [2][-]{subsection.5.27.2}{\376\377\000D\000i\000s\000e\000\361\000o}{section.5.27}% 363
\BOOKMARK [2][-]{subsection.5.27.3}{\376\377\000S\000a\000l\000i\000d\000a\000s}{section.5.27}% 364
\BOOKMARK [2][-]{subsection.5.27.4}{\376\377\000E\000n\000t\000r\000a\000d\000a\000s}{section.5.27}% 365
\BOOKMARK [2][-]{subsection.5.27.5}{\376\377\000C\000o\000m\000a\000n\000d\000o\000s}{section.5.27}% 366
\BOOKMARK [2][-]{subsection.5.27.6}{\376\377\000M\000e\000n\000s\000a\000j\000e\000s}{section.5.27}% 367
\BOOKMARK [1][-]{section.5.28}{\376\377\000I\000U\0002\0008\000\040\000C\000o\000n\000s\000u\000l\000t\000a\000r\000\040\000l\000i\000s\000t\000a\000\040\000d\000e\000\040\000p\000e\000r\000s\000o\000n\000a\000l\000\040\000d\000e\000\040\000s\000e\000g\000u\000r\000i\000d\000a\000d}{chapter.5}% 368
\BOOKMARK [2][-]{subsection.5.28.1}{\376\377\000O\000b\000j\000e\000t\000i\000v\000o}{section.5.28}% 369
\BOOKMARK [2][-]{subsection.5.28.2}{\376\377\000D\000i\000s\000e\000\361\000o}{section.5.28}% 370
\BOOKMARK [2][-]{subsection.5.28.3}{\376\377\000S\000a\000l\000i\000d\000a\000s}{section.5.28}% 371
\BOOKMARK [2][-]{subsection.5.28.4}{\376\377\000E\000n\000t\000r\000a\000d\000a\000s}{section.5.28}% 372
\BOOKMARK [2][-]{subsection.5.28.5}{\376\377\000C\000o\000m\000a\000n\000d\000o\000s}{section.5.28}% 373
\BOOKMARK [2][-]{subsection.5.28.6}{\376\377\000M\000e\000n\000s\000a\000j\000e\000s}{section.5.28}% 374
\BOOKMARK [1][-]{section.5.29}{\376\377\000I\000U\0002\0009\000\040\000D\000a\000r\000\040\000d\000e\000\040\000a\000l\000t\000a\000\040\000p\000e\000r\000s\000o\000n\000a\000l\000\040\000d\000e\000\040\000s\000e\000g\000u\000r\000i\000d\000a\000d}{chapter.5}% 375
\BOOKMARK [2][-]{subsection.5.29.1}{\376\377\000O\000b\000j\000e\000t\000i\000v\000o}{section.5.29}% 376
\BOOKMARK [2][-]{subsection.5.29.2}{\376\377\000D\000i\000s\000e\000\361\000o}{section.5.29}% 377
\BOOKMARK [2][-]{subsection.5.29.3}{\376\377\000S\000a\000l\000i\000d\000a\000s}{section.5.29}% 378
\BOOKMARK [2][-]{subsection.5.29.4}{\376\377\000E\000n\000t\000r\000a\000d\000a\000s}{section.5.29}% 379
\BOOKMARK [2][-]{subsection.5.29.5}{\376\377\000C\000o\000m\000a\000n\000d\000o\000s}{section.5.29}% 380
\BOOKMARK [2][-]{subsection.5.29.6}{\376\377\000M\000e\000n\000s\000a\000j\000e\000s}{section.5.29}% 381
\BOOKMARK [1][-]{section.5.30}{\376\377\000I\000U\0003\0000\000\040\000C\000o\000n\000s\000u\000l\000t\000a\000r\000\040\000l\000i\000s\000t\000a\000\040\000d\000e\000\040\000d\000o\000c\000e\000n\000t\000e\000s}{chapter.5}% 382
\BOOKMARK [2][-]{subsection.5.30.1}{\376\377\000O\000b\000j\000e\000t\000i\000v\000o}{section.5.30}% 383
\BOOKMARK [2][-]{subsection.5.30.2}{\376\377\000D\000i\000s\000e\000\361\000o}{section.5.30}% 384
\BOOKMARK [2][-]{subsection.5.30.3}{\376\377\000S\000a\000l\000i\000d\000a\000s}{section.5.30}% 385
\BOOKMARK [2][-]{subsection.5.30.4}{\376\377\000E\000n\000t\000r\000a\000d\000a\000s}{section.5.30}% 386
\BOOKMARK [2][-]{subsection.5.30.5}{\376\377\000C\000o\000m\000a\000n\000d\000o\000s}{section.5.30}% 387
\BOOKMARK [2][-]{subsection.5.30.6}{\376\377\000M\000e\000n\000s\000a\000j\000e\000s}{section.5.30}% 388
\BOOKMARK [1][-]{section.5.31}{\376\377\000I\000U\0003\0001\000\040\000D\000a\000r\000\040\000d\000e\000\040\000a\000l\000t\000a\000\040\000d\000o\000c\000e\000n\000t\000e}{chapter.5}% 389
\BOOKMARK [2][-]{subsection.5.31.1}{\376\377\000O\000b\000j\000e\000t\000i\000v\000o}{section.5.31}% 390
\BOOKMARK [2][-]{subsection.5.31.2}{\376\377\000D\000i\000s\000e\000\361\000o}{section.5.31}% 391
\BOOKMARK [2][-]{subsection.5.31.3}{\376\377\000S\000a\000l\000i\000d\000a\000s}{section.5.31}% 392
\BOOKMARK [2][-]{subsection.5.31.4}{\376\377\000E\000n\000t\000r\000a\000d\000a\000s}{section.5.31}% 393
\BOOKMARK [2][-]{subsection.5.31.5}{\376\377\000C\000o\000m\000a\000n\000d\000o\000s}{section.5.31}% 394
\BOOKMARK [2][-]{subsection.5.31.6}{\376\377\000M\000e\000n\000s\000a\000j\000e\000s}{section.5.31}% 395
\BOOKMARK [1][-]{section.5.32}{\376\377\000I\000U\0003\0002\000\040\000I\000n\000i\000c\000i\000a\000r\000\040\000S\000o\000l\000i\000c\000i\000t\000a\000r\000\040\000d\000e\000s\000b\000l\000o\000q\000u\000e\000o\000\040\000d\000e\000\040\000c\000u\000e\000n\000t\000a}{chapter.5}% 396
\BOOKMARK [2][-]{subsection.5.32.1}{\376\377\000O\000b\000j\000e\000t\000i\000v\000o}{section.5.32}% 397
\BOOKMARK [2][-]{subsection.5.32.2}{\376\377\000D\000i\000s\000e\000\361\000o}{section.5.32}% 398
\BOOKMARK [2][-]{subsection.5.32.3}{\376\377\000S\000a\000l\000i\000d\000a\000s}{section.5.32}% 399
\BOOKMARK [2][-]{subsection.5.32.4}{\376\377\000E\000n\000t\000r\000a\000d\000a\000s}{section.5.32}% 400
\BOOKMARK [2][-]{subsection.5.32.5}{\376\377\000C\000o\000m\000a\000n\000d\000o\000s}{section.5.32}% 401
\BOOKMARK [2][-]{subsection.5.32.6}{\376\377\000M\000e\000n\000s\000a\000j\000e\000s}{section.5.32}% 402
\BOOKMARK [1][-]{section.5.33}{\376\377\000I\000U\0003\0003\000\040\000P\000a\000n\000t\000a\000l\000l\000a\000\040\000I\000n\000i\000c\000i\000a\000r\000\040\000s\000e\000s\000i\000\363\000n\000\040\000d\000e\000\040\000p\000e\000r\000s\000o\000n\000a\000l\000\040\000e\000s\000c\000o\000l\000a\000r\000\040\000w\000e\000b}{chapter.5}% 403
\BOOKMARK [2][-]{subsection.5.33.1}{\376\377\000O\000b\000j\000e\000t\000i\000v\000o}{section.5.33}% 404
\BOOKMARK [2][-]{subsection.5.33.2}{\376\377\000D\000i\000s\000e\000\361\000o}{section.5.33}% 405
\BOOKMARK [2][-]{subsection.5.33.3}{\376\377\000S\000a\000l\000i\000d\000a\000s}{section.5.33}% 406
\BOOKMARK [2][-]{subsection.5.33.4}{\376\377\000E\000n\000t\000r\000a\000d\000a\000s}{section.5.33}% 407
\BOOKMARK [2][-]{subsection.5.33.5}{\376\377\000C\000o\000m\000a\000n\000d\000o\000s}{section.5.33}% 408
\BOOKMARK [2][-]{subsection.5.33.6}{\376\377\000M\000e\000n\000s\000a\000j\000e\000s}{section.5.33}% 409
\BOOKMARK [1][-]{section.5.34}{\376\377\000I\000U\000E\0000\0001\000\040\000S\000a\000l\000u\000d\000o\000\040\000d\000e\000\040\000d\000o\000c\000e\000n\000t\000e}{chapter.5}% 410
\BOOKMARK [2][-]{subsection.5.34.1}{\376\377\000O\000b\000j\000e\000t\000i\000v\000o}{section.5.34}% 411
\BOOKMARK [2][-]{subsection.5.34.2}{\376\377\000D\000i\000s\000e\000\361\000o}{section.5.34}% 412
\BOOKMARK [2][-]{subsection.5.34.3}{\376\377\000S\000a\000l\000i\000d\000a\000s}{section.5.34}% 413
\BOOKMARK [2][-]{subsection.5.34.4}{\376\377\000E\000n\000t\000r\000a\000d\000a\000s}{section.5.34}% 414
\BOOKMARK [2][-]{subsection.5.34.5}{\376\377\000C\000o\000m\000a\000n\000d\000o\000s}{section.5.34}% 415
\BOOKMARK [2][-]{subsection.5.34.6}{\376\377\000M\000e\000n\000s\000a\000j\000e\000s}{section.5.34}% 416
\BOOKMARK [1][-]{section.5.35}{\376\377\000I\000U\000E\0000\0002\000\040\000s\000a\000l\000u\000d\000o\000\040\000d\000e\000\040\000p\000e\000r\000s\000o\000n\000a\000l\000\040\000d\000e\000\040\000s\000e\000g\000u\000r\000i\000d\000a\000d}{chapter.5}% 417
\BOOKMARK [2][-]{subsection.5.35.1}{\376\377\000O\000b\000j\000e\000t\000i\000v\000o}{section.5.35}% 418
\BOOKMARK [2][-]{subsection.5.35.2}{\376\377\000D\000i\000s\000e\000\361\000o}{section.5.35}% 419
\BOOKMARK [2][-]{subsection.5.35.3}{\376\377\000S\000a\000l\000i\000d\000a\000s}{section.5.35}% 420
\BOOKMARK [2][-]{subsection.5.35.4}{\376\377\000E\000n\000t\000r\000a\000d\000a\000s}{section.5.35}% 421
\BOOKMARK [2][-]{subsection.5.35.5}{\376\377\000C\000o\000m\000a\000n\000d\000o\000s}{section.5.35}% 422
\BOOKMARK [2][-]{subsection.5.35.6}{\376\377\000M\000e\000n\000s\000a\000j\000e\000s}{section.5.35}% 423
\BOOKMARK [1][-]{section.5.36}{\376\377\000I\000U\000E\0000\0003\000\040\000s\000a\000l\000u\000d\000o\000\040\000d\000e\000\040\000a\000l\000u\000m\000n\000o}{chapter.5}% 424
\BOOKMARK [2][-]{subsection.5.36.1}{\376\377\000O\000b\000j\000e\000t\000i\000v\000o}{section.5.36}% 425
\BOOKMARK [2][-]{subsection.5.36.2}{\376\377\000D\000i\000s\000e\000\361\000o}{section.5.36}% 426
\BOOKMARK [2][-]{subsection.5.36.3}{\376\377\000S\000a\000l\000i\000d\000a\000s}{section.5.36}% 427
\BOOKMARK [2][-]{subsection.5.36.4}{\376\377\000E\000n\000t\000r\000a\000d\000a\000s}{section.5.36}% 428
\BOOKMARK [2][-]{subsection.5.36.5}{\376\377\000C\000o\000m\000a\000n\000d\000o\000s}{section.5.36}% 429
\BOOKMARK [2][-]{subsection.5.36.6}{\376\377\000M\000e\000n\000s\000a\000j\000e\000s}{section.5.36}% 430
\BOOKMARK [1][-]{section.5.37}{\376\377\000I\000U\000E\0000\0004\000\040\000s\000a\000l\000u\000d\000o\000\040\000d\000e\000\040\000p\000e\000r\000s\000o\000n\000a\000l\000\040\000d\000e\000\040\000l\000a\000\040\000D\000A\000E}{chapter.5}% 431
\BOOKMARK [2][-]{subsection.5.37.1}{\376\377\000O\000b\000j\000e\000t\000i\000v\000o}{section.5.37}% 432
\BOOKMARK [2][-]{subsection.5.37.2}{\376\377\000D\000i\000s\000e\000\361\000o}{section.5.37}% 433
\BOOKMARK [2][-]{subsection.5.37.3}{\376\377\000S\000a\000l\000i\000d\000a\000s}{section.5.37}% 434
\BOOKMARK [2][-]{subsection.5.37.4}{\376\377\000E\000n\000t\000r\000a\000d\000a\000s}{section.5.37}% 435
\BOOKMARK [2][-]{subsection.5.37.5}{\376\377\000C\000o\000m\000a\000n\000d\000o\000s}{section.5.37}% 436
\BOOKMARK [2][-]{subsection.5.37.6}{\376\377\000M\000e\000n\000s\000a\000j\000e\000s}{section.5.37}% 437
\BOOKMARK [1][-]{section.5.38}{\376\377\000I\000U\000E\0000\0005\000\040\000s\000a\000l\000u\000d\000o\000\040\000d\000e\000\040\000p\000e\000r\000s\000o\000n\000a\000l\000\040\000d\000e\000\040\000g\000e\000s\000t\000i\000\363\000n\000\040\000e\000s\000c\000o\000l\000a\000r}{chapter.5}% 438
\BOOKMARK [2][-]{subsection.5.38.1}{\376\377\000O\000b\000j\000e\000t\000i\000v\000o}{section.5.38}% 439
\BOOKMARK [2][-]{subsection.5.38.2}{\376\377\000D\000i\000s\000e\000\361\000o}{section.5.38}% 440
\BOOKMARK [2][-]{subsection.5.38.3}{\376\377\000S\000a\000l\000i\000d\000a\000s}{section.5.38}% 441
\BOOKMARK [2][-]{subsection.5.38.4}{\376\377\000E\000n\000t\000r\000a\000d\000a\000s}{section.5.38}% 442
\BOOKMARK [2][-]{subsection.5.38.5}{\376\377\000C\000o\000m\000a\000n\000d\000o\000s}{section.5.38}% 443
\BOOKMARK [2][-]{subsection.5.38.6}{\376\377\000M\000e\000n\000s\000a\000j\000e\000s}{section.5.38}% 444
\BOOKMARK [1][-]{section.5.39}{\376\377\000I\000U\000E\0000\0006\000\040\000s\000a\000l\000u\000d\000o\000\040\000d\000e\000l\000\040\000p\000r\000e\000s\000i\000d\000e\000n\000t\000e\000\040\000d\000e\000\040\000a\000c\000a\000d\000e\000m\000i\000a\000\040\000y\000\040\000e\000l\000\040\000j\000e\000f\000e\000\040\000d\000e\000\040\000d\000e\000p\000a\000r\000t\000a\000m\000e\000n\000t\000o}{chapter.5}% 445
\BOOKMARK [2][-]{subsection.5.39.1}{\376\377\000O\000b\000j\000e\000t\000i\000v\000o}{section.5.39}% 446
\BOOKMARK [2][-]{subsection.5.39.2}{\376\377\000D\000i\000s\000e\000\361\000o}{section.5.39}% 447
\BOOKMARK [2][-]{subsection.5.39.3}{\376\377\000S\000a\000l\000i\000d\000a\000s}{section.5.39}% 448
\BOOKMARK [2][-]{subsection.5.39.4}{\376\377\000E\000n\000t\000r\000a\000d\000a\000s}{section.5.39}% 449
\BOOKMARK [2][-]{subsection.5.39.5}{\376\377\000C\000o\000m\000a\000n\000d\000o\000s}{section.5.39}% 450
\BOOKMARK [2][-]{subsection.5.39.6}{\376\377\000M\000e\000n\000s\000a\000j\000e\000s}{section.5.39}% 451
